[23/10 19:10:31] [info] HoliAloHola | connected
[23/10 19:10:31] [info] HoliAloHola | fetched user data : no value ; created it
[23/10 19:10:31] [info] HoliAloHola | pushing user 04774eed-105a-3097-b7d9-2a7eda79a8c0, active quests : 
[23/10 19:10:31] [info] HoliAloHola | fetching user quests : 
- user active quests : 
- filtered (non-cached) : 
[23/10 19:10:31] [info] HoliAloHola | fetched user quests : 
[23/10 20:03:29] [info] HoliAloHola | disposing user quests data : 
- must dispose quests
[23/10 20:03:29] [info] HoliAloHola | disposed user data
[23/10 20:03:29] [info] HoliAloHola | disconnected
[23/10 21:56:01] [info] HoliAloHola | connected
[23/10 21:56:01] [info] HoliAloHola | fetched user data : active quests 
[23/10 21:56:01] [info] HoliAloHola | fetching user quests : 
- user active quests : 
- filtered (non-cached) : 
[23/10 21:56:01] [info] HoliAloHola | fetched user quests : 
[23/10 22:03:42] [info] HoliAloHola | disposing user quests data : 
- must dispose quests
[23/10 22:03:42] [info] HoliAloHola | disposed user data
[23/10 22:03:42] [info] HoliAloHola | disconnected
