[16/10 21:26:08] [info] catalin34yt | connected
[16/10 21:26:08] [info] catalin34yt | fetched user data : no value ; created it
[16/10 21:26:08] [info] catalin34yt | pushing user 0a2f6800-6ab5-33b6-aaca-510f76ca7b55, active quests : 
[16/10 21:26:08] [info] catalin34yt | fetching user quests : 
- user active quests : 
- filtered (non-cached) : 
[16/10 21:26:08] [info] catalin34yt | fetched user quests : 
[16/10 22:33:07] [info] catalin34yt | disposing user quests data : 
- must dispose quests
[16/10 22:33:07] [info] catalin34yt | disposed user data
[16/10 22:33:07] [info] catalin34yt | disconnected
[17/10 20:55:34] [info] catalin34yt | connected
[17/10 20:55:34] [info] catalin34yt | fetched user data : active quests 
[17/10 20:55:34] [info] catalin34yt | fetching user quests : 
- user active quests : 
- filtered (non-cached) : 
[17/10 20:55:34] [info] catalin34yt | fetched user quests : 
[17/10 21:41:26] [info] catalin34yt | connected
[17/10 21:41:26] [info] catalin34yt | fetched user data : active quests 
[17/10 21:41:26] [info] catalin34yt | fetching user quests : 
- user active quests : 
- filtered (non-cached) : 
[17/10 21:41:26] [info] catalin34yt | fetched user quests : 
[17/10 22:15:09] [info] catalin34yt | disposing user quests data : 
- must dispose quests
[17/10 22:15:09] [info] catalin34yt | disposed user data
[17/10 22:15:09] [info] catalin34yt | disconnected
[18/10 21:21:41] [info] catalin34yt | connected
[18/10 21:21:41] [info] catalin34yt | fetched user data : active quests 
[18/10 21:21:41] [info] catalin34yt | fetching user quests : 
- user active quests : 
- filtered (non-cached) : 
[18/10 21:21:41] [info] catalin34yt | fetched user quests : 
[18/10 22:43:46] [info] catalin34yt | disposing user quests data : 
- must dispose quests
[18/10 22:43:46] [info] catalin34yt | disposed user data
[18/10 22:43:46] [info] catalin34yt | disconnected
[19/10 14:34:21] [info] catalin34yt | connected
[19/10 14:34:21] [info] catalin34yt | fetched user data : active quests 
[19/10 14:34:21] [info] catalin34yt | fetching user quests : 
- user active quests : 
- filtered (non-cached) : 
[19/10 14:34:21] [info] catalin34yt | fetched user quests : 
[19/10 15:30:05] [info] catalin34yt | disposing user quests data : 
- must dispose quests
[19/10 15:30:05] [info] catalin34yt | disposed user data
[19/10 15:30:05] [info] catalin34yt | disconnected
[20/10 20:52:37] [info] catalin34yt | connected
[20/10 20:52:37] [info] catalin34yt | fetched user data : active quests 
[20/10 20:52:37] [info] catalin34yt | fetching user quests : 
- user active quests : 
- filtered (non-cached) : 
[20/10 20:52:37] [info] catalin34yt | fetched user quests : 
[20/10 21:20:55] [info] catalin34yt | disposing user quests data : 
- must dispose quests
[20/10 21:20:55] [info] catalin34yt | disposed user data
[20/10 21:20:55] [info] catalin34yt | disconnected
[21/10 13:59:42] [info] catalin34yt | connected
[21/10 13:59:42] [info] catalin34yt | fetched user data : active quests 
[21/10 13:59:42] [info] catalin34yt | fetching user quests : 
- user active quests : 
- filtered (non-cached) : 
[21/10 13:59:42] [info] catalin34yt | fetched user quests : 
[21/10 14:08:48] [info] catalin34yt | disposing user quests data : 
- must dispose quests
[21/10 14:08:48] [info] catalin34yt | disposed user data
[21/10 14:08:48] [info] catalin34yt | disconnected
[21/10 14:09:58] [info] catalin34yt | connected
[21/10 14:09:58] [info] catalin34yt | fetched user data : active quests 
[21/10 14:09:58] [info] catalin34yt | fetching user quests : 
- user active quests : 
- filtered (non-cached) : 
[21/10 14:09:58] [info] catalin34yt | fetched user quests : 
[21/10 14:13:51] [info] catalin34yt | disposing user quests data : 
- must dispose quests
[21/10 14:13:51] [info] catalin34yt | disposed user data
[21/10 14:13:51] [info] catalin34yt | disconnected
[21/10 15:16:23] [info] catalin34yt | connected
[21/10 15:16:23] [info] catalin34yt | fetched user data : active quests 
[21/10 15:16:23] [info] catalin34yt | fetching user quests : 
- user active quests : 
- filtered (non-cached) : 
[21/10 15:16:23] [info] catalin34yt | fetched user quests : 
[21/10 16:15:05] [info] catalin34yt | disposing user quests data : 
- must dispose quests
[21/10 16:15:05] [info] catalin34yt | disposed user data
[21/10 16:15:05] [info] catalin34yt | disconnected
[21/10 17:07:21] [info] catalin34yt | connected
[21/10 17:07:21] [info] catalin34yt | fetched user data : active quests 
[21/10 17:07:21] [info] catalin34yt | fetching user quests : 
- user active quests : 
- filtered (non-cached) : 
[21/10 17:07:21] [info] catalin34yt | fetched user quests : 
[21/10 17:28:22] [info] catalin34yt | disposing user quests data : 
- must dispose quests
[21/10 17:28:22] [info] catalin34yt | disposed user data
[21/10 17:28:22] [info] catalin34yt | disconnected
[22/10 11:53:57] [info] catalin34yt | connected
[22/10 11:53:57] [info] catalin34yt | fetched user data : active quests 
[22/10 11:53:57] [info] catalin34yt | fetching user quests : 
- user active quests : 
- filtered (non-cached) : 
[22/10 11:53:57] [info] catalin34yt | fetched user quests : 
[22/10 12:03:56] [info] catalin34yt | disposing user quests data : 
- must dispose quests
[22/10 12:03:56] [info] catalin34yt | disposed user data
[22/10 12:03:56] [info] catalin34yt | disconnected
[22/10 14:49:38] [info] catalin34yt | connected
[22/10 14:49:38] [info] catalin34yt | fetched user data : active quests 
[22/10 14:49:38] [info] catalin34yt | fetching user quests : 
- user active quests : 
- filtered (non-cached) : 
[22/10 14:49:38] [info] catalin34yt | fetched user quests : 
[22/10 15:55:16] [info] catalin34yt | disposing user quests data : 
- must dispose quests
[22/10 15:55:16] [info] catalin34yt | disposed user data
[22/10 15:55:16] [info] catalin34yt | disconnected
[22/10 21:07:42] [info] catalin34yt | connected
[22/10 21:07:43] [info] catalin34yt | fetched user data : active quests 
[22/10 21:07:43] [info] catalin34yt | fetching user quests : 
- user active quests : 
- filtered (non-cached) : 
[22/10 21:07:43] [info] catalin34yt | fetched user quests : 
[22/10 22:54:00] [info] catalin34yt | fetched user data : active quests 
[22/10 22:54:00] [info] catalin34yt | fetching user quests : 
- user active quests : 
- filtered (non-cached) : 
[22/10 22:54:00] [info] catalin34yt | fetched user quests : 
[23/10 00:05:10] [info] catalin34yt | disposing user quests data : 
- must dispose quests
[23/10 00:05:10] [info] catalin34yt | disposed user data
[23/10 00:05:10] [info] catalin34yt | disconnected
[23/10 10:07:11] [info] catalin34yt | connected
[23/10 10:07:11] [info] catalin34yt | fetched user data : active quests 
[23/10 10:07:11] [info] catalin34yt | fetching user quests : 
- user active quests : 
- filtered (non-cached) : 
[23/10 10:07:11] [info] catalin34yt | fetched user quests : 
[23/10 10:18:45] [info] catalin34yt | disposing user quests data : 
- must dispose quests
[23/10 10:18:45] [info] catalin34yt | disposed user data
[23/10 10:18:45] [info] catalin34yt | disconnected
[23/10 13:33:05] [info] catalin34yt | connected
[23/10 13:33:05] [info] catalin34yt | fetched user data : active quests 
[23/10 13:33:05] [info] catalin34yt | fetching user quests : 
- user active quests : 
- filtered (non-cached) : 
[23/10 13:33:05] [info] catalin34yt | fetched user quests : 
[23/10 14:45:59] [info] catalin34yt | disposing user quests data : 
- must dispose quests
[23/10 14:45:59] [info] catalin34yt | disposed user data
[23/10 14:45:59] [info] catalin34yt | disconnected
