[23/10 09:43:23] [info] Ivatri | connected
[23/10 09:43:23] [info] Ivatri | fetched user data : no value ; created it
[23/10 09:43:23] [info] Ivatri | pushing user 0a70eb5e-f7e5-3fcc-b5b4-50c1233861eb, active quests : 
[23/10 09:43:23] [info] Ivatri | fetching user quests : 
- user active quests : 
- filtered (non-cached) : 
[23/10 09:43:23] [info] Ivatri | fetched user quests : 
[23/10 10:13:08] [info] Ivatri | disposing user quests data : 
- must dispose quests
[23/10 10:13:08] [info] Ivatri | disposed user data
[23/10 10:13:08] [info] Ivatri | disconnected
[23/10 10:15:51] [info] Ivatri | connected
[23/10 10:15:51] [info] Ivatri | fetched user data : active quests 
[23/10 10:15:51] [info] Ivatri | fetching user quests : 
- user active quests : 
- filtered (non-cached) : 
[23/10 10:15:51] [info] Ivatri | fetched user quests : 
[23/10 10:17:09] [info] Ivatri | disposing user quests data : 
- must dispose quests
[23/10 10:17:09] [info] Ivatri | disposed user data
[23/10 10:17:09] [info] Ivatri | disconnected
