[16/10 14:08:04] [info] jsquirtel3108 | connected
[16/10 14:08:05] [info] jsquirtel3108 | fetched user data : no value ; created it
[16/10 14:08:05] [info] jsquirtel3108 | pushing user 0de522cb-0999-350e-9e1c-c6b31d923740, active quests : 
[16/10 14:08:05] [info] jsquirtel3108 | fetching user quests : 
- user active quests : 
- filtered (non-cached) : 
[16/10 14:08:05] [info] jsquirtel3108 | fetched user quests : 
[16/10 16:04:31] [info] jsquirtel3108 | disposing user quests data : 
- must dispose quests
[16/10 16:04:31] [info] jsquirtel3108 | disposed user data
[16/10 16:04:31] [info] jsquirtel3108 | disconnected
[20/10 09:01:14] [info] jsquirtel3108 | connected
[20/10 09:01:14] [info] jsquirtel3108 | fetched user data : active quests 
[20/10 09:01:14] [info] jsquirtel3108 | fetching user quests : 
- user active quests : 
- filtered (non-cached) : 
[20/10 09:01:15] [info] jsquirtel3108 | fetched user quests : 
[20/10 09:20:40] [info] jsquirtel3108 | disposing user quests data : 
- must dispose quests
[20/10 09:20:40] [info] jsquirtel3108 | disposed user data
[20/10 09:20:40] [info] jsquirtel3108 | disconnected
[20/10 11:00:59] [info] jsquirtel3108 | connected
[20/10 11:00:59] [info] jsquirtel3108 | fetched user data : active quests 
[20/10 11:00:59] [info] jsquirtel3108 | fetching user quests : 
- user active quests : 
- filtered (non-cached) : 
[20/10 11:00:59] [info] jsquirtel3108 | fetched user quests : 
[20/10 11:04:06] [info] jsquirtel3108 | disposing user quests data : 
- must dispose quests
[20/10 11:04:06] [info] jsquirtel3108 | disposed user data
[20/10 11:04:06] [info] jsquirtel3108 | disconnected
[20/10 11:06:08] [info] jsquirtel3108 | connected
[20/10 11:06:08] [info] jsquirtel3108 | fetched user data : active quests 
[20/10 11:06:08] [info] jsquirtel3108 | fetching user quests : 
- user active quests : 
- filtered (non-cached) : 
[20/10 11:06:08] [info] jsquirtel3108 | fetched user quests : 
[20/10 11:07:03] [info] jsquirtel3108 | disposing user quests data : 
- must dispose quests
[20/10 11:07:03] [info] jsquirtel3108 | disposed user data
[20/10 11:07:03] [info] jsquirtel3108 | disconnected
[21/10 14:57:02] [info] jsquirtel3108 | connected
[21/10 14:57:02] [info] jsquirtel3108 | fetched user data : active quests 
[21/10 14:57:02] [info] jsquirtel3108 | fetching user quests : 
- user active quests : 
- filtered (non-cached) : 
[21/10 14:57:02] [info] jsquirtel3108 | fetched user quests : 
[21/10 15:21:19] [info] jsquirtel3108 | disposing user quests data : 
- must dispose quests
[21/10 15:21:19] [info] jsquirtel3108 | disposed user data
[21/10 15:21:19] [info] jsquirtel3108 | disconnected
[23/10 14:19:33] [info] jsquirtel3108 | connected
[23/10 14:19:33] [info] jsquirtel3108 | fetched user data : active quests 
[23/10 14:19:33] [info] jsquirtel3108 | fetching user quests : 
- user active quests : 
- filtered (non-cached) : 
[23/10 14:19:33] [info] jsquirtel3108 | fetched user quests : 
[23/10 15:21:51] [info] jsquirtel3108 | disposing user quests data : 
- must dispose quests
[23/10 15:21:51] [info] jsquirtel3108 | disposed user data
[23/10 15:21:51] [info] jsquirtel3108 | disconnected
