[18/10 19:37:31] [info] LeoMessi06 | connected
[18/10 19:37:31] [info] LeoMessi06 | fetched user data : no value ; created it
[18/10 19:37:31] [info] LeoMessi06 | pushing user 23e5b20d-5637-3f2b-82ce-7f7d4dbfadc4, active quests : 
[18/10 19:37:31] [info] LeoMessi06 | fetching user quests : 
- user active quests : 
- filtered (non-cached) : 
[18/10 19:37:31] [info] LeoMessi06 | fetched user quests : 
[18/10 19:53:11] [info] LeoMessi06 | disposing user quests data : 
- must dispose quests
[18/10 19:53:11] [info] LeoMessi06 | disposed user data
[18/10 19:53:11] [info] LeoMessi06 | disconnected
[18/10 19:53:43] [info] LeoMessi06 | connected
[18/10 19:53:43] [info] LeoMessi06 | fetched user data : active quests 
[18/10 19:53:43] [info] LeoMessi06 | fetching user quests : 
- user active quests : 
- filtered (non-cached) : 
[18/10 19:53:43] [info] LeoMessi06 | fetched user quests : 
[18/10 20:13:06] [info] LeoMessi06 | disposing user quests data : 
- must dispose quests
[18/10 20:13:06] [info] LeoMessi06 | disposed user data
[18/10 20:13:06] [info] LeoMessi06 | disconnected
[18/10 20:13:52] [info] LeoMessi06 | connected
[18/10 20:13:52] [info] LeoMessi06 | fetched user data : active quests 
[18/10 20:13:52] [info] LeoMessi06 | fetching user quests : 
- user active quests : 
- filtered (non-cached) : 
[18/10 20:13:52] [info] LeoMessi06 | fetched user quests : 
[18/10 20:32:04] [info] LeoMessi06 | disposing user quests data : 
- must dispose quests
[18/10 20:32:04] [info] LeoMessi06 | disposed user data
[18/10 20:32:04] [info] LeoMessi06 | disconnected
[18/10 23:19:53] [info] LeoMessi06 | connected
[18/10 23:19:53] [info] LeoMessi06 | fetched user data : active quests 
[18/10 23:19:53] [info] LeoMessi06 | fetching user quests : 
- user active quests : 
- filtered (non-cached) : 
[18/10 23:19:53] [info] LeoMessi06 | fetched user quests : 
[19/10 03:02:26] [info] LeoMessi06 | disposing user quests data : 
- must dispose quests
[19/10 03:02:26] [info] LeoMessi06 | disposed user data
[19/10 03:02:26] [info] LeoMessi06 | disconnected
[19/10 03:03:14] [info] LeoMessi06 | connected
[19/10 03:03:14] [info] LeoMessi06 | fetched user data : active quests 
[19/10 03:03:14] [info] LeoMessi06 | fetching user quests : 
- user active quests : 
- filtered (non-cached) : 
[19/10 03:03:14] [info] LeoMessi06 | fetched user quests : 
[19/10 03:16:10] [info] LeoMessi06 | disposing user quests data : 
- must dispose quests
[19/10 03:16:10] [info] LeoMessi06 | disposed user data
[19/10 03:16:10] [info] LeoMessi06 | disconnected
[19/10 03:16:39] [info] LeoMessi06 | connected
[19/10 03:16:39] [info] LeoMessi06 | fetched user data : active quests 
[19/10 03:16:39] [info] LeoMessi06 | fetching user quests : 
- user active quests : 
- filtered (non-cached) : 
[19/10 03:16:39] [info] LeoMessi06 | fetched user quests : 
[19/10 03:22:50] [info] LeoMessi06 | disposing user quests data : 
- must dispose quests
[19/10 03:22:50] [info] LeoMessi06 | disposed user data
[19/10 03:22:50] [info] LeoMessi06 | disconnected
[19/10 19:36:03] [info] LeoMessi06 | connected
[19/10 19:36:03] [info] LeoMessi06 | fetched user data : active quests 
[19/10 19:36:03] [info] LeoMessi06 | fetching user quests : 
- user active quests : 
- filtered (non-cached) : 
[19/10 19:36:03] [info] LeoMessi06 | fetched user quests : 
[19/10 20:17:54] [info] LeoMessi06 | disposing user quests data : 
- must dispose quests
[19/10 20:17:54] [info] LeoMessi06 | disposed user data
[19/10 20:17:54] [info] LeoMessi06 | disconnected
[19/10 20:18:24] [info] LeoMessi06 | connected
[19/10 20:18:24] [info] LeoMessi06 | fetched user data : active quests 
[19/10 20:18:24] [info] LeoMessi06 | fetching user quests : 
- user active quests : 
- filtered (non-cached) : 
[19/10 20:18:24] [info] LeoMessi06 | fetched user quests : 
[19/10 21:56:29] [info] LeoMessi06 | disposing user quests data : 
- must dispose quests
[19/10 21:56:29] [info] LeoMessi06 | disposed user data
[19/10 21:56:29] [info] LeoMessi06 | disconnected
[19/10 22:17:44] [info] LeoMessi06 | connected
[19/10 22:17:44] [info] LeoMessi06 | fetched user data : active quests 
[19/10 22:17:44] [info] LeoMessi06 | fetching user quests : 
- user active quests : 
- filtered (non-cached) : 
[19/10 22:17:44] [info] LeoMessi06 | fetched user quests : 
[19/10 22:39:31] [info] LeoMessi06 | disposing user quests data : 
- must dispose quests
[19/10 22:39:31] [info] LeoMessi06 | disposed user data
[19/10 22:39:31] [info] LeoMessi06 | disconnected
[20/10 01:10:05] [info] LeoMessi06 | connected
[20/10 01:10:05] [info] LeoMessi06 | fetched user data : active quests 
[20/10 01:10:05] [info] LeoMessi06 | fetching user quests : 
- user active quests : 
- filtered (non-cached) : 
[20/10 01:10:05] [info] LeoMessi06 | fetched user quests : 
[20/10 01:22:30] [info] LeoMessi06 | disposing user quests data : 
- must dispose quests
[20/10 01:22:30] [info] LeoMessi06 | disposed user data
[20/10 01:22:30] [info] LeoMessi06 | disconnected
[20/10 01:25:13] [info] LeoMessi06 | connected
[20/10 01:25:13] [info] LeoMessi06 | fetched user data : active quests 
[20/10 01:25:13] [info] LeoMessi06 | fetching user quests : 
- user active quests : 
- filtered (non-cached) : 
[20/10 01:25:13] [info] LeoMessi06 | fetched user quests : 
[20/10 01:30:47] [info] LeoMessi06 | disposing user quests data : 
- must dispose quests
[20/10 01:30:47] [info] LeoMessi06 | disposed user data
[20/10 01:30:47] [info] LeoMessi06 | disconnected
[20/10 01:43:39] [info] LeoMessi06 | connected
[20/10 01:43:39] [info] LeoMessi06 | fetched user data : active quests 
[20/10 01:43:39] [info] LeoMessi06 | fetching user quests : 
- user active quests : 
- filtered (non-cached) : 
[20/10 01:43:39] [info] LeoMessi06 | fetched user quests : 
[20/10 02:04:40] [info] LeoMessi06 | disposing user quests data : 
- must dispose quests
[20/10 02:04:40] [info] LeoMessi06 | disposed user data
[20/10 02:04:40] [info] LeoMessi06 | disconnected
[20/10 21:11:52] [info] LeoMessi06 | connected
[20/10 21:11:52] [info] LeoMessi06 | fetched user data : active quests 
[20/10 21:11:52] [info] LeoMessi06 | fetching user quests : 
- user active quests : 
- filtered (non-cached) : 
[20/10 21:11:52] [info] LeoMessi06 | fetched user quests : 
[20/10 21:32:34] [info] LeoMessi06 | disposing user quests data : 
- must dispose quests
[20/10 21:32:34] [info] LeoMessi06 | disposed user data
[20/10 21:32:34] [info] LeoMessi06 | disconnected
[20/10 21:33:35] [info] LeoMessi06 | connected
[20/10 21:33:35] [info] LeoMessi06 | fetched user data : active quests 
[20/10 21:33:35] [info] LeoMessi06 | fetching user quests : 
- user active quests : 
- filtered (non-cached) : 
[20/10 21:33:35] [info] LeoMessi06 | fetched user quests : 
[20/10 22:37:26] [info] LeoMessi06 | disposing user quests data : 
- must dispose quests
[20/10 22:37:26] [info] LeoMessi06 | disposed user data
[20/10 22:37:26] [info] LeoMessi06 | disconnected
[20/10 22:38:36] [info] LeoMessi06 | connected
[20/10 22:38:36] [info] LeoMessi06 | fetched user data : active quests 
[20/10 22:38:36] [info] LeoMessi06 | fetching user quests : 
- user active quests : 
- filtered (non-cached) : 
[20/10 22:38:36] [info] LeoMessi06 | fetched user quests : 
[20/10 22:46:12] [info] LeoMessi06 | disposing user quests data : 
- must dispose quests
[20/10 22:46:12] [info] LeoMessi06 | disposed user data
[20/10 22:46:12] [info] LeoMessi06 | disconnected
[21/10 17:18:21] [info] LeoMessi06 | connected
[21/10 17:18:21] [info] LeoMessi06 | fetched user data : active quests 
[21/10 17:18:21] [info] LeoMessi06 | fetching user quests : 
- user active quests : 
- filtered (non-cached) : 
[21/10 17:18:21] [info] LeoMessi06 | fetched user quests : 
[21/10 18:04:34] [info] LeoMessi06 | disposing user quests data : 
- must dispose quests
[21/10 18:04:34] [info] LeoMessi06 | disposed user data
[21/10 18:04:34] [info] LeoMessi06 | disconnected
[23/10 03:48:24] [info] LeoMessi06 | connected
[23/10 03:48:24] [info] LeoMessi06 | fetched user data : active quests 
[23/10 03:48:24] [info] LeoMessi06 | fetching user quests : 
- user active quests : 
- filtered (non-cached) : 
[23/10 03:48:24] [info] LeoMessi06 | fetched user quests : 
[23/10 04:07:43] [info] LeoMessi06 | disposing user quests data : 
- must dispose quests
[23/10 04:07:43] [info] LeoMessi06 | disposed user data
[23/10 04:07:43] [info] LeoMessi06 | disconnected
[23/10 14:30:08] [info] LeoMessi06 | connected
[23/10 14:30:08] [info] LeoMessi06 | fetched user data : active quests 
[23/10 14:30:08] [info] LeoMessi06 | fetching user quests : 
- user active quests : 
- filtered (non-cached) : 
[23/10 14:30:08] [info] LeoMessi06 | fetched user quests : 
[23/10 15:29:58] [info] LeoMessi06 | disposing user quests data : 
- must dispose quests
[23/10 15:29:58] [info] LeoMessi06 | disposed user data
[23/10 15:29:58] [info] LeoMessi06 | disconnected
[24/10 01:59:41] [info] LeoMessi06 | connected
[24/10 01:59:41] [info] LeoMessi06 | fetched user data : active quests 
[24/10 01:59:41] [info] LeoMessi06 | fetching user quests : 
- user active quests : 
- filtered (non-cached) : 
[24/10 01:59:41] [info] LeoMessi06 | fetched user quests : 
[24/10 02:05:14] [info] LeoMessi06 | disposing user quests data : 
- must dispose quests
[24/10 02:05:14] [info] LeoMessi06 | disposed user data
[24/10 02:05:14] [info] LeoMessi06 | disconnected
