[22/10 19:02:49] [info] PatatillaUwU | connected
[22/10 19:02:49] [info] PatatillaUwU | fetched user data : no value ; created it
[22/10 19:02:49] [info] PatatillaUwU | pushing user 32d8924b-3fe1-313d-96b4-8b755813d938, active quests : 
[22/10 19:02:49] [info] PatatillaUwU | fetching user quests : 
- user active quests : 
- filtered (non-cached) : 
[22/10 19:02:49] [info] PatatillaUwU | fetched user quests : 
[22/10 19:08:15] [info] PatatillaUwU | disposing user quests data : 
- must dispose quests
[22/10 19:08:15] [info] PatatillaUwU | disposed user data
[22/10 19:08:15] [info] PatatillaUwU | disconnected
[22/10 20:58:59] [info] PatatillaUwU | connected
[22/10 20:58:59] [info] PatatillaUwU | fetched user data : active quests 
[22/10 20:58:59] [info] PatatillaUwU | fetching user quests : 
- user active quests : 
- filtered (non-cached) : 
[22/10 20:58:59] [info] PatatillaUwU | fetched user quests : 
[22/10 21:10:30] [info] PatatillaUwU | disposing user quests data : 
- must dispose quests
[22/10 21:10:30] [info] PatatillaUwU | disposed user data
[22/10 21:10:30] [info] PatatillaUwU | disconnected
[23/10 09:05:56] [info] PatatillaUwU | connected
[23/10 09:05:56] [info] PatatillaUwU | fetched user data : active quests 
[23/10 09:05:56] [info] PatatillaUwU | fetching user quests : 
- user active quests : 
- filtered (non-cached) : 
[23/10 09:05:56] [info] PatatillaUwU | fetched user quests : 
[23/10 09:33:08] [info] PatatillaUwU | disposing user quests data : 
- must dispose quests
[23/10 09:33:08] [info] PatatillaUwU | disposed user data
[23/10 09:33:08] [info] PatatillaUwU | disconnected
[23/10 09:33:45] [info] PatatillaUwU | connected
[23/10 09:33:45] [info] PatatillaUwU | fetched user data : active quests 
[23/10 09:33:45] [info] PatatillaUwU | fetching user quests : 
- user active quests : 
- filtered (non-cached) : 
[23/10 09:33:45] [info] PatatillaUwU | fetched user quests : 
[23/10 09:51:58] [info] PatatillaUwU | disposing user quests data : 
- must dispose quests
[23/10 09:51:58] [info] PatatillaUwU | disposed user data
[23/10 09:51:58] [info] PatatillaUwU | disconnected
[23/10 09:53:22] [info] PatatillaUwU | connected
[23/10 09:53:22] [info] PatatillaUwU | fetched user data : active quests 
[23/10 09:53:22] [info] PatatillaUwU | fetching user quests : 
- user active quests : 
- filtered (non-cached) : 
[23/10 09:53:22] [info] PatatillaUwU | fetched user quests : 
[23/10 10:36:50] [info] PatatillaUwU | disposing user quests data : 
- must dispose quests
[23/10 10:36:50] [info] PatatillaUwU | disposed user data
[23/10 10:36:50] [info] PatatillaUwU | disconnected
[23/10 13:05:38] [info] PatatillaUwU | connected
[23/10 13:05:38] [info] PatatillaUwU | fetched user data : active quests 
[23/10 13:05:38] [info] PatatillaUwU | fetching user quests : 
- user active quests : 
- filtered (non-cached) : 
[23/10 13:05:38] [info] PatatillaUwU | fetched user quests : 
[23/10 13:22:51] [info] PatatillaUwU | disposing user quests data : 
- must dispose quests
[23/10 13:22:51] [info] PatatillaUwU | disposed user data
[23/10 13:22:51] [info] PatatillaUwU | disconnected
[23/10 14:17:04] [info] PatatillaUwU | connected
[23/10 14:17:05] [info] PatatillaUwU | fetched user data : active quests 
[23/10 14:17:05] [info] PatatillaUwU | fetching user quests : 
- user active quests : 
- filtered (non-cached) : 
[23/10 14:17:05] [info] PatatillaUwU | fetched user quests : 
[23/10 14:22:08] [info] PatatillaUwU | disposing user quests data : 
- must dispose quests
[23/10 14:22:08] [info] PatatillaUwU | disposed user data
[23/10 14:22:08] [info] PatatillaUwU | disconnected
[23/10 16:20:59] [info] PatatillaUwU | connected
[23/10 16:20:59] [info] PatatillaUwU | fetched user data : active quests 
[23/10 16:20:59] [info] PatatillaUwU | fetching user quests : 
- user active quests : 
- filtered (non-cached) : 
[23/10 16:20:59] [info] PatatillaUwU | fetched user quests : 
[23/10 16:56:23] [info] PatatillaUwU | disposing user quests data : 
- must dispose quests
[23/10 16:56:23] [info] PatatillaUwU | disposed user data
[23/10 16:56:23] [info] PatatillaUwU | disconnected
[23/10 16:56:26] [info] PatatillaUwU | connected
[23/10 16:56:26] [info] PatatillaUwU | fetched user data : active quests 
[23/10 16:56:26] [info] PatatillaUwU | fetching user quests : 
- user active quests : 
- filtered (non-cached) : 
[23/10 16:56:26] [info] PatatillaUwU | fetched user quests : 
[23/10 17:05:45] [info] PatatillaUwU | disposing user quests data : 
- must dispose quests
[23/10 17:05:45] [info] PatatillaUwU | disposed user data
[23/10 17:05:45] [info] PatatillaUwU | disconnected
[24/10 08:33:24] [info] PatatillaUwU | connected
[24/10 08:33:24] [info] PatatillaUwU | fetched user data : active quests 
[24/10 08:33:24] [info] PatatillaUwU | fetching user quests : 
- user active quests : 
- filtered (non-cached) : 
[24/10 08:33:24] [info] PatatillaUwU | fetched user quests : 
[24/10 08:36:38] [info] PatatillaUwU | disposing user quests data : 
- must dispose quests
[24/10 08:36:38] [info] PatatillaUwU | disposed user data
[24/10 08:36:38] [info] PatatillaUwU | disconnected
[24/10 08:36:40] [info] PatatillaUwU | connected
[24/10 08:36:40] [info] PatatillaUwU | fetched user data : active quests 
[24/10 08:36:40] [info] PatatillaUwU | fetching user quests : 
- user active quests : 
- filtered (non-cached) : 
[24/10 08:36:40] [info] PatatillaUwU | fetched user quests : 
[24/10 08:38:37] [info] PatatillaUwU | disposing user quests data : 
- must dispose quests
[24/10 08:38:37] [info] PatatillaUwU | disposed user data
[24/10 08:38:37] [info] PatatillaUwU | disconnected
[24/10 08:38:40] [info] PatatillaUwU | connected
[24/10 08:38:40] [info] PatatillaUwU | fetched user data : active quests 
[24/10 08:38:40] [info] PatatillaUwU | fetching user quests : 
- user active quests : 
- filtered (non-cached) : 
[24/10 08:38:40] [info] PatatillaUwU | fetched user quests : 
[24/10 08:40:09] [info] PatatillaUwU | disposing user quests data : 
- must dispose quests
[24/10 08:40:09] [info] PatatillaUwU | disposed user data
[24/10 08:40:09] [info] PatatillaUwU | disconnected
[24/10 08:40:11] [info] PatatillaUwU | connected
[24/10 08:40:11] [info] PatatillaUwU | fetched user data : active quests 
[24/10 08:40:11] [info] PatatillaUwU | fetching user quests : 
- user active quests : 
- filtered (non-cached) : 
[24/10 08:40:11] [info] PatatillaUwU | fetched user quests : 
[24/10 08:40:41] [info] PatatillaUwU | disposing user quests data : 
- must dispose quests
[24/10 08:40:41] [info] PatatillaUwU | disposed user data
[24/10 08:40:41] [info] PatatillaUwU | disconnected
[24/10 08:40:47] [info] PatatillaUwU | connected
[24/10 08:40:47] [info] PatatillaUwU | fetched user data : active quests 
[24/10 08:40:47] [info] PatatillaUwU | fetching user quests : 
- user active quests : 
- filtered (non-cached) : 
[24/10 08:40:47] [info] PatatillaUwU | fetched user quests : 
[24/10 08:41:17] [info] PatatillaUwU | disposing user quests data : 
- must dispose quests
[24/10 08:41:17] [info] PatatillaUwU | disposed user data
[24/10 08:41:17] [info] PatatillaUwU | disconnected
[24/10 08:41:24] [info] PatatillaUwU | connected
[24/10 08:41:24] [info] PatatillaUwU | fetched user data : active quests 
[24/10 08:41:24] [info] PatatillaUwU | fetching user quests : 
- user active quests : 
- filtered (non-cached) : 
[24/10 08:41:24] [info] PatatillaUwU | fetched user quests : 
