[16/10 11:46:19] [info] llampec777 | connected
[16/10 11:46:19] [info] llampec777 | fetched user data : no value ; created it
[16/10 11:46:19] [info] llampec777 | pushing user 37d0b21e-80d0-363b-8d6d-6706eeb95971, active quests : 
[16/10 11:46:19] [info] llampec777 | fetching user quests : 
- user active quests : 
- filtered (non-cached) : 
[16/10 11:46:19] [info] llampec777 | fetched user quests : 
[16/10 12:14:57] [info] llampec777 | disposing user quests data : 
- must dispose quests
[16/10 12:14:57] [info] llampec777 | disposed user data
[16/10 12:14:57] [info] llampec777 | disconnected
[16/10 13:51:10] [info] llampec777 | connected
[16/10 13:51:10] [info] llampec777 | fetched user data : active quests 
[16/10 13:51:10] [info] llampec777 | fetching user quests : 
- user active quests : 
- filtered (non-cached) : 
[16/10 13:51:10] [info] llampec777 | fetched user quests : 
[16/10 14:07:31] [info] llampec777 | disposing user quests data : 
- must dispose quests
[16/10 14:07:31] [info] llampec777 | disposed user data
[16/10 14:07:31] [info] llampec777 | disconnected
[21/10 19:43:18] [info] llampec777 | connected
[21/10 19:43:18] [info] llampec777 | fetched user data : active quests 
[21/10 19:43:18] [info] llampec777 | fetching user quests : 
- user active quests : 
- filtered (non-cached) : 
[21/10 19:43:18] [info] llampec777 | fetched user quests : 
[21/10 20:07:57] [info] llampec777 | disposing user quests data : 
- must dispose quests
[21/10 20:07:57] [info] llampec777 | disposed user data
[21/10 20:07:57] [info] llampec777 | disconnected
[21/10 20:14:16] [info] llampec777 | connected
[21/10 20:14:16] [info] llampec777 | fetched user data : active quests 
[21/10 20:14:16] [info] llampec777 | fetching user quests : 
- user active quests : 
- filtered (non-cached) : 
[21/10 20:14:16] [info] llampec777 | fetched user quests : 
[21/10 21:31:10] [info] llampec777 | disposing user quests data : 
- must dispose quests
[21/10 21:31:10] [info] llampec777 | disposed user data
[21/10 21:31:10] [info] llampec777 | disconnected
[22/10 13:05:38] [info] llampec777 | connected
[22/10 13:05:38] [info] llampec777 | fetched user data : active quests 
[22/10 13:05:38] [info] llampec777 | fetching user quests : 
- user active quests : 
- filtered (non-cached) : 
[22/10 13:05:38] [info] llampec777 | fetched user quests : 
[22/10 13:29:52] [info] llampec777 | disposing user quests data : 
- must dispose quests
[22/10 13:29:52] [info] llampec777 | disposed user data
[22/10 13:29:52] [info] llampec777 | disconnected
[22/10 13:31:38] [info] llampec777 | connected
[22/10 13:31:38] [info] llampec777 | fetched user data : active quests 
[22/10 13:31:38] [info] llampec777 | fetching user quests : 
- user active quests : 
- filtered (non-cached) : 
[22/10 13:31:38] [info] llampec777 | fetched user quests : 
[22/10 13:57:49] [info] llampec777 | disposing user quests data : 
- must dispose quests
[22/10 13:57:49] [info] llampec777 | disposed user data
[22/10 13:57:49] [info] llampec777 | disconnected
[22/10 14:02:20] [info] llampec777 | connected
[22/10 14:02:20] [info] llampec777 | fetched user data : active quests 
[22/10 14:02:20] [info] llampec777 | fetching user quests : 
- user active quests : 
- filtered (non-cached) : 
[22/10 14:02:20] [info] llampec777 | fetched user quests : 
[22/10 14:46:13] [info] llampec777 | disposing user quests data : 
- must dispose quests
[22/10 14:46:13] [info] llampec777 | disposed user data
[22/10 14:46:13] [info] llampec777 | disconnected
[22/10 14:46:37] [info] llampec777 | connected
[22/10 14:46:37] [info] llampec777 | fetched user data : active quests 
[22/10 14:46:37] [info] llampec777 | fetching user quests : 
- user active quests : 
- filtered (non-cached) : 
[22/10 14:46:37] [info] llampec777 | fetched user quests : 
[22/10 14:51:07] [info] llampec777 | disposing user quests data : 
- must dispose quests
[22/10 14:51:07] [info] llampec777 | disposed user data
[22/10 14:51:07] [info] llampec777 | disconnected
[22/10 14:51:14] [info] llampec777 | connected
[22/10 14:51:14] [info] llampec777 | fetched user data : active quests 
[22/10 14:51:14] [info] llampec777 | fetching user quests : 
- user active quests : 
- filtered (non-cached) : 
[22/10 14:51:14] [info] llampec777 | fetched user quests : 
[22/10 15:45:27] [info] llampec777 | disposing user quests data : 
- must dispose quests
[22/10 15:45:27] [info] llampec777 | disposed user data
[22/10 15:45:27] [info] llampec777 | disconnected
