[21/10 13:19:12] [info] Agente_E213 | connected
[21/10 13:19:12] [info] Agente_E213 | fetched user data : no value ; created it
[21/10 13:19:12] [info] Agente_E213 | pushing user 48f5dbe4-a380-300b-938f-ef4e7e89cd82, active quests : 
[21/10 13:19:12] [info] Agente_E213 | fetching user quests : 
- user active quests : 
- filtered (non-cached) : 
[21/10 13:19:12] [info] Agente_E213 | fetched user quests : 
[21/10 13:27:54] [info] Agente_E213 | disposing user quests data : 
- must dispose quests
[21/10 13:27:54] [info] Agente_E213 | disposed user data
[21/10 13:27:54] [info] Agente_E213 | disconnected
[21/10 13:28:28] [info] Agente_E213 | connected
[21/10 13:28:28] [info] Agente_E213 | fetched user data : active quests 
[21/10 13:28:28] [info] Agente_E213 | fetching user quests : 
- user active quests : 
- filtered (non-cached) : 
[21/10 13:28:28] [info] Agente_E213 | fetched user quests : 
[21/10 13:31:40] [info] Agente_E213 | disposing user quests data : 
- must dispose quests
[21/10 13:31:40] [info] Agente_E213 | disposed user data
[21/10 13:31:40] [info] Agente_E213 | disconnected
[21/10 19:11:21] [info] Agente_E213 | connected
[21/10 19:11:21] [info] Agente_E213 | fetched user data : active quests 
[21/10 19:11:21] [info] Agente_E213 | fetching user quests : 
- user active quests : 
- filtered (non-cached) : 
[21/10 19:11:21] [info] Agente_E213 | fetched user quests : 
[21/10 19:12:42] [info] Agente_E213 | disposing user quests data : 
- must dispose quests
[21/10 19:12:42] [info] Agente_E213 | disposed user data
[21/10 19:12:42] [info] Agente_E213 | disconnected
[22/10 18:53:58] [info] Agente_E213 | connected
[22/10 18:53:58] [info] Agente_E213 | fetched user data : active quests 
[22/10 18:53:58] [info] Agente_E213 | fetching user quests : 
- user active quests : 
- filtered (non-cached) : 
[22/10 18:53:58] [info] Agente_E213 | fetched user quests : 
[22/10 18:54:01] [info] Agente_E213 | disposing user quests data : 
- must dispose quests
[22/10 18:54:01] [info] Agente_E213 | disposed user data
[22/10 18:54:01] [info] Agente_E213 | disconnected
[22/10 18:54:03] [info] Agente_E213 | connected
[22/10 18:54:04] [info] Agente_E213 | fetched user data : active quests 
[22/10 18:54:04] [info] Agente_E213 | fetching user quests : 
- user active quests : 
- filtered (non-cached) : 
[22/10 18:54:04] [info] Agente_E213 | fetched user quests : 
[22/10 18:54:05] [info] Agente_E213 | disposing user quests data : 
- must dispose quests
[22/10 18:54:05] [info] Agente_E213 | disposed user data
[22/10 18:54:05] [info] Agente_E213 | disconnected
[22/10 18:54:06] [info] Agente_E213 | connected
[22/10 18:54:06] [info] Agente_E213 | fetched user data : active quests 
[22/10 18:54:06] [info] Agente_E213 | fetching user quests : 
- user active quests : 
- filtered (non-cached) : 
[22/10 18:54:06] [info] Agente_E213 | fetched user quests : 
[22/10 18:58:07] [info] Agente_E213 | disposing user quests data : 
- must dispose quests
[22/10 18:58:07] [info] Agente_E213 | disposed user data
[22/10 18:58:07] [info] Agente_E213 | disconnected
[22/10 18:58:14] [info] Agente_E213 | connected
[22/10 18:58:14] [info] Agente_E213 | fetched user data : active quests 
[22/10 18:58:14] [info] Agente_E213 | fetching user quests : 
- user active quests : 
- filtered (non-cached) : 
[22/10 18:58:14] [info] Agente_E213 | fetched user quests : 
[22/10 19:03:32] [info] Agente_E213 | disposing user quests data : 
- must dispose quests
[22/10 19:03:32] [info] Agente_E213 | disposed user data
[22/10 19:03:32] [info] Agente_E213 | disconnected
[22/10 19:03:39] [info] Agente_E213 | connected
[22/10 19:03:39] [info] Agente_E213 | fetched user data : active quests 
[22/10 19:03:39] [info] Agente_E213 | fetching user quests : 
- user active quests : 
- filtered (non-cached) : 
[22/10 19:03:39] [info] Agente_E213 | fetched user quests : 
[22/10 19:04:19] [info] Agente_E213 | disposing user quests data : 
- must dispose quests
[22/10 19:04:19] [info] Agente_E213 | disposed user data
[22/10 19:04:19] [info] Agente_E213 | disconnected
[22/10 19:11:25] [info] Agente_E213 | connected
[22/10 19:11:25] [info] Agente_E213 | fetched user data : active quests 
[22/10 19:11:25] [info] Agente_E213 | fetching user quests : 
- user active quests : 
- filtered (non-cached) : 
[22/10 19:11:25] [info] Agente_E213 | fetched user quests : 
[22/10 19:11:46] [info] Agente_E213 | disposing user quests data : 
- must dispose quests
[22/10 19:11:46] [info] Agente_E213 | disposed user data
[22/10 19:11:46] [info] Agente_E213 | disconnected
[23/10 05:41:00] [info] Agente_E213 | connected
[23/10 05:41:00] [info] Agente_E213 | fetched user data : active quests 
[23/10 05:41:00] [info] Agente_E213 | fetching user quests : 
- user active quests : 
- filtered (non-cached) : 
[23/10 05:41:00] [info] Agente_E213 | fetched user quests : 
[23/10 06:03:58] [info] Agente_E213 | disposing user quests data : 
- must dispose quests
[23/10 06:03:58] [info] Agente_E213 | disposed user data
[23/10 06:03:58] [info] Agente_E213 | disconnected
[23/10 06:04:06] [info] Agente_E213 | connected
[23/10 06:04:06] [info] Agente_E213 | fetched user data : active quests 
[23/10 06:04:06] [info] Agente_E213 | fetching user quests : 
- user active quests : 
- filtered (non-cached) : 
[23/10 06:04:06] [info] Agente_E213 | fetched user quests : 
[23/10 06:31:29] [info] Agente_E213 | disposing user quests data : 
- must dispose quests
[23/10 06:31:29] [info] Agente_E213 | disposed user data
[23/10 06:31:29] [info] Agente_E213 | disconnected
[23/10 16:51:49] [info] Agente_E213 | connected
[23/10 16:51:49] [info] Agente_E213 | fetched user data : active quests 
[23/10 16:51:49] [info] Agente_E213 | fetching user quests : 
- user active quests : 
- filtered (non-cached) : 
[23/10 16:51:49] [info] Agente_E213 | fetched user quests : 
[23/10 17:28:01] [info] Agente_E213 | disposing user quests data : 
- must dispose quests
[23/10 17:28:01] [info] Agente_E213 | disposed user data
[23/10 17:28:01] [info] Agente_E213 | disconnected
[24/10 16:27:35] [info] Agente_E213 | connected
[24/10 16:27:35] [info] Agente_E213 | fetched user data : active quests 
[24/10 16:27:35] [info] Agente_E213 | fetching user quests : 
- user active quests : 
- filtered (non-cached) : 
[24/10 16:27:35] [info] Agente_E213 | fetched user quests : 
[24/10 16:27:37] [info] Agente_E213 | disposing user quests data : 
- must dispose quests
[24/10 16:27:37] [info] Agente_E213 | disposed user data
[24/10 16:27:37] [info] Agente_E213 | disconnected
[24/10 16:27:47] [info] Agente_E213 | connected
[24/10 16:27:47] [info] Agente_E213 | fetched user data : active quests 
[24/10 16:27:47] [info] Agente_E213 | fetching user quests : 
- user active quests : 
- filtered (non-cached) : 
[24/10 16:27:47] [info] Agente_E213 | fetched user quests : 
[24/10 16:27:48] [info] Agente_E213 | disposing user quests data : 
- must dispose quests
[24/10 16:27:48] [info] Agente_E213 | disposed user data
[24/10 16:27:48] [info] Agente_E213 | disconnected
[24/10 16:29:12] [info] Agente_E213 | connected
[24/10 16:29:12] [info] Agente_E213 | fetched user data : active quests 
[24/10 16:29:12] [info] Agente_E213 | fetching user quests : 
- user active quests : 
- filtered (non-cached) : 
[24/10 16:29:12] [info] Agente_E213 | fetched user quests : 
[24/10 16:29:13] [info] Agente_E213 | disposing user quests data : 
- must dispose quests
[24/10 16:29:13] [info] Agente_E213 | disposed user data
[24/10 16:29:13] [info] Agente_E213 | disconnected
[24/10 16:29:23] [info] Agente_E213 | connected
[24/10 16:29:23] [info] Agente_E213 | fetched user data : active quests 
[24/10 16:29:23] [info] Agente_E213 | fetching user quests : 
- user active quests : 
- filtered (non-cached) : 
[24/10 16:29:23] [info] Agente_E213 | fetched user quests : 
[24/10 16:29:23] [info] Agente_E213 | disposing user quests data : 
- must dispose quests
[24/10 16:29:23] [info] Agente_E213 | disposed user data
[24/10 16:29:23] [info] Agente_E213 | disconnected
[24/10 16:30:15] [info] Agente_E213 | connected
[24/10 16:30:15] [info] Agente_E213 | fetched user data : active quests 
[24/10 16:30:15] [info] Agente_E213 | fetching user quests : 
- user active quests : 
- filtered (non-cached) : 
[24/10 16:30:15] [info] Agente_E213 | fetched user quests : 
[24/10 16:30:26] [info] Agente_E213 | disposing user quests data : 
- must dispose quests
[24/10 16:30:26] [info] Agente_E213 | disposed user data
[24/10 16:30:26] [info] Agente_E213 | disconnected
[24/10 16:30:36] [info] Agente_E213 | connected
[24/10 16:30:36] [info] Agente_E213 | fetched user data : active quests 
[24/10 16:30:36] [info] Agente_E213 | fetching user quests : 
- user active quests : 
- filtered (non-cached) : 
[24/10 16:30:36] [info] Agente_E213 | fetched user quests : 
[24/10 16:31:10] [info] Agente_E213 | disposing user quests data : 
- must dispose quests
[24/10 16:31:10] [info] Agente_E213 | disposed user data
[24/10 16:31:10] [info] Agente_E213 | disconnected
[24/10 16:31:20] [info] Agente_E213 | connected
[24/10 16:31:20] [info] Agente_E213 | fetched user data : active quests 
[24/10 16:31:20] [info] Agente_E213 | fetching user quests : 
- user active quests : 
- filtered (non-cached) : 
[24/10 16:31:20] [info] Agente_E213 | fetched user quests : 
[24/10 16:31:20] [info] Agente_E213 | disposing user quests data : 
- must dispose quests
[24/10 16:31:20] [info] Agente_E213 | disposed user data
[24/10 16:31:20] [info] Agente_E213 | disconnected
[24/10 16:32:35] [info] Agente_E213 | connected
[24/10 16:32:35] [info] Agente_E213 | fetched user data : active quests 
[24/10 16:32:35] [info] Agente_E213 | fetching user quests : 
- user active quests : 
- filtered (non-cached) : 
[24/10 16:32:35] [info] Agente_E213 | fetched user quests : 
[24/10 16:32:35] [info] Agente_E213 | disposing user quests data : 
- must dispose quests
[24/10 16:32:35] [info] Agente_E213 | disposed user data
[24/10 16:32:35] [info] Agente_E213 | disconnected
[24/10 16:34:28] [info] Agente_E213 | connected
[24/10 16:34:28] [info] Agente_E213 | fetched user data : active quests 
[24/10 16:34:28] [info] Agente_E213 | fetching user quests : 
- user active quests : 
- filtered (non-cached) : 
[24/10 16:34:28] [info] Agente_E213 | fetched user quests : 
[24/10 16:34:28] [info] Agente_E213 | disposing user quests data : 
- must dispose quests
[24/10 16:34:28] [info] Agente_E213 | disposed user data
[24/10 16:34:28] [info] Agente_E213 | disconnected
[24/10 16:34:44] [info] Agente_E213 | connected
[24/10 16:34:44] [info] Agente_E213 | fetched user data : active quests 
[24/10 16:34:44] [info] Agente_E213 | fetching user quests : 
- user active quests : 
- filtered (non-cached) : 
[24/10 16:34:44] [info] Agente_E213 | fetched user quests : 
[24/10 16:34:44] [info] Agente_E213 | disposing user quests data : 
- must dispose quests
[24/10 16:34:44] [info] Agente_E213 | disposed user data
[24/10 16:34:44] [info] Agente_E213 | disconnected
[24/10 16:35:35] [info] Agente_E213 | connected
[24/10 16:35:35] [info] Agente_E213 | fetched user data : active quests 
[24/10 16:35:35] [info] Agente_E213 | fetching user quests : 
- user active quests : 
- filtered (non-cached) : 
[24/10 16:35:35] [info] Agente_E213 | fetched user quests : 
[24/10 16:46:30] [info] Agente_E213 | disposing user quests data : 
- must dispose quests
[24/10 16:46:30] [info] Agente_E213 | disposed user data
[24/10 16:46:30] [info] Agente_E213 | disconnected
[24/10 16:46:40] [info] Agente_E213 | connected
[24/10 16:46:40] [info] Agente_E213 | fetched user data : active quests 
[24/10 16:46:40] [info] Agente_E213 | fetching user quests : 
- user active quests : 
- filtered (non-cached) : 
[24/10 16:46:40] [info] Agente_E213 | fetched user quests : 
[24/10 17:00:28] [info] Agente_E213 | disposing user quests data : 
- must dispose quests
[24/10 17:00:28] [info] Agente_E213 | disposed user data
[24/10 17:00:28] [info] Agente_E213 | disconnected
[24/10 17:00:37] [info] Agente_E213 | connected
[24/10 17:00:37] [info] Agente_E213 | fetched user data : active quests 
[24/10 17:00:37] [info] Agente_E213 | fetching user quests : 
- user active quests : 
- filtered (non-cached) : 
[24/10 17:00:37] [info] Agente_E213 | fetched user quests : 
