[17/10 16:18:49] [info] Loquito10ASR | connected
[17/10 16:18:49] [info] Loquito10ASR | fetched user data : no value ; created it
[17/10 16:18:49] [info] Loquito10ASR | pushing user 509e2921-04cf-3a82-899c-5782fd42f6a5, active quests : 
[17/10 16:18:49] [info] Loquito10ASR | fetching user quests : 
- user active quests : 
- filtered (non-cached) : 
[17/10 16:18:49] [info] Loquito10ASR | fetched user quests : 
[17/10 16:36:44] [info] Loquito10ASR | disposing user quests data : 
- must dispose quests
[17/10 16:36:44] [info] Loquito10ASR | disposed user data
[17/10 16:36:44] [info] Loquito10ASR | disconnected
[17/10 16:37:19] [info] Loquito10ASR | connected
[17/10 16:37:19] [info] Loquito10ASR | fetched user data : active quests 
[17/10 16:37:19] [info] Loquito10ASR | fetching user quests : 
- user active quests : 
- filtered (non-cached) : 
[17/10 16:37:19] [info] Loquito10ASR | fetched user quests : 
[17/10 18:07:31] [info] Loquito10ASR | disposing user quests data : 
- must dispose quests
[17/10 18:07:31] [info] Loquito10ASR | disposed user data
[17/10 18:07:31] [info] Loquito10ASR | disconnected
[21/10 15:06:38] [info] Loquito10ASR | connected
[21/10 15:06:38] [info] Loquito10ASR | fetched user data : active quests 
[21/10 15:06:38] [info] Loquito10ASR | fetching user quests : 
- user active quests : 
- filtered (non-cached) : 
[21/10 15:06:38] [info] Loquito10ASR | fetched user quests : 
[21/10 15:08:24] [info] Loquito10ASR | disposing user quests data : 
- must dispose quests
[21/10 15:08:24] [info] Loquito10ASR | disposed user data
[21/10 15:08:24] [info] Loquito10ASR | disconnected
[21/10 15:52:16] [info] Loquito10ASR | connected
[21/10 15:52:16] [info] Loquito10ASR | fetched user data : active quests 
[21/10 15:52:16] [info] Loquito10ASR | fetching user quests : 
- user active quests : 
- filtered (non-cached) : 
[21/10 15:52:16] [info] Loquito10ASR | fetched user quests : 
[21/10 15:53:16] [info] Loquito10ASR | disposing user quests data : 
- must dispose quests
[21/10 15:53:16] [info] Loquito10ASR | disposed user data
[21/10 15:53:16] [info] Loquito10ASR | disconnected
[21/10 15:53:38] [info] Loquito10ASR | connected
[21/10 15:53:38] [info] Loquito10ASR | fetched user data : active quests 
[21/10 15:53:38] [info] Loquito10ASR | fetching user quests : 
- user active quests : 
- filtered (non-cached) : 
[21/10 15:53:38] [info] Loquito10ASR | fetched user quests : 
[21/10 15:54:35] [info] Loquito10ASR | disposing user quests data : 
- must dispose quests
[21/10 15:54:35] [info] Loquito10ASR | disposed user data
[21/10 15:54:35] [info] Loquito10ASR | disconnected
[21/10 15:54:41] [info] Loquito10ASR | connected
[21/10 15:54:42] [info] Loquito10ASR | fetched user data : active quests 
[21/10 15:54:42] [info] Loquito10ASR | fetching user quests : 
- user active quests : 
- filtered (non-cached) : 
[21/10 15:54:42] [info] Loquito10ASR | fetched user quests : 
[21/10 16:04:23] [info] Loquito10ASR | disposing user quests data : 
- must dispose quests
[21/10 16:04:23] [info] Loquito10ASR | disposed user data
[21/10 16:04:23] [info] Loquito10ASR | disconnected
[21/10 16:09:46] [info] Loquito10ASR | connected
[21/10 16:09:46] [info] Loquito10ASR | fetched user data : active quests 
[21/10 16:09:46] [info] Loquito10ASR | fetching user quests : 
- user active quests : 
- filtered (non-cached) : 
[21/10 16:09:46] [info] Loquito10ASR | fetched user quests : 
[21/10 16:33:57] [info] Loquito10ASR | disposing user quests data : 
- must dispose quests
[21/10 16:33:57] [info] Loquito10ASR | disposed user data
[21/10 16:33:57] [info] Loquito10ASR | disconnected
[21/10 16:34:09] [info] Loquito10ASR | connected
[21/10 16:34:09] [info] Loquito10ASR | fetched user data : active quests 
[21/10 16:34:09] [info] Loquito10ASR | fetching user quests : 
- user active quests : 
- filtered (non-cached) : 
[21/10 16:34:09] [info] Loquito10ASR | fetched user quests : 
[21/10 16:39:42] [info] Loquito10ASR | disposing user quests data : 
- must dispose quests
[21/10 16:39:42] [info] Loquito10ASR | disposed user data
[21/10 16:39:42] [info] Loquito10ASR | disconnected
[22/10 11:06:27] [info] Loquito10ASR | connected
[22/10 11:06:27] [info] Loquito10ASR | fetched user data : active quests 
[22/10 11:06:27] [info] Loquito10ASR | fetching user quests : 
- user active quests : 
- filtered (non-cached) : 
[22/10 11:06:27] [info] Loquito10ASR | fetched user quests : 
[22/10 13:13:50] [info] Loquito10ASR | disposing user quests data : 
- must dispose quests
[22/10 13:13:50] [info] Loquito10ASR | disposed user data
[22/10 13:13:50] [info] Loquito10ASR | disconnected
[22/10 13:13:55] [info] Loquito10ASR | connected
[22/10 13:13:55] [info] Loquito10ASR | fetched user data : active quests 
[22/10 13:13:55] [info] Loquito10ASR | fetching user quests : 
- user active quests : 
- filtered (non-cached) : 
[22/10 13:13:55] [info] Loquito10ASR | fetched user quests : 
[22/10 13:16:05] [info] Loquito10ASR | disposing user quests data : 
- must dispose quests
[22/10 13:16:05] [info] Loquito10ASR | disposed user data
[22/10 13:16:05] [info] Loquito10ASR | disconnected
[22/10 13:16:33] [info] Loquito10ASR | connected
[22/10 13:16:33] [info] Loquito10ASR | fetched user data : active quests 
[22/10 13:16:33] [info] Loquito10ASR | fetching user quests : 
- user active quests : 
- filtered (non-cached) : 
[22/10 13:16:33] [info] Loquito10ASR | fetched user quests : 
[22/10 13:18:31] [info] Loquito10ASR | disposing user quests data : 
- must dispose quests
[22/10 13:18:31] [info] Loquito10ASR | disposed user data
[22/10 13:18:31] [info] Loquito10ASR | disconnected
[22/10 13:18:38] [info] Loquito10ASR | connected
[22/10 13:18:38] [info] Loquito10ASR | fetched user data : active quests 
[22/10 13:18:38] [info] Loquito10ASR | fetching user quests : 
- user active quests : 
- filtered (non-cached) : 
[22/10 13:18:38] [info] Loquito10ASR | fetched user quests : 
[22/10 13:19:12] [info] Loquito10ASR | disposing user quests data : 
- must dispose quests
[22/10 13:19:12] [info] Loquito10ASR | disposed user data
[22/10 13:19:12] [info] Loquito10ASR | disconnected
[22/10 13:19:19] [info] Loquito10ASR | connected
[22/10 13:19:19] [info] Loquito10ASR | fetched user data : active quests 
[22/10 13:19:19] [info] Loquito10ASR | fetching user quests : 
- user active quests : 
- filtered (non-cached) : 
[22/10 13:19:19] [info] Loquito10ASR | fetched user quests : 
[22/10 14:06:54] [info] Loquito10ASR | disposing user quests data : 
- must dispose quests
[22/10 14:06:54] [info] Loquito10ASR | disposed user data
[22/10 14:06:54] [info] Loquito10ASR | disconnected
[22/10 15:41:24] [info] Loquito10ASR | connected
[22/10 15:41:24] [info] Loquito10ASR | fetched user data : active quests 
[22/10 15:41:24] [info] Loquito10ASR | fetching user quests : 
- user active quests : 
- filtered (non-cached) : 
[22/10 15:41:24] [info] Loquito10ASR | fetched user quests : 
[22/10 17:12:34] [info] Loquito10ASR | disposing user quests data : 
- must dispose quests
[22/10 17:12:34] [info] Loquito10ASR | disposed user data
[22/10 17:12:34] [info] Loquito10ASR | disconnected
[22/10 17:12:44] [info] Loquito10ASR | connected
[22/10 17:12:44] [info] Loquito10ASR | fetched user data : active quests 
[22/10 17:12:44] [info] Loquito10ASR | fetching user quests : 
- user active quests : 
- filtered (non-cached) : 
[22/10 17:12:44] [info] Loquito10ASR | fetched user quests : 
[22/10 17:47:08] [info] Loquito10ASR | disposing user quests data : 
- must dispose quests
[22/10 17:47:08] [info] Loquito10ASR | disposed user data
[22/10 17:47:08] [info] Loquito10ASR | disconnected
[23/10 15:15:58] [info] Loquito10ASR | connected
[23/10 15:15:58] [info] Loquito10ASR | fetched user data : active quests 
[23/10 15:15:58] [info] Loquito10ASR | fetching user quests : 
- user active quests : 
- filtered (non-cached) : 
[23/10 15:15:58] [info] Loquito10ASR | fetched user quests : 
[23/10 15:45:33] [info] Loquito10ASR | disposing user quests data : 
- must dispose quests
[23/10 15:45:33] [info] Loquito10ASR | disposed user data
[23/10 15:45:33] [info] Loquito10ASR | disconnected
[23/10 15:45:49] [info] Loquito10ASR | connected
[23/10 15:45:49] [info] Loquito10ASR | fetched user data : active quests 
[23/10 15:45:49] [info] Loquito10ASR | fetching user quests : 
- user active quests : 
- filtered (non-cached) : 
[23/10 15:45:49] [info] Loquito10ASR | fetched user quests : 
[23/10 15:48:49] [info] Loquito10ASR | connected
[23/10 15:48:49] [info] Loquito10ASR | fetched user data : active quests 
[23/10 15:48:49] [info] Loquito10ASR | fetching user quests : 
- user active quests : 
- filtered (non-cached) : 
[23/10 15:48:49] [info] Loquito10ASR | fetched user quests : 
[23/10 16:40:29] [info] Loquito10ASR | disposing user quests data : 
- must dispose quests
[23/10 16:40:29] [info] Loquito10ASR | disposed user data
[23/10 16:40:29] [info] Loquito10ASR | disconnected
