[16/10 18:38:17] [info] Foxloxr4 | connected
[16/10 18:38:17] [info] Foxloxr4 | fetched user data : no value ; created it
[16/10 18:38:17] [info] Foxloxr4 | pushing user 56b22458-a8b7-31e3-a4e6-abc6f2152a41, active quests : 
[16/10 18:38:17] [info] Foxloxr4 | fetching user quests : 
- user active quests : 
- filtered (non-cached) : 
[16/10 18:38:17] [info] Foxloxr4 | fetched user quests : 
[16/10 18:53:52] [info] Foxloxr4 | disposing user quests data : 
- must dispose quests
[16/10 18:53:52] [info] Foxloxr4 | disposed user data
[16/10 18:53:52] [info] Foxloxr4 | disconnected
[23/10 14:25:55] [info] Foxloxr4 | connected
[23/10 14:25:55] [info] Foxloxr4 | fetched user data : active quests 
[23/10 14:25:55] [info] Foxloxr4 | fetching user quests : 
- user active quests : 
- filtered (non-cached) : 
[23/10 14:25:55] [info] Foxloxr4 | fetched user quests : 
[23/10 15:29:26] [info] Foxloxr4 | disposing user quests data : 
- must dispose quests
[23/10 15:29:26] [info] Foxloxr4 | disposed user data
[23/10 15:29:26] [info] Foxloxr4 | disconnected
[24/10 09:21:07] [info] Foxloxr4 | connected
[24/10 09:21:07] [info] Foxloxr4 | fetched user data : active quests 
[24/10 09:21:07] [info] Foxloxr4 | fetching user quests : 
- user active quests : 
- filtered (non-cached) : 
[24/10 09:21:07] [info] Foxloxr4 | fetched user quests : 
