[16/10 10:03:40] [info] P4bl0Z_GOD | fetched user data : no value ; created it
[16/10 10:03:40] [info] P4bl0Z_GOD | pushing user 58db718b-46a8-3b78-acbe-0a941f1d0042, active quests : 
[16/10 10:03:40] [info] P4bl0Z_GOD | fetching user quests : 
- user active quests : 
- filtered (non-cached) : 
[16/10 10:03:40] [info] P4bl0Z_GOD | fetched user quests : 
[16/10 10:13:32] [info] P4bl0Z_GOD | fetched user data : active quests 
[16/10 10:13:32] [info] P4bl0Z_GOD | fetching user quests : 
- user active quests : 
- filtered (non-cached) : 
[16/10 10:13:32] [info] P4bl0Z_GOD | fetched user quests : 
[16/10 10:15:35] [info] P4bl0Z_GOD | fetched user data : active quests 
[16/10 10:15:35] [info] P4bl0Z_GOD | fetching user quests : 
- user active quests : 
- filtered (non-cached) : 
[16/10 10:15:35] [info] P4bl0Z_GOD | fetched user quests : 
[16/10 10:19:05] [info] P4bl0Z_GOD | fetched user data : active quests 
[16/10 10:19:05] [info] P4bl0Z_GOD | fetching user quests : 
- user active quests : 
- filtered (non-cached) : 
[16/10 10:19:05] [info] P4bl0Z_GOD | fetched user quests : 
[16/10 10:19:34] [info] P4bl0Z_GOD | fetched user data : active quests 
[16/10 10:19:34] [info] P4bl0Z_GOD | fetching user quests : 
- user active quests : 
- filtered (non-cached) : 
[16/10 10:19:34] [info] P4bl0Z_GOD | fetched user quests : 
[16/10 10:29:43] [info] P4bl0Z_GOD | fetched user data : active quests 
[16/10 10:29:43] [info] P4bl0Z_GOD | fetching user quests : 
- user active quests : 
- filtered (non-cached) : 
[16/10 10:29:43] [info] P4bl0Z_GOD | fetched user quests : 
[16/10 10:43:27] [info] P4bl0Z_GOD | fetched user data : active quests 
[16/10 10:43:27] [info] P4bl0Z_GOD | fetching user quests : 
- user active quests : 
- filtered (non-cached) : 
[16/10 10:43:27] [info] P4bl0Z_GOD | fetched user quests : 
[16/10 10:43:36] [info] P4bl0Z_GOD | fetched user data : active quests 
[16/10 10:43:36] [info] P4bl0Z_GOD | fetching user quests : 
- user active quests : 
- filtered (non-cached) : 
[16/10 10:43:36] [info] P4bl0Z_GOD | fetched user quests : 
[16/10 10:48:38] [info] P4bl0Z_GOD | fetched user data : active quests 
[16/10 10:48:38] [info] P4bl0Z_GOD | fetching user quests : 
- user active quests : 
- filtered (non-cached) : 
[16/10 10:48:38] [info] P4bl0Z_GOD | fetched user quests : 
[16/10 10:49:15] [info] P4bl0Z_GOD | fetched user data : active quests 
[16/10 10:49:15] [info] P4bl0Z_GOD | fetching user quests : 
- user active quests : 
- filtered (non-cached) : 
[16/10 10:49:15] [info] P4bl0Z_GOD | fetched user quests : 
[16/10 10:50:17] [info] P4bl0Z_GOD | fetched user data : active quests 
[16/10 10:50:17] [info] P4bl0Z_GOD | fetching user quests : 
- user active quests : 
- filtered (non-cached) : 
[16/10 10:50:17] [info] P4bl0Z_GOD | fetched user quests : 
[16/10 10:51:54] [info] P4bl0Z_GOD | fetched user data : active quests 
[16/10 10:51:54] [info] P4bl0Z_GOD | fetching user quests : 
- user active quests : 
- filtered (non-cached) : 
[16/10 10:51:54] [info] P4bl0Z_GOD | fetched user quests : 
[16/10 11:06:12] [info] P4bl0Z_GOD | fetched user data : active quests 
[16/10 11:06:12] [info] P4bl0Z_GOD | fetching user quests : 
- user active quests : 
- filtered (non-cached) : 
[16/10 11:06:12] [info] P4bl0Z_GOD | fetched user quests : 
[16/10 11:06:52] [info] P4bl0Z_GOD | fetched user data : active quests 
[16/10 11:06:52] [info] P4bl0Z_GOD | fetching user quests : 
- user active quests : 
- filtered (non-cached) : 
[16/10 11:06:52] [info] P4bl0Z_GOD | fetched user quests : 
[16/10 11:09:45] [info] P4bl0Z_GOD | fetched user data : active quests 
[16/10 11:09:45] [info] P4bl0Z_GOD | fetching user quests : 
- user active quests : 
- filtered (non-cached) : 
[16/10 11:09:45] [info] P4bl0Z_GOD | fetched user quests : 
[16/10 11:10:05] [info] P4bl0Z_GOD | fetched user data : active quests 
[16/10 11:10:05] [info] P4bl0Z_GOD | fetching user quests : 
- user active quests : 
- filtered (non-cached) : 
[16/10 11:10:05] [info] P4bl0Z_GOD | fetched user quests : 
[16/10 11:10:10] [info] P4bl0Z_GOD | fetched user data : active quests 
[16/10 11:10:10] [info] P4bl0Z_GOD | fetching user quests : 
- user active quests : 
- filtered (non-cached) : 
[16/10 11:10:10] [info] P4bl0Z_GOD | fetched user quests : 
[16/10 11:10:56] [info] P4bl0Z_GOD | fetched user data : active quests 
[16/10 11:10:56] [info] P4bl0Z_GOD | fetching user quests : 
- user active quests : 
- filtered (non-cached) : 
[16/10 11:10:56] [info] P4bl0Z_GOD | fetched user quests : 
[16/10 12:34:33] [info] P4bl0Z_GOD | disposing user quests data : 
- must dispose quests
[16/10 12:34:33] [info] P4bl0Z_GOD | disposed user data
[16/10 12:34:33] [info] P4bl0Z_GOD | disconnected
