[21/10 14:51:19] [info] AdriGatito99 | connected
[21/10 14:51:19] [info] AdriGatito99 | fetched user data : no value ; created it
[21/10 14:51:19] [info] AdriGatito99 | pushing user 5ec1c46b-5509-3702-ae2f-cdf2f703ae4a, active quests : 
[21/10 14:51:19] [info] AdriGatito99 | fetching user quests : 
- user active quests : 
- filtered (non-cached) : 
[21/10 14:51:19] [info] AdriGatito99 | fetched user quests : 
[21/10 16:02:52] [info] AdriGatito99 | disposing user quests data : 
- must dispose quests
[21/10 16:02:52] [info] AdriGatito99 | disposed user data
[21/10 16:02:52] [info] AdriGatito99 | disconnected
[21/10 19:28:34] [info] AdriGatito99 | connected
[21/10 19:28:34] [info] AdriGatito99 | fetched user data : active quests 
[21/10 19:28:34] [info] AdriGatito99 | fetching user quests : 
- user active quests : 
- filtered (non-cached) : 
[21/10 19:28:34] [info] AdriGatito99 | fetched user quests : 
[21/10 20:01:03] [info] AdriGatito99 | disposing user quests data : 
- must dispose quests
[21/10 20:01:03] [info] AdriGatito99 | disposed user data
[21/10 20:01:03] [info] AdriGatito99 | disconnected
[22/10 07:10:04] [info] AdriGatito99 | connected
[22/10 07:10:05] [info] AdriGatito99 | fetched user data : active quests 
[22/10 07:10:05] [info] AdriGatito99 | fetching user quests : 
- user active quests : 
- filtered (non-cached) : 
[22/10 07:10:05] [info] AdriGatito99 | fetched user quests : 
[22/10 07:47:04] [info] AdriGatito99 | disposing user quests data : 
- must dispose quests
[22/10 07:47:04] [info] AdriGatito99 | disposed user data
[22/10 07:47:04] [info] AdriGatito99 | disconnected
[22/10 14:25:13] [info] AdriGatito99 | connected
[22/10 14:25:13] [info] AdriGatito99 | fetched user data : active quests 
[22/10 14:25:13] [info] AdriGatito99 | fetching user quests : 
- user active quests : 
- filtered (non-cached) : 
[22/10 14:25:13] [info] AdriGatito99 | fetched user quests : 
[22/10 15:26:52] [info] AdriGatito99 | disposing user quests data : 
- must dispose quests
[22/10 15:26:52] [info] AdriGatito99 | disposed user data
[22/10 15:26:52] [info] AdriGatito99 | disconnected
[22/10 15:27:06] [info] AdriGatito99 | connected
[22/10 15:27:07] [info] AdriGatito99 | fetched user data : active quests 
[22/10 15:27:07] [info] AdriGatito99 | fetching user quests : 
- user active quests : 
- filtered (non-cached) : 
[22/10 15:27:07] [info] AdriGatito99 | fetched user quests : 
[22/10 15:55:14] [info] AdriGatito99 | disposing user quests data : 
- must dispose quests
[22/10 15:55:14] [info] AdriGatito99 | disposed user data
[22/10 15:55:14] [info] AdriGatito99 | disconnected
[23/10 16:31:27] [info] AdriGatito99 | connected
[23/10 16:31:27] [info] AdriGatito99 | fetched user data : active quests 
[23/10 16:31:27] [info] AdriGatito99 | fetching user quests : 
- user active quests : 
- filtered (non-cached) : 
[23/10 16:31:27] [info] AdriGatito99 | fetched user quests : 
[23/10 16:31:43] [info] AdriGatito99 | disposing user quests data : 
- must dispose quests
[23/10 16:31:43] [info] AdriGatito99 | disposed user data
[23/10 16:31:43] [info] AdriGatito99 | disconnected
[23/10 16:31:48] [info] AdriGatito99 | connected
[23/10 16:31:48] [info] AdriGatito99 | fetched user data : active quests 
[23/10 16:31:48] [info] AdriGatito99 | fetching user quests : 
- user active quests : 
- filtered (non-cached) : 
[23/10 16:31:48] [info] AdriGatito99 | fetched user quests : 
[23/10 19:25:24] [info] AdriGatito99 | disposing user quests data : 
- must dispose quests
[23/10 19:25:24] [info] AdriGatito99 | disposed user data
[23/10 19:25:24] [info] AdriGatito99 | disconnected
