[16/10 17:14:54] [info] Maot | connected
[16/10 17:14:54] [info] Maot | fetched user data : no value ; created it
[16/10 17:14:54] [info] Maot | pushing user 63e2bd0d-b900-3783-9ad4-78c4aec706c2, active quests : 
[16/10 17:14:54] [info] Maot | fetching user quests : 
- user active quests : 
- filtered (non-cached) : 
[16/10 17:14:54] [info] Maot | fetched user quests : 
[16/10 17:27:40] [info] Maot | disposing user quests data : 
- must dispose quests
[16/10 17:27:40] [info] Maot | disposed user data
[16/10 17:27:40] [info] Maot | disconnected
[16/10 17:27:56] [info] Maot | connected
[16/10 17:27:56] [info] Maot | fetched user data : active quests 
[16/10 17:27:56] [info] Maot | fetching user quests : 
- user active quests : 
- filtered (non-cached) : 
[16/10 17:27:56] [info] Maot | fetched user quests : 
[16/10 17:44:19] [info] Maot | disposing user quests data : 
- must dispose quests
[16/10 17:44:19] [info] Maot | disposed user data
[16/10 17:44:19] [info] Maot | disconnected
[23/10 15:05:28] [info] Maot | connected
[23/10 15:05:28] [info] Maot | fetched user data : active quests 
[23/10 15:05:28] [info] Maot | fetching user quests : 
- user active quests : 
- filtered (non-cached) : 
[23/10 15:05:28] [info] Maot | fetched user quests : 
[23/10 15:30:59] [info] Maot | disposing user quests data : 
- must dispose quests
[23/10 15:30:59] [info] Maot | disposed user data
[23/10 15:30:59] [info] Maot | disconnected
[23/10 15:31:25] [info] Maot | connected
[23/10 15:31:25] [info] Maot | fetched user data : active quests 
[23/10 15:31:25] [info] Maot | fetching user quests : 
- user active quests : 
- filtered (non-cached) : 
[23/10 15:31:25] [info] Maot | fetched user quests : 
[23/10 15:45:23] [info] Maot | disposing user quests data : 
- must dispose quests
[23/10 15:45:23] [info] Maot | disposed user data
[23/10 15:45:23] [info] Maot | disconnected
[23/10 15:46:17] [info] Maot | connected
[23/10 15:46:17] [info] Maot | fetched user data : active quests 
[23/10 15:46:17] [info] Maot | fetching user quests : 
- user active quests : 
- filtered (non-cached) : 
[23/10 15:46:17] [info] Maot | fetched user quests : 
[23/10 15:51:55] [info] Maot | connected
[23/10 15:51:55] [info] Maot | fetched user data : active quests 
[23/10 15:51:55] [info] Maot | fetching user quests : 
- user active quests : 
- filtered (non-cached) : 
[23/10 15:51:55] [info] Maot | fetched user quests : 
[23/10 16:09:51] [info] Maot | disposing user quests data : 
- must dispose quests
[23/10 16:09:51] [info] Maot | disposed user data
[23/10 16:09:51] [info] Maot | disconnected
[23/10 16:29:08] [info] Maot | connected
[23/10 16:29:08] [info] Maot | fetched user data : active quests 
[23/10 16:29:08] [info] Maot | fetching user quests : 
- user active quests : 
- filtered (non-cached) : 
[23/10 16:29:08] [info] Maot | fetched user quests : 
[23/10 16:32:06] [info] Maot | disposing user quests data : 
- must dispose quests
[23/10 16:32:06] [info] Maot | disposed user data
[23/10 16:32:06] [info] Maot | disconnected
[23/10 17:51:36] [info] Maot | connected
[23/10 17:51:37] [info] Maot | fetched user data : active quests 
[23/10 17:51:37] [info] Maot | fetching user quests : 
- user active quests : 
- filtered (non-cached) : 
[23/10 17:51:37] [info] Maot | fetched user quests : 
[23/10 19:03:29] [info] Maot | disposing user quests data : 
- must dispose quests
[23/10 19:03:29] [info] Maot | disposed user data
[23/10 19:03:29] [info] Maot | disconnected
