[16/10 12:34:10] [info] pol202020 | connected
[16/10 12:34:10] [info] pol202020 | fetched user data : no value ; created it
[16/10 12:34:10] [info] pol202020 | pushing user 6aee5ef0-3c84-3266-a023-0eae79a00df0, active quests : 
[16/10 12:34:10] [info] pol202020 | fetching user quests : 
- user active quests : 
- filtered (non-cached) : 
[16/10 12:34:10] [info] pol202020 | fetched user quests : 
[16/10 13:17:52] [info] pol202020 | disposing user quests data : 
- must dispose quests
[16/10 13:17:52] [info] pol202020 | disposed user data
[16/10 13:17:52] [info] pol202020 | disconnected
[16/10 13:26:43] [info] pol202020 | connected
[16/10 13:26:43] [info] pol202020 | fetched user data : active quests 
[16/10 13:26:43] [info] pol202020 | fetching user quests : 
- user active quests : 
- filtered (non-cached) : 
[16/10 13:26:43] [info] pol202020 | fetched user quests : 
[16/10 13:36:29] [info] pol202020 | disposing user quests data : 
- must dispose quests
[16/10 13:36:29] [info] pol202020 | disposed user data
[16/10 13:36:29] [info] pol202020 | disconnected
[16/10 13:39:30] [info] pol202020 | connected
[16/10 13:39:30] [info] pol202020 | fetched user data : active quests 
[16/10 13:39:30] [info] pol202020 | fetching user quests : 
- user active quests : 
- filtered (non-cached) : 
[16/10 13:39:30] [info] pol202020 | fetched user quests : 
[16/10 15:51:39] [info] pol202020 | disposing user quests data : 
- must dispose quests
[16/10 15:51:39] [info] pol202020 | disposed user data
[16/10 15:51:39] [info] pol202020 | disconnected
[19/10 13:52:21] [info] pol202020 | connected
[19/10 13:52:21] [info] pol202020 | fetched user data : active quests 
[19/10 13:52:21] [info] pol202020 | fetching user quests : 
- user active quests : 
- filtered (non-cached) : 
[19/10 13:52:21] [info] pol202020 | fetched user quests : 
[19/10 15:57:29] [info] pol202020 | disposing user quests data : 
- must dispose quests
[19/10 15:57:29] [info] pol202020 | disposed user data
[19/10 15:57:29] [info] pol202020 | disconnected
[19/10 19:47:06] [info] pol202020 | connected
[19/10 19:47:06] [info] pol202020 | fetched user data : active quests 
[19/10 19:47:06] [info] pol202020 | fetching user quests : 
- user active quests : 
- filtered (non-cached) : 
[19/10 19:47:06] [info] pol202020 | fetched user quests : 
[19/10 20:30:49] [info] pol202020 | disposing user quests data : 
- must dispose quests
[19/10 20:30:49] [info] pol202020 | disposed user data
[19/10 20:30:49] [info] pol202020 | disconnected
[21/10 12:57:34] [info] pol202020 | connected
[21/10 12:57:34] [info] pol202020 | fetched user data : active quests 
[21/10 12:57:34] [info] pol202020 | fetching user quests : 
- user active quests : 
- filtered (non-cached) : 
[21/10 12:57:34] [info] pol202020 | fetched user quests : 
[21/10 13:13:03] [info] pol202020 | disposing user quests data : 
- must dispose quests
[21/10 13:13:03] [info] pol202020 | disposed user data
[21/10 13:13:03] [info] pol202020 | disconnected
[21/10 13:15:44] [info] pol202020 | connected
[21/10 13:15:44] [info] pol202020 | fetched user data : active quests 
[21/10 13:15:44] [info] pol202020 | fetching user quests : 
- user active quests : 
- filtered (non-cached) : 
[21/10 13:15:44] [info] pol202020 | fetched user quests : 
[21/10 13:21:07] [info] pol202020 | disposing user quests data : 
- must dispose quests
[21/10 13:21:07] [info] pol202020 | disposed user data
[21/10 13:21:07] [info] pol202020 | disconnected
[21/10 13:21:14] [info] pol202020 | connected
[21/10 13:21:14] [info] pol202020 | fetched user data : active quests 
[21/10 13:21:14] [info] pol202020 | fetching user quests : 
- user active quests : 
- filtered (non-cached) : 
[21/10 13:21:14] [info] pol202020 | fetched user quests : 
[21/10 13:22:38] [info] pol202020 | disposing user quests data : 
- must dispose quests
[21/10 13:22:38] [info] pol202020 | disposed user data
[21/10 13:22:38] [info] pol202020 | disconnected
[21/10 13:31:21] [info] pol202020 | connected
[21/10 13:31:21] [info] pol202020 | fetched user data : active quests 
[21/10 13:31:21] [info] pol202020 | fetching user quests : 
- user active quests : 
- filtered (non-cached) : 
[21/10 13:31:21] [info] pol202020 | fetched user quests : 
[21/10 13:35:53] [info] pol202020 | disposing user quests data : 
- must dispose quests
[21/10 13:35:53] [info] pol202020 | disposed user data
[21/10 13:35:53] [info] pol202020 | disconnected
[21/10 13:37:33] [info] pol202020 | connected
[21/10 13:37:33] [info] pol202020 | fetched user data : active quests 
[21/10 13:37:33] [info] pol202020 | fetching user quests : 
- user active quests : 
- filtered (non-cached) : 
[21/10 13:37:33] [info] pol202020 | fetched user quests : 
[21/10 13:46:22] [info] pol202020 | disposing user quests data : 
- must dispose quests
[21/10 13:46:22] [info] pol202020 | disposed user data
[21/10 13:46:22] [info] pol202020 | disconnected
[21/10 13:46:49] [info] pol202020 | connected
[21/10 13:46:49] [info] pol202020 | fetched user data : active quests 
[21/10 13:46:49] [info] pol202020 | fetching user quests : 
- user active quests : 
- filtered (non-cached) : 
[21/10 13:46:49] [info] pol202020 | fetched user quests : 
[21/10 13:47:11] [info] pol202020 | disposing user quests data : 
- must dispose quests
[21/10 13:47:11] [info] pol202020 | disposed user data
[21/10 13:47:11] [info] pol202020 | disconnected
[21/10 13:47:16] [info] pol202020 | connected
[21/10 13:47:16] [info] pol202020 | fetched user data : active quests 
[21/10 13:47:16] [info] pol202020 | fetching user quests : 
- user active quests : 
- filtered (non-cached) : 
[21/10 13:47:16] [info] pol202020 | fetched user quests : 
[21/10 15:32:42] [info] pol202020 | disposing user quests data : 
- must dispose quests
[21/10 15:32:42] [info] pol202020 | disposed user data
[21/10 15:32:42] [info] pol202020 | disconnected
[22/10 13:02:02] [info] pol202020 | connected
[22/10 13:02:02] [info] pol202020 | fetched user data : active quests 
[22/10 13:02:02] [info] pol202020 | fetching user quests : 
- user active quests : 
- filtered (non-cached) : 
[22/10 13:02:02] [info] pol202020 | fetched user quests : 
[22/10 16:17:09] [info] pol202020 | disposing user quests data : 
- must dispose quests
[22/10 16:17:09] [info] pol202020 | disposed user data
[22/10 16:17:09] [info] pol202020 | disconnected
[22/10 19:24:57] [info] pol202020 | connected
[22/10 19:24:57] [info] pol202020 | fetched user data : active quests 
[22/10 19:24:57] [info] pol202020 | fetching user quests : 
- user active quests : 
- filtered (non-cached) : 
[22/10 19:24:57] [info] pol202020 | fetched user quests : 
[22/10 19:39:06] [info] pol202020 | disposing user quests data : 
- must dispose quests
[22/10 19:39:06] [info] pol202020 | disposed user data
[22/10 19:39:06] [info] pol202020 | disconnected
[23/10 10:47:38] [info] pol202020 | connected
[23/10 10:47:38] [info] pol202020 | fetched user data : active quests 
[23/10 10:47:38] [info] pol202020 | fetching user quests : 
- user active quests : 
- filtered (non-cached) : 
[23/10 10:47:38] [info] pol202020 | fetched user quests : 
[23/10 11:00:02] [info] pol202020 | disposing user quests data : 
- must dispose quests
[23/10 11:00:02] [info] pol202020 | disposed user data
[23/10 11:00:02] [info] pol202020 | disconnected
[23/10 13:08:16] [info] pol202020 | connected
[23/10 13:08:16] [info] pol202020 | fetched user data : active quests 
[23/10 13:08:16] [info] pol202020 | fetching user quests : 
- user active quests : 
- filtered (non-cached) : 
[23/10 13:08:16] [info] pol202020 | fetched user quests : 
[23/10 13:36:52] [info] pol202020 | disposing user quests data : 
- must dispose quests
[23/10 13:36:52] [info] pol202020 | disposed user data
[23/10 13:36:52] [info] pol202020 | disconnected
[23/10 13:43:51] [info] pol202020 | connected
[23/10 13:43:51] [info] pol202020 | fetched user data : active quests 
[23/10 13:43:51] [info] pol202020 | fetching user quests : 
- user active quests : 
- filtered (non-cached) : 
[23/10 13:43:51] [info] pol202020 | fetched user quests : 
[23/10 13:54:15] [info] pol202020 | disposing user quests data : 
- must dispose quests
[23/10 13:54:15] [info] pol202020 | disposed user data
[23/10 13:54:15] [info] pol202020 | disconnected
[23/10 13:56:45] [info] pol202020 | connected
[23/10 13:56:45] [info] pol202020 | fetched user data : active quests 
[23/10 13:56:45] [info] pol202020 | fetching user quests : 
- user active quests : 
- filtered (non-cached) : 
[23/10 13:56:45] [info] pol202020 | fetched user quests : 
[23/10 14:41:35] [info] pol202020 | disposing user quests data : 
- must dispose quests
[23/10 14:41:35] [info] pol202020 | disposed user data
[23/10 14:41:35] [info] pol202020 | disconnected
[23/10 14:44:48] [info] pol202020 | connected
[23/10 14:44:48] [info] pol202020 | fetched user data : active quests 
[23/10 14:44:48] [info] pol202020 | fetching user quests : 
- user active quests : 
- filtered (non-cached) : 
[23/10 14:44:48] [info] pol202020 | fetched user quests : 
[23/10 15:36:48] [info] pol202020 | disposing user quests data : 
- must dispose quests
[23/10 15:36:48] [info] pol202020 | disposed user data
[23/10 15:36:48] [info] pol202020 | disconnected
[23/10 15:37:14] [info] pol202020 | connected
[23/10 15:37:14] [info] pol202020 | fetched user data : active quests 
[23/10 15:37:14] [info] pol202020 | fetching user quests : 
- user active quests : 
- filtered (non-cached) : 
[23/10 15:37:14] [info] pol202020 | fetched user quests : 
[23/10 15:48:50] [info] pol202020 | connected
[23/10 15:48:51] [info] pol202020 | fetched user data : active quests 
[23/10 15:48:51] [info] pol202020 | fetching user quests : 
- user active quests : 
- filtered (non-cached) : 
[23/10 15:48:51] [info] pol202020 | fetched user quests : 
[23/10 16:29:37] [info] pol202020 | disposing user quests data : 
- must dispose quests
[23/10 16:29:37] [info] pol202020 | disposed user data
[23/10 16:29:37] [info] pol202020 | disconnected
[23/10 17:07:52] [info] pol202020 | connected
[23/10 17:07:52] [info] pol202020 | fetched user data : active quests 
[23/10 17:07:52] [info] pol202020 | fetching user quests : 
- user active quests : 
- filtered (non-cached) : 
[23/10 17:07:52] [info] pol202020 | fetched user quests : 
[23/10 17:24:05] [info] pol202020 | disposing user quests data : 
- must dispose quests
[23/10 17:24:05] [info] pol202020 | disposed user data
[23/10 17:24:05] [info] pol202020 | disconnected
[23/10 17:37:11] [info] pol202020 | connected
[23/10 17:37:11] [info] pol202020 | fetched user data : active quests 
[23/10 17:37:11] [info] pol202020 | fetching user quests : 
- user active quests : 
- filtered (non-cached) : 
[23/10 17:37:11] [info] pol202020 | fetched user quests : 
[23/10 17:41:19] [info] pol202020 | disposing user quests data : 
- must dispose quests
[23/10 17:41:19] [info] pol202020 | disposed user data
[23/10 17:41:19] [info] pol202020 | disconnected
[23/10 17:44:06] [info] pol202020 | connected
[23/10 17:44:06] [info] pol202020 | fetched user data : active quests 
[23/10 17:44:06] [info] pol202020 | fetching user quests : 
- user active quests : 
- filtered (non-cached) : 
[23/10 17:44:06] [info] pol202020 | fetched user quests : 
[23/10 18:52:11] [info] pol202020 | disposing user quests data : 
- must dispose quests
[23/10 18:52:11] [info] pol202020 | disposed user data
[23/10 18:52:11] [info] pol202020 | disconnected
[23/10 20:14:05] [info] pol202020 | connected
[23/10 20:14:05] [info] pol202020 | fetched user data : active quests 
[23/10 20:14:05] [info] pol202020 | fetching user quests : 
- user active quests : 
- filtered (non-cached) : 
[23/10 20:14:05] [info] pol202020 | fetched user quests : 
[23/10 20:16:48] [info] pol202020 | disposing user quests data : 
- must dispose quests
[23/10 20:16:48] [info] pol202020 | disposed user data
[23/10 20:16:48] [info] pol202020 | disconnected
[23/10 20:17:54] [info] pol202020 | connected
[23/10 20:17:54] [info] pol202020 | fetched user data : active quests 
[23/10 20:17:54] [info] pol202020 | fetching user quests : 
- user active quests : 
- filtered (non-cached) : 
[23/10 20:17:54] [info] pol202020 | fetched user quests : 
[23/10 20:19:53] [info] pol202020 | disposing user quests data : 
- must dispose quests
[23/10 20:19:53] [info] pol202020 | disposed user data
[23/10 20:19:53] [info] pol202020 | disconnected
[23/10 20:20:04] [info] pol202020 | connected
[23/10 20:20:04] [info] pol202020 | fetched user data : active quests 
[23/10 20:20:04] [info] pol202020 | fetching user quests : 
- user active quests : 
- filtered (non-cached) : 
[23/10 20:20:04] [info] pol202020 | fetched user quests : 
[23/10 21:03:52] [info] pol202020 | disposing user quests data : 
- must dispose quests
[23/10 21:03:52] [info] pol202020 | disposed user data
[23/10 21:03:52] [info] pol202020 | disconnected
[23/10 21:53:31] [info] pol202020 | connected
[23/10 21:53:31] [info] pol202020 | fetched user data : active quests 
[23/10 21:53:31] [info] pol202020 | fetching user quests : 
- user active quests : 
- filtered (non-cached) : 
[23/10 21:53:31] [info] pol202020 | fetched user quests : 
[23/10 23:12:47] [info] pol202020 | disposing user quests data : 
- must dispose quests
[23/10 23:12:47] [info] pol202020 | disposed user data
[23/10 23:12:47] [info] pol202020 | disconnected
[23/10 23:57:57] [info] pol202020 | connected
[23/10 23:57:57] [info] pol202020 | fetched user data : active quests 
[23/10 23:57:57] [info] pol202020 | fetching user quests : 
- user active quests : 
- filtered (non-cached) : 
[23/10 23:57:57] [info] pol202020 | fetched user quests : 
[24/10 00:42:54] [info] pol202020 | disposing user quests data : 
- must dispose quests
[24/10 00:42:54] [info] pol202020 | disposed user data
[24/10 00:42:54] [info] pol202020 | disconnected
[24/10 00:53:10] [info] pol202020 | connected
[24/10 00:53:10] [info] pol202020 | fetched user data : active quests 
[24/10 00:53:10] [info] pol202020 | fetching user quests : 
- user active quests : 
- filtered (non-cached) : 
[24/10 00:53:10] [info] pol202020 | fetched user quests : 
[24/10 00:53:41] [info] pol202020 | disposing user quests data : 
- must dispose quests
[24/10 00:53:41] [info] pol202020 | disposed user data
[24/10 00:53:41] [info] pol202020 | disconnected
