[16/10 10:03:40] [info] panchito5647 | fetched user data : no value ; created it
[16/10 10:03:40] [info] panchito5647 | pushing user 71eab57f-4681-3dd8-b623-58a104e68fc2, active quests : 
[16/10 10:03:40] [info] panchito5647 | fetching user quests : 
- user active quests : 
- filtered (non-cached) : 
[16/10 10:03:40] [info] panchito5647 | fetched user quests : 
[16/10 10:13:32] [info] panchito5647 | fetched user data : active quests 
[16/10 10:13:32] [info] panchito5647 | fetching user quests : 
- user active quests : 
- filtered (non-cached) : 
[16/10 10:13:32] [info] panchito5647 | fetched user quests : 
[16/10 10:15:35] [info] panchito5647 | fetched user data : active quests 
[16/10 10:15:35] [info] panchito5647 | fetching user quests : 
- user active quests : 
- filtered (non-cached) : 
[16/10 10:15:35] [info] panchito5647 | fetched user quests : 
[16/10 10:19:05] [info] panchito5647 | fetched user data : active quests 
[16/10 10:19:05] [info] panchito5647 | fetching user quests : 
- user active quests : 
- filtered (non-cached) : 
[16/10 10:19:05] [info] panchito5647 | fetched user quests : 
[16/10 10:19:34] [info] panchito5647 | fetched user data : active quests 
[16/10 10:19:34] [info] panchito5647 | fetching user quests : 
- user active quests : 
- filtered (non-cached) : 
[16/10 10:19:34] [info] panchito5647 | fetched user quests : 
[16/10 10:29:43] [info] panchito5647 | fetched user data : active quests 
[16/10 10:29:43] [info] panchito5647 | fetching user quests : 
- user active quests : 
- filtered (non-cached) : 
[16/10 10:29:43] [info] panchito5647 | fetched user quests : 
[16/10 10:43:27] [info] panchito5647 | fetched user data : active quests 
[16/10 10:43:27] [info] panchito5647 | fetching user quests : 
- user active quests : 
- filtered (non-cached) : 
[16/10 10:43:27] [info] panchito5647 | fetched user quests : 
[16/10 10:43:36] [info] panchito5647 | fetched user data : active quests 
[16/10 10:43:36] [info] panchito5647 | fetching user quests : 
- user active quests : 
- filtered (non-cached) : 
[16/10 10:43:36] [info] panchito5647 | fetched user quests : 
[16/10 10:48:38] [info] panchito5647 | fetched user data : active quests 
[16/10 10:48:38] [info] panchito5647 | fetching user quests : 
- user active quests : 
- filtered (non-cached) : 
[16/10 10:48:38] [info] panchito5647 | fetched user quests : 
[16/10 10:49:15] [info] panchito5647 | fetched user data : active quests 
[16/10 10:49:15] [info] panchito5647 | fetching user quests : 
- user active quests : 
- filtered (non-cached) : 
[16/10 10:49:15] [info] panchito5647 | fetched user quests : 
[16/10 10:50:17] [info] panchito5647 | fetched user data : active quests 
[16/10 10:50:17] [info] panchito5647 | fetching user quests : 
- user active quests : 
- filtered (non-cached) : 
[16/10 10:50:17] [info] panchito5647 | fetched user quests : 
[16/10 10:51:54] [info] panchito5647 | fetched user data : active quests 
[16/10 10:51:54] [info] panchito5647 | fetching user quests : 
- user active quests : 
- filtered (non-cached) : 
[16/10 10:51:54] [info] panchito5647 | fetched user quests : 
[16/10 11:06:12] [info] panchito5647 | fetched user data : active quests 
[16/10 11:06:12] [info] panchito5647 | fetching user quests : 
- user active quests : 
- filtered (non-cached) : 
[16/10 11:06:12] [info] panchito5647 | fetched user quests : 
[16/10 11:06:52] [info] panchito5647 | fetched user data : active quests 
[16/10 11:06:52] [info] panchito5647 | fetching user quests : 
- user active quests : 
- filtered (non-cached) : 
[16/10 11:06:52] [info] panchito5647 | fetched user quests : 
[16/10 11:09:45] [info] panchito5647 | fetched user data : active quests 
[16/10 11:09:45] [info] panchito5647 | fetching user quests : 
- user active quests : 
- filtered (non-cached) : 
[16/10 11:09:45] [info] panchito5647 | fetched user quests : 
[16/10 11:10:05] [info] panchito5647 | fetched user data : active quests 
[16/10 11:10:05] [info] panchito5647 | fetching user quests : 
- user active quests : 
- filtered (non-cached) : 
[16/10 11:10:05] [info] panchito5647 | fetched user quests : 
[16/10 11:10:10] [info] panchito5647 | fetched user data : active quests 
[16/10 11:10:10] [info] panchito5647 | fetching user quests : 
- user active quests : 
- filtered (non-cached) : 
[16/10 11:10:10] [info] panchito5647 | fetched user quests : 
[16/10 11:10:56] [info] panchito5647 | fetched user data : active quests 
[16/10 11:10:56] [info] panchito5647 | fetching user quests : 
- user active quests : 
- filtered (non-cached) : 
[16/10 11:10:56] [info] panchito5647 | fetched user quests : 
[16/10 12:24:44] [info] panchito5647 | disposing user quests data : 
- must dispose quests
[16/10 12:24:44] [info] panchito5647 | disposed user data
[16/10 12:24:44] [info] panchito5647 | disconnected
[16/10 12:25:19] [info] panchito5647 | connected
[16/10 12:25:20] [info] panchito5647 | fetched user data : active quests 
[16/10 12:25:20] [info] panchito5647 | fetching user quests : 
- user active quests : 
- filtered (non-cached) : 
[16/10 12:25:20] [info] panchito5647 | fetched user quests : 
[16/10 12:55:22] [info] panchito5647 | disposing user quests data : 
- must dispose quests
[16/10 12:55:22] [info] panchito5647 | disposed user data
[16/10 12:55:22] [info] panchito5647 | disconnected
[16/10 17:55:19] [info] panchito5647 | connected
[16/10 17:55:20] [info] panchito5647 | fetched user data : active quests 
[16/10 17:55:20] [info] panchito5647 | fetching user quests : 
- user active quests : 
- filtered (non-cached) : 
[16/10 17:55:20] [info] panchito5647 | fetched user quests : 
[16/10 17:55:54] [info] panchito5647 | disposing user quests data : 
- must dispose quests
[16/10 17:55:54] [info] panchito5647 | disposed user data
[16/10 17:55:54] [info] panchito5647 | disconnected
[16/10 17:57:29] [info] panchito5647 | connected
[16/10 17:57:29] [info] panchito5647 | fetched user data : active quests 
[16/10 17:57:29] [info] panchito5647 | fetching user quests : 
- user active quests : 
- filtered (non-cached) : 
[16/10 17:57:29] [info] panchito5647 | fetched user quests : 
[16/10 18:00:22] [info] panchito5647 | disposing user quests data : 
- must dispose quests
[16/10 18:00:22] [info] panchito5647 | disposed user data
[16/10 18:00:22] [info] panchito5647 | disconnected
[21/10 17:43:07] [info] panchito5647 | connected
[21/10 17:43:07] [info] panchito5647 | fetched user data : active quests 
[21/10 17:43:07] [info] panchito5647 | fetching user quests : 
- user active quests : 
- filtered (non-cached) : 
[21/10 17:43:07] [info] panchito5647 | fetched user quests : 
[21/10 17:57:32] [info] panchito5647 | disposing user quests data : 
- must dispose quests
[21/10 17:57:32] [info] panchito5647 | disposed user data
[21/10 17:57:32] [info] panchito5647 | disconnected
[21/10 17:59:17] [info] panchito5647 | connected
[21/10 17:59:17] [info] panchito5647 | fetched user data : active quests 
[21/10 17:59:17] [info] panchito5647 | fetching user quests : 
- user active quests : 
- filtered (non-cached) : 
[21/10 17:59:17] [info] panchito5647 | fetched user quests : 
[21/10 19:04:16] [info] panchito5647 | quest panchito5647/halloween | pushing quest halloween = 50d0b1cf-c613-4957-8116-fb93c6c187c7
[21/10 19:04:16] [info] panchito5647 | quest panchito5647/halloween | started quest : cause ACTIVATOR_PHYSICAL
[21/10 19:04:16] [info] panchito5647 | quest panchito5647/halloween/main | started branch
[21/10 19:04:16] [info] panchito5647 | pushing user 71eab57f-4681-3dd8-b623-58a104e68fc2, active quests : halloween=50d0b1cf-c613-4957-8116-fb93c6c187c7
[21/10 19:05:47] [info] panchito5647 | quest panchito5647/halloween | give rewards for group, debug : group rewards processing debug |
model : halloween
groups : 
quest players : 71eab57f-4681-3dd8-b623-58a104e68fc2
- preparing to process player 71eab57f-4681-3dd8-b623-58a104e68fc2
-- processing player 71eab57f-4681-3dd8-b623-58a104e68fc2, panchito5647
--- end type : CANCEL
[21/10 19:05:47] [info] panchito5647 | quest panchito5647/halloween | stopped quest : cause GUI
[21/10 19:05:47] [info] panchito5647 | pushing user 71eab57f-4681-3dd8-b623-58a104e68fc2, active quests : 
[21/10 20:27:27] [info] panchito5647 | disposing user quests data : 
- must dispose quests
[21/10 20:27:27] [info] panchito5647 | disposed user data
[21/10 20:27:27] [info] panchito5647 | disconnected
[22/10 07:34:55] [info] panchito5647 | connected
[22/10 07:34:55] [info] panchito5647 | fetched user data : active quests 
[22/10 07:34:55] [info] panchito5647 | fetching user quests : 
- user active quests : 
- filtered (non-cached) : 
[22/10 07:34:55] [info] panchito5647 | fetched user quests : 
[22/10 08:04:37] [info] panchito5647 | quest panchito5647/halloween | pushing quest halloween = da755fe9-b7b0-4d06-9f0e-566a5c835c02
[22/10 08:04:37] [info] panchito5647 | quest panchito5647/halloween | started quest : cause ACTIVATOR_PHYSICAL
[22/10 08:04:37] [info] panchito5647 | quest panchito5647/halloween/main | started branch
[22/10 08:04:38] [info] panchito5647 | pushing user 71eab57f-4681-3dd8-b623-58a104e68fc2, active quests : halloween=da755fe9-b7b0-4d06-9f0e-566a5c835c02
[22/10 08:05:11] [info] panchito5647 | quest panchito5647/halloween | goto QUEST_SUCCESS | applying goto
[22/10 08:05:11] [info] panchito5647 | quest panchito5647/halloween | give rewards for group, debug : group rewards processing debug |
model : halloween
groups : 
quest players : 71eab57f-4681-3dd8-b623-58a104e68fc2
- preparing to process player 71eab57f-4681-3dd8-b623-58a104e68fc2
-- processing player 71eab57f-4681-3dd8-b623-58a104e68fc2, panchito5647
--- end type : SUCCESS
--- groups here : 
[22/10 08:05:11] [info] panchito5647 | quest panchito5647/halloween | stopped quest : cause GOTO
[22/10 08:05:12] [info] panchito5647 | pushing user 71eab57f-4681-3dd8-b623-58a104e68fc2, active quests : 
[22/10 12:08:06] [info] panchito5647 | disposing user quests data : 
- must dispose quests
[22/10 12:08:06] [info] panchito5647 | disposed user data
[22/10 12:08:06] [info] panchito5647 | disconnected
[22/10 15:03:21] [info] panchito5647 | connected
[22/10 15:03:21] [info] panchito5647 | fetched user data : active quests 
[22/10 15:03:21] [info] panchito5647 | fetching user quests : 
- user active quests : 
- filtered (non-cached) : 
[22/10 15:03:21] [info] panchito5647 | fetched user quests : 
[22/10 15:03:22] [info] panchito5647 | pushing user 71eab57f-4681-3dd8-b623-58a104e68fc2, active quests : 
[22/10 18:49:04] [info] panchito5647 | disposing user quests data : 
- must dispose quests
[22/10 18:49:04] [info] panchito5647 | disposed user data
[22/10 18:49:04] [info] panchito5647 | disconnected
[22/10 20:23:02] [info] panchito5647 | connected
[22/10 20:23:02] [info] panchito5647 | fetched user data : active quests 
[22/10 20:23:02] [info] panchito5647 | fetching user quests : 
- user active quests : 
- filtered (non-cached) : 
[22/10 20:23:02] [info] panchito5647 | fetched user quests : 
[22/10 20:23:32] [info] panchito5647 | disposing user quests data : 
- must dispose quests
[22/10 20:23:32] [info] panchito5647 | disposed user data
[22/10 20:23:32] [info] panchito5647 | disconnected
[22/10 20:23:41] [info] panchito5647 | connected
[22/10 20:23:41] [info] panchito5647 | fetched user data : active quests 
[22/10 20:23:41] [info] panchito5647 | fetching user quests : 
- user active quests : 
- filtered (non-cached) : 
[22/10 20:23:41] [info] panchito5647 | fetched user quests : 
[22/10 20:24:06] [info] panchito5647 | disposing user quests data : 
- must dispose quests
[22/10 20:24:06] [info] panchito5647 | disposed user data
[22/10 20:24:06] [info] panchito5647 | disconnected
