[16/10 14:55:07] [info] 630alacran | connected
[16/10 14:55:07] [info] 630alacran | fetched user data : no value ; created it
[16/10 14:55:07] [info] 630alacran | pushing user 755be4d4-4975-3079-9c76-ca13aea34503, active quests : 
[16/10 14:55:07] [info] 630alacran | fetching user quests : 
- user active quests : 
- filtered (non-cached) : 
[16/10 14:55:07] [info] 630alacran | fetched user quests : 
[16/10 14:55:52] [info] 630alacran | disposing user quests data : 
- must dispose quests
[16/10 14:55:52] [info] 630alacran | disposed user data
[16/10 14:55:52] [info] 630alacran | disconnected
[16/10 14:56:29] [info] 630alacran | connected
[16/10 14:56:29] [info] 630alacran | fetched user data : active quests 
[16/10 14:56:29] [info] 630alacran | fetching user quests : 
- user active quests : 
- filtered (non-cached) : 
[16/10 14:56:29] [info] 630alacran | fetched user quests : 
[16/10 14:57:14] [info] 630alacran | disposing user quests data : 
- must dispose quests
[16/10 14:57:14] [info] 630alacran | disposed user data
[16/10 14:57:14] [info] 630alacran | disconnected
[16/10 14:59:19] [info] 630alacran | connected
[16/10 14:59:19] [info] 630alacran | fetched user data : active quests 
[16/10 14:59:19] [info] 630alacran | fetching user quests : 
- user active quests : 
- filtered (non-cached) : 
[16/10 14:59:19] [info] 630alacran | fetched user quests : 
[16/10 15:18:48] [info] 630alacran | disposing user quests data : 
- must dispose quests
[16/10 15:18:48] [info] 630alacran | disposed user data
[16/10 15:18:48] [info] 630alacran | disconnected
[16/10 15:19:41] [info] 630alacran | connected
[16/10 15:19:41] [info] 630alacran | fetched user data : active quests 
[16/10 15:19:41] [info] 630alacran | fetching user quests : 
- user active quests : 
- filtered (non-cached) : 
[16/10 15:19:41] [info] 630alacran | fetched user quests : 
[16/10 15:20:37] [info] 630alacran | disposing user quests data : 
- must dispose quests
[16/10 15:20:37] [info] 630alacran | disposed user data
[16/10 15:20:37] [info] 630alacran | disconnected
[16/10 15:24:15] [info] 630alacran | connected
[16/10 15:24:15] [info] 630alacran | fetched user data : active quests 
[16/10 15:24:15] [info] 630alacran | fetching user quests : 
- user active quests : 
- filtered (non-cached) : 
[16/10 15:24:15] [info] 630alacran | fetched user quests : 
[16/10 15:28:30] [info] 630alacran | disposing user quests data : 
- must dispose quests
[16/10 15:28:30] [info] 630alacran | disposed user data
[16/10 15:28:30] [info] 630alacran | disconnected
[16/10 15:31:04] [info] 630alacran | connected
[16/10 15:31:04] [info] 630alacran | fetched user data : active quests 
[16/10 15:31:04] [info] 630alacran | fetching user quests : 
- user active quests : 
- filtered (non-cached) : 
[16/10 15:31:04] [info] 630alacran | fetched user quests : 
[16/10 15:31:50] [info] 630alacran | disposing user quests data : 
- must dispose quests
[16/10 15:31:50] [info] 630alacran | disposed user data
[16/10 15:31:50] [info] 630alacran | disconnected
[16/10 15:34:00] [info] 630alacran | connected
[16/10 15:34:00] [info] 630alacran | fetched user data : active quests 
[16/10 15:34:00] [info] 630alacran | fetching user quests : 
- user active quests : 
- filtered (non-cached) : 
[16/10 15:34:00] [info] 630alacran | fetched user quests : 
[16/10 15:34:45] [info] 630alacran | disposing user quests data : 
- must dispose quests
[16/10 15:34:45] [info] 630alacran | disposed user data
[16/10 15:34:45] [info] 630alacran | disconnected
[16/10 15:38:07] [info] 630alacran | connected
[16/10 15:38:08] [info] 630alacran | fetched user data : active quests 
[16/10 15:38:08] [info] 630alacran | fetching user quests : 
- user active quests : 
- filtered (non-cached) : 
[16/10 15:38:08] [info] 630alacran | fetched user quests : 
[16/10 16:24:02] [info] 630alacran | disposing user quests data : 
- must dispose quests
[16/10 16:24:02] [info] 630alacran | disposed user data
[16/10 16:24:02] [info] 630alacran | disconnected
[16/10 16:24:26] [info] 630alacran | connected
[16/10 16:24:26] [info] 630alacran | fetched user data : active quests 
[16/10 16:24:26] [info] 630alacran | fetching user quests : 
- user active quests : 
- filtered (non-cached) : 
[16/10 16:24:26] [info] 630alacran | fetched user quests : 
[16/10 18:12:58] [info] 630alacran | disposing user quests data : 
- must dispose quests
[16/10 18:12:58] [info] 630alacran | disposed user data
[16/10 18:12:58] [info] 630alacran | disconnected
[16/10 18:16:21] [info] 630alacran | connected
[16/10 18:16:21] [info] 630alacran | fetched user data : active quests 
[16/10 18:16:21] [info] 630alacran | fetching user quests : 
- user active quests : 
- filtered (non-cached) : 
[16/10 18:16:21] [info] 630alacran | fetched user quests : 
[16/10 18:21:43] [info] 630alacran | disposing user quests data : 
- must dispose quests
[16/10 18:21:43] [info] 630alacran | disposed user data
[16/10 18:21:43] [info] 630alacran | disconnected
[16/10 19:10:45] [info] 630alacran | connected
[16/10 19:10:45] [info] 630alacran | fetched user data : active quests 
[16/10 19:10:45] [info] 630alacran | fetching user quests : 
- user active quests : 
- filtered (non-cached) : 
[16/10 19:10:45] [info] 630alacran | fetched user quests : 
[16/10 19:13:51] [info] 630alacran | disposing user quests data : 
- must dispose quests
[16/10 19:13:51] [info] 630alacran | disposed user data
[16/10 19:13:51] [info] 630alacran | disconnected
[17/10 00:33:07] [info] 630alacran | connected
[17/10 00:33:07] [info] 630alacran | fetched user data : active quests 
[17/10 00:33:07] [info] 630alacran | fetching user quests : 
- user active quests : 
- filtered (non-cached) : 
[17/10 00:33:07] [info] 630alacran | fetched user quests : 
[17/10 02:58:48] [info] 630alacran | disposing user quests data : 
- must dispose quests
[17/10 02:58:48] [info] 630alacran | disposed user data
[17/10 02:58:48] [info] 630alacran | disconnected
[17/10 19:10:36] [info] 630alacran | connected
[17/10 19:10:36] [info] 630alacran | fetched user data : active quests 
[17/10 19:10:36] [info] 630alacran | fetching user quests : 
- user active quests : 
- filtered (non-cached) : 
[17/10 19:10:36] [info] 630alacran | fetched user quests : 
[17/10 21:11:23] [info] 630alacran | disposing user quests data : 
- must dispose quests
[17/10 21:11:23] [info] 630alacran | disposed user data
[17/10 21:11:23] [info] 630alacran | disconnected
[18/10 12:20:36] [info] 630alacran | connected
[18/10 12:20:36] [info] 630alacran | fetched user data : active quests 
[18/10 12:20:36] [info] 630alacran | fetching user quests : 
- user active quests : 
- filtered (non-cached) : 
[18/10 12:20:36] [info] 630alacran | fetched user quests : 
[18/10 15:48:32] [info] 630alacran | disposing user quests data : 
- must dispose quests
[18/10 15:48:32] [info] 630alacran | disposed user data
[18/10 15:48:32] [info] 630alacran | disconnected
[18/10 15:48:41] [info] 630alacran | connected
[18/10 15:48:41] [info] 630alacran | fetched user data : active quests 
[18/10 15:48:41] [info] 630alacran | fetching user quests : 
- user active quests : 
- filtered (non-cached) : 
[18/10 15:48:41] [info] 630alacran | fetched user quests : 
[18/10 18:33:26] [info] 630alacran | disposing user quests data : 
- must dispose quests
[18/10 18:33:26] [info] 630alacran | disposed user data
[18/10 18:33:26] [info] 630alacran | disconnected
[18/10 18:34:27] [info] 630alacran | connected
[18/10 18:34:27] [info] 630alacran | fetched user data : active quests 
[18/10 18:34:27] [info] 630alacran | fetching user quests : 
- user active quests : 
- filtered (non-cached) : 
[18/10 18:34:27] [info] 630alacran | fetched user quests : 
[18/10 20:06:06] [info] 630alacran | disposing user quests data : 
- must dispose quests
[18/10 20:06:06] [info] 630alacran | disposed user data
[18/10 20:06:06] [info] 630alacran | disconnected
[18/10 20:06:38] [info] 630alacran | connected
[18/10 20:06:39] [info] 630alacran | fetched user data : active quests 
[18/10 20:06:39] [info] 630alacran | fetching user quests : 
- user active quests : 
- filtered (non-cached) : 
[18/10 20:06:39] [info] 630alacran | fetched user quests : 
[18/10 20:28:55] [info] 630alacran | disposing user quests data : 
- must dispose quests
[18/10 20:28:55] [info] 630alacran | disposed user data
[18/10 20:28:55] [info] 630alacran | disconnected
[18/10 20:38:53] [info] 630alacran | connected
[18/10 20:38:53] [info] 630alacran | fetched user data : active quests 
[18/10 20:38:53] [info] 630alacran | fetching user quests : 
- user active quests : 
- filtered (non-cached) : 
[18/10 20:38:53] [info] 630alacran | fetched user quests : 
[18/10 22:05:36] [info] 630alacran | disposing user quests data : 
- must dispose quests
[18/10 22:05:36] [info] 630alacran | disposed user data
[18/10 22:05:36] [info] 630alacran | disconnected
[19/10 16:29:42] [info] 630alacran | connected
[19/10 16:29:42] [info] 630alacran | fetched user data : active quests 
[19/10 16:29:42] [info] 630alacran | fetching user quests : 
- user active quests : 
- filtered (non-cached) : 
[19/10 16:29:42] [info] 630alacran | fetched user quests : 
[19/10 16:33:58] [info] 630alacran | disposing user quests data : 
- must dispose quests
[19/10 16:33:58] [info] 630alacran | disposed user data
[19/10 16:33:58] [info] 630alacran | disconnected
[19/10 18:06:51] [info] 630alacran | connected
[19/10 18:06:51] [info] 630alacran | fetched user data : active quests 
[19/10 18:06:51] [info] 630alacran | fetching user quests : 
- user active quests : 
- filtered (non-cached) : 
[19/10 18:06:51] [info] 630alacran | fetched user quests : 
[19/10 18:53:28] [info] 630alacran | disposing user quests data : 
- must dispose quests
[19/10 18:53:28] [info] 630alacran | disposed user data
[19/10 18:53:28] [info] 630alacran | disconnected
[19/10 18:58:05] [info] 630alacran | connected
[19/10 18:58:05] [info] 630alacran | fetched user data : active quests 
[19/10 18:58:05] [info] 630alacran | fetching user quests : 
- user active quests : 
- filtered (non-cached) : 
[19/10 18:58:05] [info] 630alacran | fetched user quests : 
[19/10 21:54:53] [info] 630alacran | disposing user quests data : 
- must dispose quests
[19/10 21:54:53] [info] 630alacran | disposed user data
[19/10 21:54:53] [info] 630alacran | disconnected
[20/10 19:13:56] [info] 630alacran | connected
[20/10 19:13:56] [info] 630alacran | fetched user data : active quests 
[20/10 19:13:56] [info] 630alacran | fetching user quests : 
- user active quests : 
- filtered (non-cached) : 
[20/10 19:13:56] [info] 630alacran | fetched user quests : 
[20/10 19:16:56] [info] 630alacran | disposing user quests data : 
- must dispose quests
[20/10 19:16:56] [info] 630alacran | disposed user data
[20/10 19:16:56] [info] 630alacran | disconnected
[20/10 19:52:41] [info] 630alacran | connected
[20/10 19:52:41] [info] 630alacran | fetched user data : active quests 
[20/10 19:52:41] [info] 630alacran | fetching user quests : 
- user active quests : 
- filtered (non-cached) : 
[20/10 19:52:41] [info] 630alacran | fetched user quests : 
[20/10 21:42:56] [info] 630alacran | disposing user quests data : 
- must dispose quests
[20/10 21:42:56] [info] 630alacran | disposed user data
[20/10 21:42:56] [info] 630alacran | disconnected
[21/10 15:57:18] [info] 630alacran | connected
[21/10 15:57:18] [info] 630alacran | fetched user data : active quests 
[21/10 15:57:18] [info] 630alacran | fetching user quests : 
- user active quests : 
- filtered (non-cached) : 
[21/10 15:57:18] [info] 630alacran | fetched user quests : 
[21/10 17:42:14] [info] 630alacran | disposing user quests data : 
- must dispose quests
[21/10 17:42:14] [info] 630alacran | disposed user data
[21/10 17:42:14] [info] 630alacran | disconnected
[21/10 18:17:12] [info] 630alacran | connected
[21/10 18:17:12] [info] 630alacran | fetched user data : active quests 
[21/10 18:17:12] [info] 630alacran | fetching user quests : 
- user active quests : 
- filtered (non-cached) : 
[21/10 18:17:12] [info] 630alacran | fetched user quests : 
[21/10 19:03:11] [info] 630alacran | quest 630alacran/halloween | pushing quest halloween = 0d60970b-7209-4ee0-a232-95d846448a3f
[21/10 19:03:11] [info] 630alacran | quest 630alacran/halloween | started quest : cause ACTIVATOR_PHYSICAL
[21/10 19:03:11] [info] 630alacran | quest 630alacran/halloween/main | started branch
[21/10 19:03:11] [info] 630alacran | pushing user 755be4d4-4975-3079-9c76-ca13aea34503, active quests : halloween=0d60970b-7209-4ee0-a232-95d846448a3f
[21/10 19:05:41] [info] 630alacran | quest 630alacran/halloween | give rewards for group, debug : group rewards processing debug |
model : halloween
groups : 
quest players : 755be4d4-4975-3079-9c76-ca13aea34503
- preparing to process player 755be4d4-4975-3079-9c76-ca13aea34503
-- processing player 755be4d4-4975-3079-9c76-ca13aea34503, 630alacran
--- end type : CANCEL
[21/10 19:05:41] [info] 630alacran | quest 630alacran/halloween | stopped quest : cause GUI
[21/10 19:05:41] [info] 630alacran | pushing user 755be4d4-4975-3079-9c76-ca13aea34503, active quests : 
[21/10 20:17:12] [info] 630alacran | disposing user quests data : 
- must dispose quests
[21/10 20:17:12] [info] 630alacran | disposed user data
[21/10 20:17:12] [info] 630alacran | disconnected
[21/10 20:17:14] [info] 630alacran | connected
[21/10 20:17:14] [info] 630alacran | fetched user data : active quests 
[21/10 20:17:14] [info] 630alacran | fetching user quests : 
- user active quests : 
- filtered (non-cached) : 
[21/10 20:17:14] [info] 630alacran | fetched user quests : 
[21/10 20:58:34] [info] 630alacran | disposing user quests data : 
- must dispose quests
[21/10 20:58:34] [info] 630alacran | disposed user data
[21/10 20:58:34] [info] 630alacran | disconnected
[21/10 20:58:35] [info] 630alacran | connected
[21/10 20:58:35] [info] 630alacran | fetched user data : active quests 
[21/10 20:58:35] [info] 630alacran | fetching user quests : 
- user active quests : 
- filtered (non-cached) : 
[21/10 20:58:35] [info] 630alacran | fetched user quests : 
[21/10 21:45:56] [info] 630alacran | disposing user quests data : 
- must dispose quests
[21/10 21:45:56] [info] 630alacran | disposed user data
[21/10 21:45:56] [info] 630alacran | disconnected
[22/10 11:59:34] [info] 630alacran | connected
[22/10 11:59:34] [info] 630alacran | fetched user data : active quests 
[22/10 11:59:34] [info] 630alacran | fetching user quests : 
- user active quests : 
- filtered (non-cached) : 
[22/10 11:59:34] [info] 630alacran | fetched user quests : 
[22/10 14:58:29] [info] 630alacran | pushing user 755be4d4-4975-3079-9c76-ca13aea34503, active quests : 
[22/10 14:58:42] [info] 630alacran | pushing user 755be4d4-4975-3079-9c76-ca13aea34503, active quests : 
[22/10 14:58:44] [info] 630alacran | pushing user 755be4d4-4975-3079-9c76-ca13aea34503, active quests : 
[22/10 14:58:48] [info] 630alacran | pushing user 755be4d4-4975-3079-9c76-ca13aea34503, active quests : 
[22/10 14:58:54] [info] 630alacran | pushing user 755be4d4-4975-3079-9c76-ca13aea34503, active quests : 
[22/10 14:58:56] [info] 630alacran | pushing user 755be4d4-4975-3079-9c76-ca13aea34503, active quests : 
[22/10 15:45:47] [info] 630alacran | disposing user quests data : 
- must dispose quests
[22/10 15:45:47] [info] 630alacran | disposed user data
[22/10 15:45:47] [info] 630alacran | disconnected
[22/10 15:45:53] [info] 630alacran | connected
[22/10 15:45:53] [info] 630alacran | fetched user data : active quests 
[22/10 15:45:53] [info] 630alacran | fetching user quests : 
- user active quests : 
- filtered (non-cached) : 
[22/10 15:45:53] [info] 630alacran | fetched user quests : 
[22/10 16:53:25] [info] 630alacran | disposing user quests data : 
- must dispose quests
[22/10 16:53:25] [info] 630alacran | disposed user data
[22/10 16:53:25] [info] 630alacran | disconnected
