[16/10 15:47:06] [info] iKhux_ | connected
[16/10 15:47:06] [info] iKhux_ | fetched user data : no value ; created it
[16/10 15:47:06] [info] iKhux_ | pushing user 858c0844-eeff-3c5c-be77-87d58068e265, active quests : 
[16/10 15:47:06] [info] iKhux_ | fetching user quests : 
- user active quests : 
- filtered (non-cached) : 
[16/10 15:47:06] [info] iKhux_ | fetched user quests : 
[16/10 15:49:04] [info] iKhux_ | disposing user quests data : 
- must dispose quests
[16/10 15:49:04] [info] iKhux_ | disposed user data
[16/10 15:49:04] [info] iKhux_ | disconnected
[16/10 15:50:48] [info] iKhux_ | connected
[16/10 15:50:48] [info] iKhux_ | fetched user data : active quests 
[16/10 15:50:48] [info] iKhux_ | fetching user quests : 
- user active quests : 
- filtered (non-cached) : 
[16/10 15:50:48] [info] iKhux_ | fetched user quests : 
[16/10 15:51:33] [info] iKhux_ | disposing user quests data : 
- must dispose quests
[16/10 15:51:33] [info] iKhux_ | disposed user data
[16/10 15:51:33] [info] iKhux_ | disconnected
[16/10 15:54:42] [info] iKhux_ | connected
[16/10 15:54:42] [info] iKhux_ | fetched user data : active quests 
[16/10 15:54:42] [info] iKhux_ | fetching user quests : 
- user active quests : 
- filtered (non-cached) : 
[16/10 15:54:42] [info] iKhux_ | fetched user quests : 
[16/10 15:57:25] [info] iKhux_ | disposing user quests data : 
- must dispose quests
[16/10 15:57:25] [info] iKhux_ | disposed user data
[16/10 15:57:25] [info] iKhux_ | disconnected
[16/10 15:58:43] [info] iKhux_ | connected
[16/10 15:58:43] [info] iKhux_ | fetched user data : active quests 
[16/10 15:58:43] [info] iKhux_ | fetching user quests : 
- user active quests : 
- filtered (non-cached) : 
[16/10 15:58:43] [info] iKhux_ | fetched user quests : 
[16/10 16:00:13] [info] iKhux_ | disposing user quests data : 
- must dispose quests
[16/10 16:00:13] [info] iKhux_ | disposed user data
[16/10 16:00:13] [info] iKhux_ | disconnected
[16/10 16:02:44] [info] iKhux_ | connected
[16/10 16:02:44] [info] iKhux_ | fetched user data : active quests 
[16/10 16:02:44] [info] iKhux_ | fetching user quests : 
- user active quests : 
- filtered (non-cached) : 
[16/10 16:02:44] [info] iKhux_ | fetched user quests : 
[16/10 16:26:57] [info] iKhux_ | disposing user quests data : 
- must dispose quests
[16/10 16:26:57] [info] iKhux_ | disposed user data
[16/10 16:26:57] [info] iKhux_ | disconnected
[17/10 02:03:08] [info] iKhux_ | connected
[17/10 02:03:08] [info] iKhux_ | fetched user data : active quests 
[17/10 02:03:08] [info] iKhux_ | fetching user quests : 
- user active quests : 
- filtered (non-cached) : 
[17/10 02:03:08] [info] iKhux_ | fetched user quests : 
[17/10 03:15:22] [info] iKhux_ | disposing user quests data : 
- must dispose quests
[17/10 03:15:22] [info] iKhux_ | disposed user data
[17/10 03:15:22] [info] iKhux_ | disconnected
[17/10 05:20:49] [info] iKhux_ | connected
[17/10 05:20:50] [info] iKhux_ | fetched user data : active quests 
[17/10 05:20:50] [info] iKhux_ | fetching user quests : 
- user active quests : 
- filtered (non-cached) : 
[17/10 05:20:50] [info] iKhux_ | fetched user quests : 
[17/10 08:18:49] [info] iKhux_ | disposing user quests data : 
- must dispose quests
[17/10 08:18:49] [info] iKhux_ | disposed user data
[17/10 08:18:49] [info] iKhux_ | disconnected
[18/10 14:07:53] [info] iKhux_ | connected
[18/10 14:07:53] [info] iKhux_ | fetched user data : active quests 
[18/10 14:07:53] [info] iKhux_ | fetching user quests : 
- user active quests : 
- filtered (non-cached) : 
[18/10 14:07:53] [info] iKhux_ | fetched user quests : 
[18/10 14:33:56] [info] iKhux_ | disposing user quests data : 
- must dispose quests
[18/10 14:33:56] [info] iKhux_ | disposed user data
[18/10 14:33:56] [info] iKhux_ | disconnected
[18/10 14:41:02] [info] iKhux_ | connected
[18/10 14:41:02] [info] iKhux_ | fetched user data : active quests 
[18/10 14:41:02] [info] iKhux_ | fetching user quests : 
- user active quests : 
- filtered (non-cached) : 
[18/10 14:41:02] [info] iKhux_ | fetched user quests : 
[18/10 15:06:22] [info] iKhux_ | disposing user quests data : 
- must dispose quests
[18/10 15:06:22] [info] iKhux_ | disposed user data
[18/10 15:06:22] [info] iKhux_ | disconnected
[18/10 16:23:01] [info] iKhux_ | connected
[18/10 16:23:02] [info] iKhux_ | fetched user data : active quests 
[18/10 16:23:02] [info] iKhux_ | fetching user quests : 
- user active quests : 
- filtered (non-cached) : 
[18/10 16:23:02] [info] iKhux_ | fetched user quests : 
[18/10 16:25:06] [info] iKhux_ | disposing user quests data : 
- must dispose quests
[18/10 16:25:06] [info] iKhux_ | disposed user data
[18/10 16:25:06] [info] iKhux_ | disconnected
[18/10 17:17:12] [info] iKhux_ | connected
[18/10 17:17:12] [info] iKhux_ | fetched user data : active quests 
[18/10 17:17:12] [info] iKhux_ | fetching user quests : 
- user active quests : 
- filtered (non-cached) : 
[18/10 17:17:12] [info] iKhux_ | fetched user quests : 
[18/10 17:35:07] [info] iKhux_ | disposing user quests data : 
- must dispose quests
[18/10 17:35:07] [info] iKhux_ | disposed user data
[18/10 17:35:07] [info] iKhux_ | disconnected
[18/10 17:36:29] [info] iKhux_ | connected
[18/10 17:36:29] [info] iKhux_ | fetched user data : active quests 
[18/10 17:36:29] [info] iKhux_ | fetching user quests : 
- user active quests : 
- filtered (non-cached) : 
[18/10 17:36:29] [info] iKhux_ | fetched user quests : 
[18/10 17:37:44] [info] iKhux_ | disposing user quests data : 
- must dispose quests
[18/10 17:37:44] [info] iKhux_ | disposed user data
[18/10 17:37:44] [info] iKhux_ | disconnected
[18/10 17:38:20] [info] iKhux_ | connected
[18/10 17:38:20] [info] iKhux_ | fetched user data : active quests 
[18/10 17:38:20] [info] iKhux_ | fetching user quests : 
- user active quests : 
- filtered (non-cached) : 
[18/10 17:38:20] [info] iKhux_ | fetched user quests : 
[18/10 17:47:55] [info] iKhux_ | disposing user quests data : 
- must dispose quests
[18/10 17:47:55] [info] iKhux_ | disposed user data
[18/10 17:47:55] [info] iKhux_ | disconnected
[18/10 17:48:22] [info] iKhux_ | connected
[18/10 17:48:22] [info] iKhux_ | fetched user data : active quests 
[18/10 17:48:22] [info] iKhux_ | fetching user quests : 
- user active quests : 
- filtered (non-cached) : 
[18/10 17:48:22] [info] iKhux_ | fetched user quests : 
[18/10 17:49:22] [info] iKhux_ | disposing user quests data : 
- must dispose quests
[18/10 17:49:22] [info] iKhux_ | disposed user data
[18/10 17:49:22] [info] iKhux_ | disconnected
[18/10 17:53:42] [info] iKhux_ | connected
[18/10 17:53:42] [info] iKhux_ | fetched user data : active quests 
[18/10 17:53:42] [info] iKhux_ | fetching user quests : 
- user active quests : 
- filtered (non-cached) : 
[18/10 17:53:42] [info] iKhux_ | fetched user quests : 
[18/10 18:07:38] [info] iKhux_ | disposing user quests data : 
- must dispose quests
[18/10 18:07:38] [info] iKhux_ | disposed user data
[18/10 18:07:38] [info] iKhux_ | disconnected
[18/10 19:11:54] [info] iKhux_ | connected
[18/10 19:11:54] [info] iKhux_ | fetched user data : active quests 
[18/10 19:11:54] [info] iKhux_ | fetching user quests : 
- user active quests : 
- filtered (non-cached) : 
[18/10 19:11:54] [info] iKhux_ | fetched user quests : 
[18/10 19:13:24] [info] iKhux_ | disposing user quests data : 
- must dispose quests
[18/10 19:13:24] [info] iKhux_ | disposed user data
[18/10 19:13:24] [info] iKhux_ | disconnected
[18/10 19:14:27] [info] iKhux_ | connected
[18/10 19:14:27] [info] iKhux_ | fetched user data : active quests 
[18/10 19:14:27] [info] iKhux_ | fetching user quests : 
- user active quests : 
- filtered (non-cached) : 
[18/10 19:14:27] [info] iKhux_ | fetched user quests : 
[18/10 19:25:17] [info] iKhux_ | disposing user quests data : 
- must dispose quests
[18/10 19:25:17] [info] iKhux_ | disposed user data
[18/10 19:25:17] [info] iKhux_ | disconnected
[18/10 19:29:20] [info] iKhux_ | connected
[18/10 19:29:21] [info] iKhux_ | fetched user data : active quests 
[18/10 19:29:21] [info] iKhux_ | fetching user quests : 
- user active quests : 
- filtered (non-cached) : 
[18/10 19:29:21] [info] iKhux_ | fetched user quests : 
[18/10 19:58:21] [info] iKhux_ | disposing user quests data : 
- must dispose quests
[18/10 19:58:21] [info] iKhux_ | disposed user data
[18/10 19:58:21] [info] iKhux_ | disconnected
[18/10 19:59:08] [info] iKhux_ | connected
[18/10 19:59:08] [info] iKhux_ | fetched user data : active quests 
[18/10 19:59:08] [info] iKhux_ | fetching user quests : 
- user active quests : 
- filtered (non-cached) : 
[18/10 19:59:08] [info] iKhux_ | fetched user quests : 
[18/10 20:34:24] [info] iKhux_ | disposing user quests data : 
- must dispose quests
[18/10 20:34:24] [info] iKhux_ | disposed user data
[18/10 20:34:24] [info] iKhux_ | disconnected
[18/10 21:14:56] [info] iKhux_ | connected
[18/10 21:14:57] [info] iKhux_ | fetched user data : active quests 
[18/10 21:14:57] [info] iKhux_ | fetching user quests : 
- user active quests : 
- filtered (non-cached) : 
[18/10 21:14:57] [info] iKhux_ | fetched user quests : 
[18/10 21:15:42] [info] iKhux_ | disposing user quests data : 
- must dispose quests
[18/10 21:15:42] [info] iKhux_ | disposed user data
[18/10 21:15:42] [info] iKhux_ | disconnected
[18/10 21:16:45] [info] iKhux_ | connected
[18/10 21:16:45] [info] iKhux_ | fetched user data : active quests 
[18/10 21:16:45] [info] iKhux_ | fetching user quests : 
- user active quests : 
- filtered (non-cached) : 
[18/10 21:16:45] [info] iKhux_ | fetched user quests : 
[18/10 21:18:46] [info] iKhux_ | disposing user quests data : 
- must dispose quests
[18/10 21:18:46] [info] iKhux_ | disposed user data
[18/10 21:18:46] [info] iKhux_ | disconnected
[18/10 21:20:19] [info] iKhux_ | connected
[18/10 21:20:19] [info] iKhux_ | fetched user data : active quests 
[18/10 21:20:19] [info] iKhux_ | fetching user quests : 
- user active quests : 
- filtered (non-cached) : 
[18/10 21:20:19] [info] iKhux_ | fetched user quests : 
[18/10 21:20:49] [info] iKhux_ | disposing user quests data : 
- must dispose quests
[18/10 21:20:49] [info] iKhux_ | disposed user data
[18/10 21:20:49] [info] iKhux_ | disconnected
[18/10 21:21:02] [info] iKhux_ | connected
[18/10 21:21:02] [info] iKhux_ | fetched user data : active quests 
[18/10 21:21:02] [info] iKhux_ | fetching user quests : 
- user active quests : 
- filtered (non-cached) : 
[18/10 21:21:02] [info] iKhux_ | fetched user quests : 
[18/10 21:21:48] [info] iKhux_ | disposing user quests data : 
- must dispose quests
[18/10 21:21:48] [info] iKhux_ | disposed user data
[18/10 21:21:48] [info] iKhux_ | disconnected
[18/10 21:33:16] [info] iKhux_ | connected
[18/10 21:33:16] [info] iKhux_ | fetched user data : active quests 
[18/10 21:33:16] [info] iKhux_ | fetching user quests : 
- user active quests : 
- filtered (non-cached) : 
[18/10 21:33:16] [info] iKhux_ | fetched user quests : 
[18/10 21:35:52] [info] iKhux_ | disposing user quests data : 
- must dispose quests
[18/10 21:35:52] [info] iKhux_ | disposed user data
[18/10 21:35:52] [info] iKhux_ | disconnected
[18/10 21:40:44] [info] iKhux_ | connected
[18/10 21:40:44] [info] iKhux_ | fetched user data : active quests 
[18/10 21:40:44] [info] iKhux_ | fetching user quests : 
- user active quests : 
- filtered (non-cached) : 
[18/10 21:40:44] [info] iKhux_ | fetched user quests : 
[18/10 21:42:14] [info] iKhux_ | disposing user quests data : 
- must dispose quests
[18/10 21:42:14] [info] iKhux_ | disposed user data
[18/10 21:42:14] [info] iKhux_ | disconnected
[18/10 21:53:15] [info] iKhux_ | connected
[18/10 21:53:15] [info] iKhux_ | fetched user data : active quests 
[18/10 21:53:15] [info] iKhux_ | fetching user quests : 
- user active quests : 
- filtered (non-cached) : 
[18/10 21:53:15] [info] iKhux_ | fetched user quests : 
[18/10 22:28:18] [info] iKhux_ | disposing user quests data : 
- must dispose quests
[18/10 22:28:18] [info] iKhux_ | disposed user data
[18/10 22:28:18] [info] iKhux_ | disconnected
[18/10 22:29:04] [info] iKhux_ | connected
[18/10 22:29:04] [info] iKhux_ | fetched user data : active quests 
[18/10 22:29:04] [info] iKhux_ | fetching user quests : 
- user active quests : 
- filtered (non-cached) : 
[18/10 22:29:04] [info] iKhux_ | fetched user quests : 
[18/10 22:48:27] [info] iKhux_ | disposing user quests data : 
- must dispose quests
[18/10 22:48:27] [info] iKhux_ | disposed user data
[18/10 22:48:27] [info] iKhux_ | disconnected
[18/10 23:07:03] [info] iKhux_ | connected
[18/10 23:07:03] [info] iKhux_ | fetched user data : active quests 
[18/10 23:07:03] [info] iKhux_ | fetching user quests : 
- user active quests : 
- filtered (non-cached) : 
[18/10 23:07:03] [info] iKhux_ | fetched user quests : 
[18/10 23:24:36] [info] iKhux_ | disposing user quests data : 
- must dispose quests
[18/10 23:24:36] [info] iKhux_ | disposed user data
[18/10 23:24:36] [info] iKhux_ | disconnected
[18/10 23:25:24] [info] iKhux_ | connected
[18/10 23:25:24] [info] iKhux_ | fetched user data : active quests 
[18/10 23:25:24] [info] iKhux_ | fetching user quests : 
- user active quests : 
- filtered (non-cached) : 
[18/10 23:25:24] [info] iKhux_ | fetched user quests : 
[19/10 00:04:10] [info] iKhux_ | disposing user quests data : 
- must dispose quests
[19/10 00:04:10] [info] iKhux_ | disposed user data
[19/10 00:04:10] [info] iKhux_ | disconnected
[19/10 01:14:05] [info] iKhux_ | connected
[19/10 01:14:06] [info] iKhux_ | fetched user data : active quests 
[19/10 01:14:06] [info] iKhux_ | fetching user quests : 
- user active quests : 
- filtered (non-cached) : 
[19/10 01:14:06] [info] iKhux_ | fetched user quests : 
[19/10 14:19:08] [info] iKhux_ | connected
[19/10 14:19:08] [info] iKhux_ | fetched user data : active quests 
[19/10 14:19:08] [info] iKhux_ | fetching user quests : 
- user active quests : 
- filtered (non-cached) : 
[19/10 14:19:08] [info] iKhux_ | fetched user quests : 
[19/10 14:43:04] [info] iKhux_ | disposing user quests data : 
- must dispose quests
[19/10 14:43:04] [info] iKhux_ | disposed user data
[19/10 14:43:04] [info] iKhux_ | disconnected
[19/10 14:50:20] [info] iKhux_ | connected
[19/10 14:50:20] [info] iKhux_ | fetched user data : active quests 
[19/10 14:50:20] [info] iKhux_ | fetching user quests : 
- user active quests : 
- filtered (non-cached) : 
[19/10 14:50:20] [info] iKhux_ | fetched user quests : 
[19/10 15:10:10] [info] iKhux_ | disposing user quests data : 
- must dispose quests
[19/10 15:10:10] [info] iKhux_ | disposed user data
[19/10 15:10:10] [info] iKhux_ | disconnected
[19/10 15:33:56] [info] iKhux_ | connected
[19/10 15:33:56] [info] iKhux_ | fetched user data : active quests 
[19/10 15:33:56] [info] iKhux_ | fetching user quests : 
- user active quests : 
- filtered (non-cached) : 
[19/10 15:33:56] [info] iKhux_ | fetched user quests : 
[19/10 18:50:06] [info] iKhux_ | disposing user quests data : 
- must dispose quests
[19/10 18:50:06] [info] iKhux_ | disposed user data
[19/10 18:50:06] [info] iKhux_ | disconnected
[19/10 19:14:28] [info] iKhux_ | connected
[19/10 19:14:28] [info] iKhux_ | fetched user data : active quests 
[19/10 19:14:28] [info] iKhux_ | fetching user quests : 
- user active quests : 
- filtered (non-cached) : 
[19/10 19:14:28] [info] iKhux_ | fetched user quests : 
[19/10 20:17:56] [info] iKhux_ | disposing user quests data : 
- must dispose quests
[19/10 20:17:56] [info] iKhux_ | disposed user data
[19/10 20:17:56] [info] iKhux_ | disconnected
[19/10 20:20:08] [info] iKhux_ | connected
[19/10 20:20:08] [info] iKhux_ | fetched user data : active quests 
[19/10 20:20:08] [info] iKhux_ | fetching user quests : 
- user active quests : 
- filtered (non-cached) : 
[19/10 20:20:08] [info] iKhux_ | fetched user quests : 
[19/10 21:04:57] [info] iKhux_ | disposing user quests data : 
- must dispose quests
[19/10 21:04:57] [info] iKhux_ | disposed user data
[19/10 21:04:57] [info] iKhux_ | disconnected
[19/10 21:07:19] [info] iKhux_ | connected
[19/10 21:07:19] [info] iKhux_ | fetched user data : active quests 
[19/10 21:07:19] [info] iKhux_ | fetching user quests : 
- user active quests : 
- filtered (non-cached) : 
[19/10 21:07:19] [info] iKhux_ | fetched user quests : 
[19/10 21:28:06] [info] iKhux_ | disposing user quests data : 
- must dispose quests
[19/10 21:28:06] [info] iKhux_ | disposed user data
[19/10 21:28:06] [info] iKhux_ | disconnected
[19/10 22:17:33] [info] iKhux_ | connected
[19/10 22:17:33] [info] iKhux_ | fetched user data : active quests 
[19/10 22:17:33] [info] iKhux_ | fetching user quests : 
- user active quests : 
- filtered (non-cached) : 
[19/10 22:17:33] [info] iKhux_ | fetched user quests : 
[19/10 22:18:03] [info] iKhux_ | disposing user quests data : 
- must dispose quests
[19/10 22:18:03] [info] iKhux_ | disposed user data
[19/10 22:18:03] [info] iKhux_ | disconnected
[19/10 22:50:31] [info] iKhux_ | connected
[19/10 22:50:32] [info] iKhux_ | fetched user data : active quests 
[19/10 22:50:32] [info] iKhux_ | fetching user quests : 
- user active quests : 
- filtered (non-cached) : 
[19/10 22:50:32] [info] iKhux_ | fetched user quests : 
[19/10 23:12:34] [info] iKhux_ | disposing user quests data : 
- must dispose quests
[19/10 23:12:34] [info] iKhux_ | disposed user data
[19/10 23:12:34] [info] iKhux_ | disconnected
[19/10 23:21:29] [info] iKhux_ | connected
[19/10 23:21:29] [info] iKhux_ | fetched user data : active quests 
[19/10 23:21:29] [info] iKhux_ | fetching user quests : 
- user active quests : 
- filtered (non-cached) : 
[19/10 23:21:29] [info] iKhux_ | fetched user quests : 
[19/10 23:29:22] [info] iKhux_ | disposing user quests data : 
- must dispose quests
[19/10 23:29:22] [info] iKhux_ | disposed user data
[19/10 23:29:22] [info] iKhux_ | disconnected
[19/10 23:30:15] [info] iKhux_ | connected
[19/10 23:30:15] [info] iKhux_ | fetched user data : active quests 
[19/10 23:30:15] [info] iKhux_ | fetching user quests : 
- user active quests : 
- filtered (non-cached) : 
[19/10 23:30:15] [info] iKhux_ | fetched user quests : 
[19/10 23:54:07] [info] iKhux_ | disposing user quests data : 
- must dispose quests
[19/10 23:54:07] [info] iKhux_ | disposed user data
[19/10 23:54:07] [info] iKhux_ | disconnected
[20/10 00:20:22] [info] iKhux_ | connected
[20/10 00:20:22] [info] iKhux_ | fetched user data : active quests 
[20/10 00:20:22] [info] iKhux_ | fetching user quests : 
- user active quests : 
- filtered (non-cached) : 
[20/10 00:20:22] [info] iKhux_ | fetched user quests : 
[20/10 03:26:49] [info] iKhux_ | disposing user quests data : 
- must dispose quests
[20/10 03:26:49] [info] iKhux_ | disposed user data
[20/10 03:26:49] [info] iKhux_ | disconnected
[20/10 16:17:16] [info] iKhux_ | connected
[20/10 16:17:16] [info] iKhux_ | fetched user data : active quests 
[20/10 16:17:16] [info] iKhux_ | fetching user quests : 
- user active quests : 
- filtered (non-cached) : 
[20/10 16:17:16] [info] iKhux_ | fetched user quests : 
[20/10 17:40:12] [info] iKhux_ | disposing user quests data : 
- must dispose quests
[20/10 17:40:12] [info] iKhux_ | disposed user data
[20/10 17:40:12] [info] iKhux_ | disconnected
[20/10 18:01:27] [info] iKhux_ | connected
[20/10 18:01:27] [info] iKhux_ | fetched user data : active quests 
[20/10 18:01:27] [info] iKhux_ | fetching user quests : 
- user active quests : 
- filtered (non-cached) : 
[20/10 18:01:27] [info] iKhux_ | fetched user quests : 
[20/10 18:14:29] [info] iKhux_ | disposing user quests data : 
- must dispose quests
[20/10 18:14:29] [info] iKhux_ | disposed user data
[20/10 18:14:29] [info] iKhux_ | disconnected
[20/10 19:45:10] [info] iKhux_ | connected
[20/10 19:45:10] [info] iKhux_ | fetched user data : active quests 
[20/10 19:45:10] [info] iKhux_ | fetching user quests : 
- user active quests : 
- filtered (non-cached) : 
[20/10 19:45:10] [info] iKhux_ | fetched user quests : 
[20/10 20:21:12] [info] iKhux_ | disposing user quests data : 
- must dispose quests
[20/10 20:21:12] [info] iKhux_ | disposed user data
[20/10 20:21:12] [info] iKhux_ | disconnected
[20/10 20:43:24] [info] iKhux_ | connected
[20/10 20:43:24] [info] iKhux_ | fetched user data : active quests 
[20/10 20:43:24] [info] iKhux_ | fetching user quests : 
- user active quests : 
- filtered (non-cached) : 
[20/10 20:43:24] [info] iKhux_ | fetched user quests : 
[20/10 22:07:29] [info] iKhux_ | disposing user quests data : 
- must dispose quests
[20/10 22:07:29] [info] iKhux_ | disposed user data
[20/10 22:07:29] [info] iKhux_ | disconnected
[20/10 22:13:08] [info] iKhux_ | connected
[20/10 22:13:08] [info] iKhux_ | fetched user data : active quests 
[20/10 22:13:08] [info] iKhux_ | fetching user quests : 
- user active quests : 
- filtered (non-cached) : 
[20/10 22:13:08] [info] iKhux_ | fetched user quests : 
[20/10 22:49:26] [info] iKhux_ | disposing user quests data : 
- must dispose quests
[20/10 22:49:26] [info] iKhux_ | disposed user data
[20/10 22:49:26] [info] iKhux_ | disconnected
[20/10 22:50:07] [info] iKhux_ | connected
[20/10 22:50:07] [info] iKhux_ | fetched user data : active quests 
[20/10 22:50:07] [info] iKhux_ | fetching user quests : 
- user active quests : 
- filtered (non-cached) : 
[20/10 22:50:07] [info] iKhux_ | fetched user quests : 
[20/10 22:57:54] [info] iKhux_ | disposing user quests data : 
- must dispose quests
[20/10 22:57:54] [info] iKhux_ | disposed user data
[20/10 22:57:54] [info] iKhux_ | disconnected
[21/10 00:14:54] [info] iKhux_ | connected
[21/10 00:14:54] [info] iKhux_ | fetched user data : active quests 
[21/10 00:14:54] [info] iKhux_ | fetching user quests : 
- user active quests : 
- filtered (non-cached) : 
[21/10 00:14:54] [info] iKhux_ | fetched user quests : 
[21/10 00:20:07] [info] iKhux_ | disposing user quests data : 
- must dispose quests
[21/10 00:20:07] [info] iKhux_ | disposed user data
[21/10 00:20:07] [info] iKhux_ | disconnected
[21/10 00:27:54] [info] iKhux_ | connected
[21/10 00:27:54] [info] iKhux_ | fetched user data : active quests 
[21/10 00:27:54] [info] iKhux_ | fetching user quests : 
- user active quests : 
- filtered (non-cached) : 
[21/10 00:27:54] [info] iKhux_ | fetched user quests : 
[21/10 00:41:16] [info] iKhux_ | disposing user quests data : 
- must dispose quests
[21/10 00:41:16] [info] iKhux_ | disposed user data
[21/10 00:41:16] [info] iKhux_ | disconnected
[21/10 00:43:09] [info] iKhux_ | connected
[21/10 00:43:09] [info] iKhux_ | fetched user data : active quests 
[21/10 00:43:09] [info] iKhux_ | fetching user quests : 
- user active quests : 
- filtered (non-cached) : 
[21/10 00:43:09] [info] iKhux_ | fetched user quests : 
[21/10 00:49:31] [info] iKhux_ | disposing user quests data : 
- must dispose quests
[21/10 00:49:31] [info] iKhux_ | disposed user data
[21/10 00:49:31] [info] iKhux_ | disconnected
[21/10 15:48:34] [info] iKhux_ | connected
[21/10 15:48:34] [info] iKhux_ | fetched user data : active quests 
[21/10 15:48:34] [info] iKhux_ | fetching user quests : 
- user active quests : 
- filtered (non-cached) : 
[21/10 15:48:34] [info] iKhux_ | fetched user quests : 
[21/10 16:15:53] [info] iKhux_ | disposing user quests data : 
- must dispose quests
[21/10 16:15:53] [info] iKhux_ | disposed user data
[21/10 16:15:53] [info] iKhux_ | disconnected
[21/10 16:33:42] [info] iKhux_ | connected
[21/10 16:33:42] [info] iKhux_ | fetched user data : active quests 
[21/10 16:33:42] [info] iKhux_ | fetching user quests : 
- user active quests : 
- filtered (non-cached) : 
[21/10 16:33:42] [info] iKhux_ | fetched user quests : 
[21/10 16:35:24] [info] iKhux_ | disposing user quests data : 
- must dispose quests
[21/10 16:35:24] [info] iKhux_ | disposed user data
[21/10 16:35:24] [info] iKhux_ | disconnected
[21/10 16:54:43] [info] iKhux_ | connected
[21/10 16:54:43] [info] iKhux_ | fetched user data : active quests 
[21/10 16:54:43] [info] iKhux_ | fetching user quests : 
- user active quests : 
- filtered (non-cached) : 
[21/10 16:54:43] [info] iKhux_ | fetched user quests : 
[21/10 16:57:58] [info] iKhux_ | disposing user quests data : 
- must dispose quests
[21/10 16:57:58] [info] iKhux_ | disposed user data
[21/10 16:57:58] [info] iKhux_ | disconnected
[21/10 17:00:36] [info] iKhux_ | connected
[21/10 17:00:36] [info] iKhux_ | fetched user data : active quests 
[21/10 17:00:36] [info] iKhux_ | fetching user quests : 
- user active quests : 
- filtered (non-cached) : 
[21/10 17:00:36] [info] iKhux_ | fetched user quests : 
[21/10 18:42:10] [info] iKhux_ | disposing user quests data : 
- must dispose quests
[21/10 18:42:10] [info] iKhux_ | disposed user data
[21/10 18:42:10] [info] iKhux_ | disconnected
[21/10 18:43:17] [info] iKhux_ | connected
[21/10 18:43:17] [info] iKhux_ | fetched user data : active quests 
[21/10 18:43:17] [info] iKhux_ | fetching user quests : 
- user active quests : 
- filtered (non-cached) : 
[21/10 18:43:17] [info] iKhux_ | fetched user quests : 
[21/10 19:10:04] [info] iKhux_ | disposing user quests data : 
- must dispose quests
[21/10 19:10:04] [info] iKhux_ | disposed user data
[21/10 19:10:04] [info] iKhux_ | disconnected
[21/10 19:11:12] [info] iKhux_ | connected
[21/10 19:11:12] [info] iKhux_ | fetched user data : active quests 
[21/10 19:11:12] [info] iKhux_ | fetching user quests : 
- user active quests : 
- filtered (non-cached) : 
[21/10 19:11:12] [info] iKhux_ | fetched user quests : 
[21/10 20:18:41] [info] iKhux_ | disposing user quests data : 
- must dispose quests
[21/10 20:18:41] [info] iKhux_ | disposed user data
[21/10 20:18:41] [info] iKhux_ | disconnected
[21/10 20:19:44] [info] iKhux_ | connected
[21/10 20:19:44] [info] iKhux_ | fetched user data : active quests 
[21/10 20:19:44] [info] iKhux_ | fetching user quests : 
- user active quests : 
- filtered (non-cached) : 
[21/10 20:19:44] [info] iKhux_ | fetched user quests : 
[21/10 20:28:37] [info] iKhux_ | disposing user quests data : 
- must dispose quests
[21/10 20:28:37] [info] iKhux_ | disposed user data
[21/10 20:28:37] [info] iKhux_ | disconnected
[21/10 21:21:09] [info] iKhux_ | connected
[21/10 21:21:09] [info] iKhux_ | fetched user data : active quests 
[21/10 21:21:09] [info] iKhux_ | fetching user quests : 
- user active quests : 
- filtered (non-cached) : 
[21/10 21:21:09] [info] iKhux_ | fetched user quests : 
[21/10 21:52:15] [info] iKhux_ | disposing user quests data : 
- must dispose quests
[21/10 21:52:15] [info] iKhux_ | disposed user data
[21/10 21:52:15] [info] iKhux_ | disconnected
[21/10 21:52:50] [info] iKhux_ | connected
[21/10 21:52:50] [info] iKhux_ | fetched user data : active quests 
[21/10 21:52:50] [info] iKhux_ | fetching user quests : 
- user active quests : 
- filtered (non-cached) : 
[21/10 21:52:50] [info] iKhux_ | fetched user quests : 
[21/10 21:59:27] [info] iKhux_ | disposing user quests data : 
- must dispose quests
[21/10 21:59:27] [info] iKhux_ | disposed user data
[21/10 21:59:27] [info] iKhux_ | disconnected
[21/10 22:11:22] [info] iKhux_ | connected
[21/10 22:11:22] [info] iKhux_ | fetched user data : active quests 
[21/10 22:11:22] [info] iKhux_ | fetching user quests : 
- user active quests : 
- filtered (non-cached) : 
[21/10 22:11:22] [info] iKhux_ | fetched user quests : 
[21/10 22:50:20] [info] iKhux_ | disposing user quests data : 
- must dispose quests
[21/10 22:50:20] [info] iKhux_ | disposed user data
[21/10 22:50:20] [info] iKhux_ | disconnected
[22/10 21:27:13] [info] iKhux_ | connected
[22/10 21:27:13] [info] iKhux_ | fetched user data : active quests 
[22/10 21:27:13] [info] iKhux_ | fetching user quests : 
- user active quests : 
- filtered (non-cached) : 
[22/10 21:27:13] [info] iKhux_ | fetched user quests : 
[22/10 22:14:06] [info] iKhux_ | disposing user quests data : 
- must dispose quests
[22/10 22:14:06] [info] iKhux_ | disposed user data
[22/10 22:14:06] [info] iKhux_ | disconnected
[22/10 22:23:19] [info] iKhux_ | connected
[22/10 22:23:19] [info] iKhux_ | fetched user data : active quests 
[22/10 22:23:19] [info] iKhux_ | fetching user quests : 
- user active quests : 
- filtered (non-cached) : 
[22/10 22:23:19] [info] iKhux_ | fetched user quests : 
[22/10 22:45:29] [info] iKhux_ | disposing user quests data : 
- must dispose quests
[22/10 22:45:29] [info] iKhux_ | disposed user data
[22/10 22:45:29] [info] iKhux_ | disconnected
[22/10 23:39:37] [info] iKhux_ | connected
[22/10 23:39:37] [info] iKhux_ | fetched user data : active quests 
[22/10 23:39:37] [info] iKhux_ | fetching user quests : 
- user active quests : 
- filtered (non-cached) : 
[22/10 23:39:37] [info] iKhux_ | fetched user quests : 
[22/10 23:43:07] [info] iKhux_ | disposing user quests data : 
- must dispose quests
[22/10 23:43:07] [info] iKhux_ | disposed user data
[22/10 23:43:07] [info] iKhux_ | disconnected
[22/10 23:58:50] [info] iKhux_ | connected
[22/10 23:58:50] [info] iKhux_ | fetched user data : active quests 
[22/10 23:58:50] [info] iKhux_ | fetching user quests : 
- user active quests : 
- filtered (non-cached) : 
[22/10 23:58:50] [info] iKhux_ | fetched user quests : 
[23/10 00:46:11] [info] iKhux_ | disposing user quests data : 
- must dispose quests
[23/10 00:46:11] [info] iKhux_ | disposed user data
[23/10 00:46:11] [info] iKhux_ | disconnected
[23/10 01:32:51] [info] iKhux_ | connected
[23/10 01:32:51] [info] iKhux_ | fetched user data : active quests 
[23/10 01:32:51] [info] iKhux_ | fetching user quests : 
- user active quests : 
- filtered (non-cached) : 
[23/10 01:32:51] [info] iKhux_ | fetched user quests : 
[23/10 01:41:14] [info] iKhux_ | disposing user quests data : 
- must dispose quests
[23/10 01:41:14] [info] iKhux_ | disposed user data
[23/10 01:41:14] [info] iKhux_ | disconnected
[23/10 01:41:39] [info] iKhux_ | connected
[23/10 01:41:39] [info] iKhux_ | fetched user data : active quests 
[23/10 01:41:39] [info] iKhux_ | fetching user quests : 
- user active quests : 
- filtered (non-cached) : 
[23/10 01:41:39] [info] iKhux_ | fetched user quests : 
[23/10 01:57:14] [info] iKhux_ | disposing user quests data : 
- must dispose quests
[23/10 01:57:14] [info] iKhux_ | disposed user data
[23/10 01:57:14] [info] iKhux_ | disconnected
[23/10 02:10:06] [info] iKhux_ | connected
[23/10 02:10:06] [info] iKhux_ | fetched user data : active quests 
[23/10 02:10:06] [info] iKhux_ | fetching user quests : 
- user active quests : 
- filtered (non-cached) : 
[23/10 02:10:06] [info] iKhux_ | fetched user quests : 
[23/10 03:41:06] [info] iKhux_ | disposing user quests data : 
- must dispose quests
[23/10 03:41:06] [info] iKhux_ | disposed user data
[23/10 03:41:06] [info] iKhux_ | disconnected
[23/10 14:47:22] [info] iKhux_ | connected
[23/10 14:47:22] [info] iKhux_ | fetched user data : active quests 
[23/10 14:47:22] [info] iKhux_ | fetching user quests : 
- user active quests : 
- filtered (non-cached) : 
[23/10 14:47:22] [info] iKhux_ | fetched user quests : 
[23/10 15:48:51] [info] iKhux_ | connected
[23/10 15:48:51] [info] iKhux_ | fetched user data : active quests 
[23/10 15:48:51] [info] iKhux_ | fetching user quests : 
- user active quests : 
- filtered (non-cached) : 
[23/10 15:48:51] [info] iKhux_ | fetched user quests : 
[23/10 16:10:30] [info] iKhux_ | disposing user quests data : 
- must dispose quests
[23/10 16:10:30] [info] iKhux_ | disposed user data
[23/10 16:10:30] [info] iKhux_ | disconnected
[23/10 17:02:12] [info] iKhux_ | connected
[23/10 17:02:12] [info] iKhux_ | fetched user data : active quests 
[23/10 17:02:12] [info] iKhux_ | fetching user quests : 
- user active quests : 
- filtered (non-cached) : 
[23/10 17:02:12] [info] iKhux_ | fetched user quests : 
[23/10 17:12:35] [info] iKhux_ | disposing user quests data : 
- must dispose quests
[23/10 17:12:35] [info] iKhux_ | disposed user data
[23/10 17:12:35] [info] iKhux_ | disconnected
[23/10 20:52:04] [info] iKhux_ | connected
[23/10 20:52:04] [info] iKhux_ | fetched user data : active quests 
[23/10 20:52:04] [info] iKhux_ | fetching user quests : 
- user active quests : 
- filtered (non-cached) : 
[23/10 20:52:04] [info] iKhux_ | fetched user quests : 
[23/10 21:01:27] [info] iKhux_ | disposing user quests data : 
- must dispose quests
[23/10 21:01:27] [info] iKhux_ | disposed user data
[23/10 21:01:27] [info] iKhux_ | disconnected
[23/10 21:01:54] [info] iKhux_ | connected
[23/10 21:01:54] [info] iKhux_ | fetched user data : active quests 
[23/10 21:01:54] [info] iKhux_ | fetching user quests : 
- user active quests : 
- filtered (non-cached) : 
[23/10 21:01:54] [info] iKhux_ | fetched user quests : 
[23/10 21:13:24] [info] iKhux_ | disposing user quests data : 
- must dispose quests
[23/10 21:13:24] [info] iKhux_ | disposed user data
[23/10 21:13:24] [info] iKhux_ | disconnected
[23/10 21:20:17] [info] iKhux_ | connected
[23/10 21:20:17] [info] iKhux_ | fetched user data : active quests 
[23/10 21:20:17] [info] iKhux_ | fetching user quests : 
- user active quests : 
- filtered (non-cached) : 
[23/10 21:20:17] [info] iKhux_ | fetched user quests : 
[23/10 21:40:04] [info] iKhux_ | disposing user quests data : 
- must dispose quests
[23/10 21:40:04] [info] iKhux_ | disposed user data
[23/10 21:40:04] [info] iKhux_ | disconnected
[23/10 21:40:46] [info] iKhux_ | connected
[23/10 21:40:46] [info] iKhux_ | fetched user data : active quests 
[23/10 21:40:46] [info] iKhux_ | fetching user quests : 
- user active quests : 
- filtered (non-cached) : 
[23/10 21:40:46] [info] iKhux_ | fetched user quests : 
[23/10 21:44:18] [info] iKhux_ | disposing user quests data : 
- must dispose quests
[23/10 21:44:18] [info] iKhux_ | disposed user data
[23/10 21:44:18] [info] iKhux_ | disconnected
[23/10 23:58:39] [info] iKhux_ | connected
[23/10 23:58:39] [info] iKhux_ | fetched user data : active quests 
[23/10 23:58:39] [info] iKhux_ | fetching user quests : 
- user active quests : 
- filtered (non-cached) : 
[23/10 23:58:39] [info] iKhux_ | fetched user quests : 
[24/10 00:00:02] [info] iKhux_ | disposing user quests data : 
- must dispose quests
[24/10 00:00:02] [info] iKhux_ | disposed user data
[24/10 00:00:02] [info] iKhux_ | disconnected
[24/10 00:55:42] [info] iKhux_ | connected
[24/10 00:55:42] [info] iKhux_ | fetched user data : active quests 
[24/10 00:55:42] [info] iKhux_ | fetching user quests : 
- user active quests : 
- filtered (non-cached) : 
[24/10 00:55:42] [info] iKhux_ | fetched user quests : 
[24/10 01:44:40] [info] iKhux_ | disposing user quests data : 
- must dispose quests
[24/10 01:44:40] [info] iKhux_ | disposed user data
[24/10 01:44:40] [info] iKhux_ | disconnected
[24/10 09:04:38] [info] iKhux_ | connected
[24/10 09:04:38] [info] iKhux_ | fetched user data : active quests 
[24/10 09:04:38] [info] iKhux_ | fetching user quests : 
- user active quests : 
- filtered (non-cached) : 
[24/10 09:04:38] [info] iKhux_ | fetched user quests : 
[24/10 09:52:52] [info] iKhux_ | disposing user quests data : 
- must dispose quests
[24/10 09:52:52] [info] iKhux_ | disposed user data
[24/10 09:52:52] [info] iKhux_ | disconnected
[24/10 15:53:28] [info] iKhux_ | connected
[24/10 15:53:28] [info] iKhux_ | fetched user data : active quests 
[24/10 15:53:28] [info] iKhux_ | fetching user quests : 
- user active quests : 
- filtered (non-cached) : 
[24/10 15:53:28] [info] iKhux_ | fetched user quests : 
[24/10 16:05:29] [info] iKhux_ | disposing user quests data : 
- must dispose quests
[24/10 16:05:29] [info] iKhux_ | disposed user data
[24/10 16:05:29] [info] iKhux_ | disconnected
[24/10 16:38:10] [info] iKhux_ | connected
[24/10 16:38:10] [info] iKhux_ | fetched user data : active quests 
[24/10 16:38:10] [info] iKhux_ | fetching user quests : 
- user active quests : 
- filtered (non-cached) : 
[24/10 16:38:10] [info] iKhux_ | fetched user quests : 
