[16/10 20:15:00] [info] Danitwich | connected
[16/10 20:15:00] [info] Danitwich | fetched user data : no value ; created it
[16/10 20:15:00] [info] Danitwich | pushing user 8ad3ce37-7a3b-389d-81ce-0919f5017df4, active quests : 
[16/10 20:15:00] [info] Danitwich | fetching user quests : 
- user active quests : 
- filtered (non-cached) : 
[16/10 20:15:00] [info] Danitwich | fetched user quests : 
[16/10 20:27:32] [info] Danitwich | disposing user quests data : 
- must dispose quests
[16/10 20:27:32] [info] Danitwich | disposed user data
[16/10 20:27:32] [info] Danitwich | disconnected
[16/10 20:27:54] [info] Danitwich | connected
[16/10 20:27:54] [info] Danitwich | fetched user data : active quests 
[16/10 20:27:54] [info] Danitwich | fetching user quests : 
- user active quests : 
- filtered (non-cached) : 
[16/10 20:27:54] [info] Danitwich | fetched user quests : 
[16/10 20:36:02] [info] Danitwich | disposing user quests data : 
- must dispose quests
[16/10 20:36:02] [info] Danitwich | disposed user data
[16/10 20:36:02] [info] Danitwich | disconnected
[17/10 19:13:30] [info] Danitwich | connected
[17/10 19:13:30] [info] Danitwich | fetched user data : active quests 
[17/10 19:13:30] [info] Danitwich | fetching user quests : 
- user active quests : 
- filtered (non-cached) : 
[17/10 19:13:30] [info] Danitwich | fetched user quests : 
[17/10 19:53:15] [info] Danitwich | disposing user quests data : 
- must dispose quests
[17/10 19:53:15] [info] Danitwich | disposed user data
[17/10 19:53:15] [info] Danitwich | disconnected
[19/10 16:32:22] [info] Danitwich | connected
[19/10 16:32:22] [info] Danitwich | fetched user data : active quests 
[19/10 16:32:22] [info] Danitwich | fetching user quests : 
- user active quests : 
- filtered (non-cached) : 
[19/10 16:32:22] [info] Danitwich | fetched user quests : 
[19/10 16:46:02] [info] Danitwich | disposing user quests data : 
- must dispose quests
[19/10 16:46:02] [info] Danitwich | disposed user data
[19/10 16:46:02] [info] Danitwich | disconnected
[19/10 16:50:51] [info] Danitwich | connected
[19/10 16:50:51] [info] Danitwich | fetched user data : active quests 
[19/10 16:50:51] [info] Danitwich | fetching user quests : 
- user active quests : 
- filtered (non-cached) : 
[19/10 16:50:51] [info] Danitwich | fetched user quests : 
[19/10 16:52:21] [info] Danitwich | disposing user quests data : 
- must dispose quests
[19/10 16:52:21] [info] Danitwich | disposed user data
[19/10 16:52:21] [info] Danitwich | disconnected
[21/10 12:27:34] [info] Danitwich | connected
[21/10 12:27:34] [info] Danitwich | fetched user data : active quests 
[21/10 12:27:34] [info] Danitwich | fetching user quests : 
- user active quests : 
- filtered (non-cached) : 
[21/10 12:27:34] [info] Danitwich | fetched user quests : 
[21/10 13:24:06] [info] Danitwich | disposing user quests data : 
- must dispose quests
[21/10 13:24:06] [info] Danitwich | disposed user data
[21/10 13:24:06] [info] Danitwich | disconnected
[21/10 13:24:26] [info] Danitwich | connected
[21/10 13:24:26] [info] Danitwich | fetched user data : active quests 
[21/10 13:24:26] [info] Danitwich | fetching user quests : 
- user active quests : 
- filtered (non-cached) : 
[21/10 13:24:26] [info] Danitwich | fetched user quests : 
[21/10 13:25:32] [info] Danitwich | disposing user quests data : 
- must dispose quests
[21/10 13:25:32] [info] Danitwich | disposed user data
[21/10 13:25:32] [info] Danitwich | disconnected
[21/10 13:25:39] [info] Danitwich | connected
[21/10 13:25:39] [info] Danitwich | fetched user data : active quests 
[21/10 13:25:39] [info] Danitwich | fetching user quests : 
- user active quests : 
- filtered (non-cached) : 
[21/10 13:25:39] [info] Danitwich | fetched user quests : 
[21/10 13:26:19] [info] Danitwich | disposing user quests data : 
- must dispose quests
[21/10 13:26:19] [info] Danitwich | disposed user data
[21/10 13:26:19] [info] Danitwich | disconnected
[21/10 13:28:47] [info] Danitwich | connected
[21/10 13:28:47] [info] Danitwich | fetched user data : active quests 
[21/10 13:28:47] [info] Danitwich | fetching user quests : 
- user active quests : 
- filtered (non-cached) : 
[21/10 13:28:47] [info] Danitwich | fetched user quests : 
[21/10 15:40:57] [info] Danitwich | disposing user quests data : 
- must dispose quests
[21/10 15:40:57] [info] Danitwich | disposed user data
[21/10 15:40:57] [info] Danitwich | disconnected
[21/10 15:54:36] [info] Danitwich | connected
[21/10 15:54:36] [info] Danitwich | fetched user data : active quests 
[21/10 15:54:36] [info] Danitwich | fetching user quests : 
- user active quests : 
- filtered (non-cached) : 
[21/10 15:54:36] [info] Danitwich | fetched user quests : 
[21/10 16:16:33] [info] Danitwich | disposing user quests data : 
- must dispose quests
[21/10 16:16:33] [info] Danitwich | disposed user data
[21/10 16:16:33] [info] Danitwich | disconnected
[21/10 16:16:42] [info] Danitwich | connected
[21/10 16:16:42] [info] Danitwich | fetched user data : active quests 
[21/10 16:16:42] [info] Danitwich | fetching user quests : 
- user active quests : 
- filtered (non-cached) : 
[21/10 16:16:42] [info] Danitwich | fetched user quests : 
[21/10 16:33:33] [info] Danitwich | disposing user quests data : 
- must dispose quests
[21/10 16:33:33] [info] Danitwich | disposed user data
[21/10 16:33:33] [info] Danitwich | disconnected
[21/10 16:33:37] [info] Danitwich | connected
[21/10 16:33:37] [info] Danitwich | fetched user data : active quests 
[21/10 16:33:37] [info] Danitwich | fetching user quests : 
- user active quests : 
- filtered (non-cached) : 
[21/10 16:33:37] [info] Danitwich | fetched user quests : 
[21/10 16:38:46] [info] Danitwich | disposing user quests data : 
- must dispose quests
[21/10 16:38:46] [info] Danitwich | disposed user data
[21/10 16:38:46] [info] Danitwich | disconnected
[22/10 10:32:48] [info] Danitwich | connected
[22/10 10:32:48] [info] Danitwich | fetched user data : active quests 
[22/10 10:32:48] [info] Danitwich | fetching user quests : 
- user active quests : 
- filtered (non-cached) : 
[22/10 10:32:48] [info] Danitwich | fetched user quests : 
[22/10 13:04:47] [info] Danitwich | disposing user quests data : 
- must dispose quests
[22/10 13:04:47] [info] Danitwich | disposed user data
[22/10 13:04:47] [info] Danitwich | disconnected
[22/10 13:07:13] [info] Danitwich | connected
[22/10 13:07:13] [info] Danitwich | fetched user data : active quests 
[22/10 13:07:13] [info] Danitwich | fetching user quests : 
- user active quests : 
- filtered (non-cached) : 
[22/10 13:07:13] [info] Danitwich | fetched user quests : 
[22/10 13:11:55] [info] Danitwich | disposing user quests data : 
- must dispose quests
[22/10 13:11:55] [info] Danitwich | disposed user data
[22/10 13:11:55] [info] Danitwich | disconnected
[22/10 13:20:28] [info] Danitwich | connected
[22/10 13:20:28] [info] Danitwich | fetched user data : active quests 
[22/10 13:20:28] [info] Danitwich | fetching user quests : 
- user active quests : 
- filtered (non-cached) : 
[22/10 13:20:28] [info] Danitwich | fetched user quests : 
[22/10 13:23:56] [info] Danitwich | disposing user quests data : 
- must dispose quests
[22/10 13:23:56] [info] Danitwich | disposed user data
[22/10 13:23:56] [info] Danitwich | disconnected
[22/10 13:23:59] [info] Danitwich | connected
[22/10 13:23:59] [info] Danitwich | fetched user data : active quests 
[22/10 13:23:59] [info] Danitwich | fetching user quests : 
- user active quests : 
- filtered (non-cached) : 
[22/10 13:23:59] [info] Danitwich | fetched user quests : 
[22/10 13:27:54] [info] Danitwich | disposing user quests data : 
- must dispose quests
[22/10 13:27:54] [info] Danitwich | disposed user data
[22/10 13:27:54] [info] Danitwich | disconnected
[22/10 13:27:58] [info] Danitwich | connected
[22/10 13:27:58] [info] Danitwich | fetched user data : active quests 
[22/10 13:27:58] [info] Danitwich | fetching user quests : 
- user active quests : 
- filtered (non-cached) : 
[22/10 13:27:58] [info] Danitwich | fetched user quests : 
[22/10 13:32:27] [info] Danitwich | disposing user quests data : 
- must dispose quests
[22/10 13:32:27] [info] Danitwich | disposed user data
[22/10 13:32:27] [info] Danitwich | disconnected
[22/10 13:32:39] [info] Danitwich | connected
[22/10 13:32:39] [info] Danitwich | fetched user data : active quests 
[22/10 13:32:39] [info] Danitwich | fetching user quests : 
- user active quests : 
- filtered (non-cached) : 
[22/10 13:32:39] [info] Danitwich | fetched user quests : 
[22/10 17:32:42] [info] Danitwich | disposing user quests data : 
- must dispose quests
[22/10 17:32:42] [info] Danitwich | disposed user data
[22/10 17:32:42] [info] Danitwich | disconnected
[22/10 17:51:54] [info] Danitwich | connected
[22/10 17:51:54] [info] Danitwich | fetched user data : active quests 
[22/10 17:51:54] [info] Danitwich | fetching user quests : 
- user active quests : 
- filtered (non-cached) : 
[22/10 17:51:54] [info] Danitwich | fetched user quests : 
[22/10 18:06:16] [info] Danitwich | disposing user quests data : 
- must dispose quests
[22/10 18:06:16] [info] Danitwich | disposed user data
[22/10 18:06:16] [info] Danitwich | disconnected
[22/10 18:07:57] [info] Danitwich | connected
[22/10 18:07:57] [info] Danitwich | fetched user data : active quests 
[22/10 18:07:57] [info] Danitwich | fetching user quests : 
- user active quests : 
- filtered (non-cached) : 
[22/10 18:07:57] [info] Danitwich | fetched user quests : 
[22/10 18:40:08] [info] Danitwich | disposing user quests data : 
- must dispose quests
[22/10 18:40:08] [info] Danitwich | disposed user data
[22/10 18:40:08] [info] Danitwich | disconnected
[23/10 14:47:19] [info] Danitwich | connected
[23/10 14:47:19] [info] Danitwich | fetched user data : active quests 
[23/10 14:47:19] [info] Danitwich | fetching user quests : 
- user active quests : 
- filtered (non-cached) : 
[23/10 14:47:19] [info] Danitwich | fetched user quests : 
[23/10 15:28:04] [info] Danitwich | disposing user quests data : 
- must dispose quests
[23/10 15:28:04] [info] Danitwich | disposed user data
[23/10 15:28:04] [info] Danitwich | disconnected
[23/10 15:29:00] [info] Danitwich | connected
[23/10 15:29:00] [info] Danitwich | fetched user data : active quests 
[23/10 15:29:00] [info] Danitwich | fetching user quests : 
- user active quests : 
- filtered (non-cached) : 
[23/10 15:29:00] [info] Danitwich | fetched user quests : 
[23/10 15:30:15] [info] Danitwich | disposing user quests data : 
- must dispose quests
[23/10 15:30:15] [info] Danitwich | disposed user data
[23/10 15:30:15] [info] Danitwich | disconnected
[23/10 15:34:04] [info] Danitwich | connected
[23/10 15:34:04] [info] Danitwich | fetched user data : active quests 
[23/10 15:34:04] [info] Danitwich | fetching user quests : 
- user active quests : 
- filtered (non-cached) : 
[23/10 15:34:04] [info] Danitwich | fetched user quests : 
[23/10 15:35:50] [info] Danitwich | disposing user quests data : 
- must dispose quests
[23/10 15:35:50] [info] Danitwich | disposed user data
[23/10 15:35:50] [info] Danitwich | disconnected
[23/10 15:37:15] [info] Danitwich | connected
[23/10 15:37:15] [info] Danitwich | fetched user data : active quests 
[23/10 15:37:15] [info] Danitwich | fetching user quests : 
- user active quests : 
- filtered (non-cached) : 
[23/10 15:37:15] [info] Danitwich | fetched user quests : 
[23/10 15:48:53] [info] Danitwich | connected
[23/10 15:48:53] [info] Danitwich | fetched user data : active quests 
[23/10 15:48:53] [info] Danitwich | fetching user quests : 
- user active quests : 
- filtered (non-cached) : 
[23/10 15:48:53] [info] Danitwich | fetched user quests : 
[23/10 16:20:36] [info] Danitwich | disposing user quests data : 
- must dispose quests
[23/10 16:20:36] [info] Danitwich | disposed user data
[23/10 16:20:36] [info] Danitwich | disconnected
