[16/10 19:38:14] [info] andy0909 | connected
[16/10 19:38:14] [info] andy0909 | fetched user data : no value ; created it
[16/10 19:38:14] [info] andy0909 | pushing user 8b6cbc4b-9d22-3542-a5d7-bb422b9bb54b, active quests : 
[16/10 19:38:14] [info] andy0909 | fetching user quests : 
- user active quests : 
- filtered (non-cached) : 
[16/10 19:38:14] [info] andy0909 | fetched user quests : 
[16/10 20:00:09] [info] andy0909 | disposing user quests data : 
- must dispose quests
[16/10 20:00:09] [info] andy0909 | disposed user data
[16/10 20:00:09] [info] andy0909 | disconnected
[16/10 20:08:06] [info] andy0909 | connected
[16/10 20:08:06] [info] andy0909 | fetched user data : active quests 
[16/10 20:08:06] [info] andy0909 | fetching user quests : 
- user active quests : 
- filtered (non-cached) : 
[16/10 20:08:06] [info] andy0909 | fetched user quests : 
[16/10 20:23:04] [info] andy0909 | disposing user quests data : 
- must dispose quests
[16/10 20:23:04] [info] andy0909 | disposed user data
[16/10 20:23:04] [info] andy0909 | disconnected
