[16/10 13:02:08] [info] master_kombac_2 | connected
[16/10 13:02:08] [info] master_kombac_2 | fetched user data : no value ; created it
[16/10 13:02:08] [info] master_kombac_2 | pushing user 91157c42-4c23-3206-801b-ef22e7a4c1ee, active quests : 
[16/10 13:02:08] [info] master_kombac_2 | fetching user quests : 
- user active quests : 
- filtered (non-cached) : 
[16/10 13:02:08] [info] master_kombac_2 | fetched user quests : 
[16/10 13:56:57] [info] master_kombac_2 | disposing user quests data : 
- must dispose quests
[16/10 13:56:57] [info] master_kombac_2 | disposed user data
[16/10 13:56:57] [info] master_kombac_2 | disconnected
[16/10 14:00:34] [info] master_kombac_2 | connected
[16/10 14:00:34] [info] master_kombac_2 | fetched user data : active quests 
[16/10 14:00:34] [info] master_kombac_2 | fetching user quests : 
- user active quests : 
- filtered (non-cached) : 
[16/10 14:00:34] [info] master_kombac_2 | fetched user quests : 
[16/10 14:52:27] [info] master_kombac_2 | disposing user quests data : 
- must dispose quests
[16/10 14:52:27] [info] master_kombac_2 | disposed user data
[16/10 14:52:27] [info] master_kombac_2 | disconnected
[16/10 14:53:07] [info] master_kombac_2 | connected
[16/10 14:53:07] [info] master_kombac_2 | fetched user data : active quests 
[16/10 14:53:07] [info] master_kombac_2 | fetching user quests : 
- user active quests : 
- filtered (non-cached) : 
[16/10 14:53:07] [info] master_kombac_2 | fetched user quests : 
[16/10 14:54:54] [info] master_kombac_2 | disposing user quests data : 
- must dispose quests
[16/10 14:54:54] [info] master_kombac_2 | disposed user data
[16/10 14:54:54] [info] master_kombac_2 | disconnected
[16/10 14:56:06] [info] master_kombac_2 | connected
[16/10 14:56:06] [info] master_kombac_2 | fetched user data : active quests 
[16/10 14:56:06] [info] master_kombac_2 | fetching user quests : 
- user active quests : 
- filtered (non-cached) : 
[16/10 14:56:06] [info] master_kombac_2 | fetched user quests : 
[16/10 15:02:29] [info] master_kombac_2 | disposing user quests data : 
- must dispose quests
[16/10 15:02:29] [info] master_kombac_2 | disposed user data
[16/10 15:02:29] [info] master_kombac_2 | disconnected
[16/10 15:03:06] [info] master_kombac_2 | connected
[16/10 15:03:06] [info] master_kombac_2 | fetched user data : active quests 
[16/10 15:03:06] [info] master_kombac_2 | fetching user quests : 
- user active quests : 
- filtered (non-cached) : 
[16/10 15:03:06] [info] master_kombac_2 | fetched user quests : 
[16/10 15:05:28] [info] master_kombac_2 | disposing user quests data : 
- must dispose quests
[16/10 15:05:28] [info] master_kombac_2 | disposed user data
[16/10 15:05:28] [info] master_kombac_2 | disconnected
[16/10 15:06:00] [info] master_kombac_2 | connected
[16/10 15:06:00] [info] master_kombac_2 | fetched user data : active quests 
[16/10 15:06:00] [info] master_kombac_2 | fetching user quests : 
- user active quests : 
- filtered (non-cached) : 
[16/10 15:06:00] [info] master_kombac_2 | fetched user quests : 
[16/10 15:08:19] [info] master_kombac_2 | disposing user quests data : 
- must dispose quests
[16/10 15:08:19] [info] master_kombac_2 | disposed user data
[16/10 15:08:19] [info] master_kombac_2 | disconnected
[16/10 15:24:03] [info] master_kombac_2 | connected
[16/10 15:24:03] [info] master_kombac_2 | fetched user data : active quests 
[16/10 15:24:03] [info] master_kombac_2 | fetching user quests : 
- user active quests : 
- filtered (non-cached) : 
[16/10 15:24:03] [info] master_kombac_2 | fetched user quests : 
[16/10 15:37:15] [info] master_kombac_2 | disposing user quests data : 
- must dispose quests
[16/10 15:37:15] [info] master_kombac_2 | disposed user data
[16/10 15:37:15] [info] master_kombac_2 | disconnected
[16/10 15:38:00] [info] master_kombac_2 | connected
[16/10 15:38:00] [info] master_kombac_2 | fetched user data : active quests 
[16/10 15:38:00] [info] master_kombac_2 | fetching user quests : 
- user active quests : 
- filtered (non-cached) : 
[16/10 15:38:00] [info] master_kombac_2 | fetched user quests : 
[16/10 15:44:16] [info] master_kombac_2 | disposing user quests data : 
- must dispose quests
[16/10 15:44:16] [info] master_kombac_2 | disposed user data
[16/10 15:44:16] [info] master_kombac_2 | disconnected
[16/10 15:45:00] [info] master_kombac_2 | connected
[16/10 15:45:00] [info] master_kombac_2 | fetched user data : active quests 
[16/10 15:45:00] [info] master_kombac_2 | fetching user quests : 
- user active quests : 
- filtered (non-cached) : 
[16/10 15:45:00] [info] master_kombac_2 | fetched user quests : 
[16/10 16:05:53] [info] master_kombac_2 | disposing user quests data : 
- must dispose quests
[16/10 16:05:53] [info] master_kombac_2 | disposed user data
[16/10 16:05:53] [info] master_kombac_2 | disconnected
[17/10 13:05:28] [info] master_kombac_2 | connected
[17/10 13:05:29] [info] master_kombac_2 | fetched user data : active quests 
[17/10 13:05:29] [info] master_kombac_2 | fetching user quests : 
- user active quests : 
- filtered (non-cached) : 
[17/10 13:05:29] [info] master_kombac_2 | fetched user quests : 
[17/10 13:18:32] [info] master_kombac_2 | disposing user quests data : 
- must dispose quests
[17/10 13:18:32] [info] master_kombac_2 | disposed user data
[17/10 13:18:32] [info] master_kombac_2 | disconnected
[17/10 13:18:57] [info] master_kombac_2 | connected
[17/10 13:18:57] [info] master_kombac_2 | fetched user data : active quests 
[17/10 13:18:57] [info] master_kombac_2 | fetching user quests : 
- user active quests : 
- filtered (non-cached) : 
[17/10 13:18:57] [info] master_kombac_2 | fetched user quests : 
[17/10 15:32:42] [info] master_kombac_2 | disposing user quests data : 
- must dispose quests
[17/10 15:32:42] [info] master_kombac_2 | disposed user data
[17/10 15:32:42] [info] master_kombac_2 | disconnected
[17/10 15:42:07] [info] master_kombac_2 | connected
[17/10 15:42:07] [info] master_kombac_2 | fetched user data : active quests 
[17/10 15:42:07] [info] master_kombac_2 | fetching user quests : 
- user active quests : 
- filtered (non-cached) : 
[17/10 15:42:07] [info] master_kombac_2 | fetched user quests : 
[17/10 15:54:10] [info] master_kombac_2 | disposing user quests data : 
- must dispose quests
[17/10 15:54:10] [info] master_kombac_2 | disposed user data
[17/10 15:54:10] [info] master_kombac_2 | disconnected
[17/10 19:13:54] [info] master_kombac_2 | connected
[17/10 19:13:54] [info] master_kombac_2 | fetched user data : active quests 
[17/10 19:13:54] [info] master_kombac_2 | fetching user quests : 
- user active quests : 
- filtered (non-cached) : 
[17/10 19:13:54] [info] master_kombac_2 | fetched user quests : 
[17/10 19:19:39] [info] master_kombac_2 | disposing user quests data : 
- must dispose quests
[17/10 19:19:39] [info] master_kombac_2 | disposed user data
[17/10 19:19:39] [info] master_kombac_2 | disconnected
[17/10 19:20:00] [info] master_kombac_2 | connected
[17/10 19:20:00] [info] master_kombac_2 | fetched user data : active quests 
[17/10 19:20:00] [info] master_kombac_2 | fetching user quests : 
- user active quests : 
- filtered (non-cached) : 
[17/10 19:20:00] [info] master_kombac_2 | fetched user quests : 
[17/10 20:06:32] [info] master_kombac_2 | disposing user quests data : 
- must dispose quests
[17/10 20:06:32] [info] master_kombac_2 | disposed user data
[17/10 20:06:32] [info] master_kombac_2 | disconnected
[18/10 18:35:08] [info] master_kombac_2 | connected
[18/10 18:35:08] [info] master_kombac_2 | fetched user data : active quests 
[18/10 18:35:08] [info] master_kombac_2 | fetching user quests : 
- user active quests : 
- filtered (non-cached) : 
[18/10 18:35:08] [info] master_kombac_2 | fetched user quests : 
[18/10 19:43:05] [info] master_kombac_2 | disposing user quests data : 
- must dispose quests
[18/10 19:43:05] [info] master_kombac_2 | disposed user data
[18/10 19:43:05] [info] master_kombac_2 | disconnected
[19/10 14:46:38] [info] master_kombac_2 | connected
[19/10 14:46:38] [info] master_kombac_2 | fetched user data : active quests 
[19/10 14:46:38] [info] master_kombac_2 | fetching user quests : 
- user active quests : 
- filtered (non-cached) : 
[19/10 14:46:38] [info] master_kombac_2 | fetched user quests : 
[19/10 15:47:29] [info] master_kombac_2 | disposing user quests data : 
- must dispose quests
[19/10 15:47:29] [info] master_kombac_2 | disposed user data
[19/10 15:47:29] [info] master_kombac_2 | disconnected
[19/10 16:59:56] [info] master_kombac_2 | connected
[19/10 16:59:56] [info] master_kombac_2 | fetched user data : active quests 
[19/10 16:59:56] [info] master_kombac_2 | fetching user quests : 
- user active quests : 
- filtered (non-cached) : 
[19/10 16:59:56] [info] master_kombac_2 | fetched user quests : 
[19/10 17:08:13] [info] master_kombac_2 | disposing user quests data : 
- must dispose quests
[19/10 17:08:13] [info] master_kombac_2 | disposed user data
[19/10 17:08:13] [info] master_kombac_2 | disconnected
[20/10 17:49:52] [info] master_kombac_2 | connected
[20/10 17:49:52] [info] master_kombac_2 | fetched user data : active quests 
[20/10 17:49:52] [info] master_kombac_2 | fetching user quests : 
- user active quests : 
- filtered (non-cached) : 
[20/10 17:49:52] [info] master_kombac_2 | fetched user quests : 
[20/10 17:51:01] [info] master_kombac_2 | disposing user quests data : 
- must dispose quests
[20/10 17:51:01] [info] master_kombac_2 | disposed user data
[20/10 17:51:01] [info] master_kombac_2 | disconnected
[20/10 19:25:02] [info] master_kombac_2 | connected
[20/10 19:25:02] [info] master_kombac_2 | fetched user data : active quests 
[20/10 19:25:02] [info] master_kombac_2 | fetching user quests : 
- user active quests : 
- filtered (non-cached) : 
[20/10 19:25:02] [info] master_kombac_2 | fetched user quests : 
[20/10 19:44:48] [info] master_kombac_2 | disposing user quests data : 
- must dispose quests
[20/10 19:44:48] [info] master_kombac_2 | disposed user data
[20/10 19:44:48] [info] master_kombac_2 | disconnected
[22/10 13:37:18] [info] master_kombac_2 | connected
[22/10 13:37:18] [info] master_kombac_2 | fetched user data : active quests 
[22/10 13:37:18] [info] master_kombac_2 | fetching user quests : 
- user active quests : 
- filtered (non-cached) : 
[22/10 13:37:18] [info] master_kombac_2 | fetched user quests : 
[22/10 15:05:17] [info] master_kombac_2 | disposing user quests data : 
- must dispose quests
[22/10 15:05:17] [info] master_kombac_2 | disposed user data
[22/10 15:05:17] [info] master_kombac_2 | disconnected
[22/10 15:05:20] [info] master_kombac_2 | connected
[22/10 15:05:20] [info] master_kombac_2 | fetched user data : active quests 
[22/10 15:05:20] [info] master_kombac_2 | fetching user quests : 
- user active quests : 
- filtered (non-cached) : 
[22/10 15:05:20] [info] master_kombac_2 | fetched user quests : 
[22/10 16:05:59] [info] master_kombac_2 | disposing user quests data : 
- must dispose quests
[22/10 16:05:59] [info] master_kombac_2 | disposed user data
[22/10 16:05:59] [info] master_kombac_2 | disconnected
[23/10 12:51:33] [info] master_kombac_2 | connected
[23/10 12:51:34] [info] master_kombac_2 | fetched user data : active quests 
[23/10 12:51:34] [info] master_kombac_2 | fetching user quests : 
- user active quests : 
- filtered (non-cached) : 
[23/10 12:51:34] [info] master_kombac_2 | fetched user quests : 
[23/10 12:53:50] [info] master_kombac_2 | disposing user quests data : 
- must dispose quests
[23/10 12:53:50] [info] master_kombac_2 | disposed user data
[23/10 12:53:50] [info] master_kombac_2 | disconnected
[23/10 12:53:55] [info] master_kombac_2 | connected
[23/10 12:53:55] [info] master_kombac_2 | fetched user data : active quests 
[23/10 12:53:55] [info] master_kombac_2 | fetching user quests : 
- user active quests : 
- filtered (non-cached) : 
[23/10 12:53:55] [info] master_kombac_2 | fetched user quests : 
[23/10 15:22:03] [info] master_kombac_2 | disposing user quests data : 
- must dispose quests
[23/10 15:22:03] [info] master_kombac_2 | disposed user data
[23/10 15:22:03] [info] master_kombac_2 | disconnected
[23/10 15:24:11] [info] master_kombac_2 | connected
[23/10 15:24:11] [info] master_kombac_2 | fetched user data : active quests 
[23/10 15:24:11] [info] master_kombac_2 | fetching user quests : 
- user active quests : 
- filtered (non-cached) : 
[23/10 15:24:11] [info] master_kombac_2 | fetched user quests : 
[23/10 15:37:19] [info] master_kombac_2 | disposing user quests data : 
- must dispose quests
[23/10 15:37:19] [info] master_kombac_2 | disposed user data
[23/10 15:37:19] [info] master_kombac_2 | disconnected
[23/10 18:23:59] [info] master_kombac_2 | connected
[23/10 18:23:59] [info] master_kombac_2 | fetched user data : active quests 
[23/10 18:23:59] [info] master_kombac_2 | fetching user quests : 
- user active quests : 
- filtered (non-cached) : 
[23/10 18:23:59] [info] master_kombac_2 | fetched user quests : 
[23/10 18:24:28] [info] master_kombac_2 | disposing user quests data : 
- must dispose quests
[23/10 18:24:28] [info] master_kombac_2 | disposed user data
[23/10 18:24:28] [info] master_kombac_2 | disconnected
[23/10 18:24:32] [info] master_kombac_2 | connected
[23/10 18:24:32] [info] master_kombac_2 | fetched user data : active quests 
[23/10 18:24:32] [info] master_kombac_2 | fetching user quests : 
- user active quests : 
- filtered (non-cached) : 
[23/10 18:24:32] [info] master_kombac_2 | fetched user quests : 
[23/10 18:41:33] [info] master_kombac_2 | disposing user quests data : 
- must dispose quests
[23/10 18:41:33] [info] master_kombac_2 | disposed user data
[23/10 18:41:33] [info] master_kombac_2 | disconnected
[23/10 18:55:19] [info] master_kombac_2 | connected
[23/10 18:55:19] [info] master_kombac_2 | fetched user data : active quests 
[23/10 18:55:19] [info] master_kombac_2 | fetching user quests : 
- user active quests : 
- filtered (non-cached) : 
[23/10 18:55:19] [info] master_kombac_2 | fetched user quests : 
[23/10 19:21:42] [info] master_kombac_2 | disposing user quests data : 
- must dispose quests
[23/10 19:21:42] [info] master_kombac_2 | disposed user data
[23/10 19:21:42] [info] master_kombac_2 | disconnected
[23/10 20:41:44] [info] master_kombac_2 | connected
[23/10 20:41:44] [info] master_kombac_2 | fetched user data : active quests 
[23/10 20:41:44] [info] master_kombac_2 | fetching user quests : 
- user active quests : 
- filtered (non-cached) : 
[23/10 20:41:44] [info] master_kombac_2 | fetched user quests : 
[23/10 20:44:53] [info] master_kombac_2 | disposing user quests data : 
- must dispose quests
[23/10 20:44:53] [info] master_kombac_2 | disposed user data
[23/10 20:44:53] [info] master_kombac_2 | disconnected
[24/10 13:38:20] [info] master_kombac_2 | connected
[24/10 13:38:20] [info] master_kombac_2 | fetched user data : active quests 
[24/10 13:38:20] [info] master_kombac_2 | fetching user quests : 
- user active quests : 
- filtered (non-cached) : 
[24/10 13:38:20] [info] master_kombac_2 | fetched user quests : 
[24/10 14:20:45] [info] master_kombac_2 | disposing user quests data : 
- must dispose quests
[24/10 14:20:45] [info] master_kombac_2 | disposed user data
[24/10 14:20:45] [info] master_kombac_2 | disconnected
[24/10 15:23:28] [info] master_kombac_2 | connected
[24/10 15:23:28] [info] master_kombac_2 | fetched user data : active quests 
[24/10 15:23:28] [info] master_kombac_2 | fetching user quests : 
- user active quests : 
- filtered (non-cached) : 
[24/10 15:23:28] [info] master_kombac_2 | fetched user quests : 
[24/10 15:23:46] [info] master_kombac_2 | disposing user quests data : 
- must dispose quests
[24/10 15:23:46] [info] master_kombac_2 | disposed user data
[24/10 15:23:46] [info] master_kombac_2 | disconnected
[24/10 15:23:50] [info] master_kombac_2 | connected
[24/10 15:23:50] [info] master_kombac_2 | fetched user data : active quests 
[24/10 15:23:50] [info] master_kombac_2 | fetching user quests : 
- user active quests : 
- filtered (non-cached) : 
[24/10 15:23:50] [info] master_kombac_2 | fetched user quests : 
