[16/10 12:43:42] [info] Isanfuealo | connected
[16/10 12:43:42] [info] Isanfuealo | fetched user data : no value ; created it
[16/10 12:43:42] [info] Isanfuealo | pushing user a63af45f-3b16-3b88-aa5a-10c5ae1ce3e4, active quests : 
[16/10 12:43:42] [info] Isanfuealo | fetching user quests : 
- user active quests : 
- filtered (non-cached) : 
[16/10 12:43:42] [info] Isanfuealo | fetched user quests : 
[16/10 12:55:08] [info] Isanfuealo | disposing user quests data : 
- must dispose quests
[16/10 12:55:08] [info] Isanfuealo | disposed user data
[16/10 12:55:08] [info] Isanfuealo | disconnected
[16/10 12:55:15] [info] Isanfuealo | connected
[16/10 12:55:15] [info] Isanfuealo | fetched user data : active quests 
[16/10 12:55:15] [info] Isanfuealo | fetching user quests : 
- user active quests : 
- filtered (non-cached) : 
[16/10 12:55:15] [info] Isanfuealo | fetched user quests : 
[16/10 12:55:24] [info] Isanfuealo | disposing user quests data : 
- must dispose quests
[16/10 12:55:24] [info] Isanfuealo | disposed user data
[16/10 12:55:24] [info] Isanfuealo | disconnected
[17/10 13:43:59] [info] Isanfuealo | connected
[17/10 13:43:59] [info] Isanfuealo | fetched user data : active quests 
[17/10 13:43:59] [info] Isanfuealo | fetching user quests : 
- user active quests : 
- filtered (non-cached) : 
[17/10 13:43:59] [info] Isanfuealo | fetched user quests : 
[17/10 13:50:25] [info] Isanfuealo | disposing user quests data : 
- must dispose quests
[17/10 13:50:25] [info] Isanfuealo | disposed user data
[17/10 13:50:25] [info] Isanfuealo | disconnected
[17/10 13:50:29] [info] Isanfuealo | connected
[17/10 13:50:29] [info] Isanfuealo | fetched user data : active quests 
[17/10 13:50:29] [info] Isanfuealo | fetching user quests : 
- user active quests : 
- filtered (non-cached) : 
[17/10 13:50:29] [info] Isanfuealo | fetched user quests : 
[17/10 13:58:31] [info] Isanfuealo | disposing user quests data : 
- must dispose quests
[17/10 13:58:31] [info] Isanfuealo | disposed user data
[17/10 13:58:31] [info] Isanfuealo | disconnected
[17/10 13:59:02] [info] Isanfuealo | connected
[17/10 13:59:02] [info] Isanfuealo | fetched user data : active quests 
[17/10 13:59:02] [info] Isanfuealo | fetching user quests : 
- user active quests : 
- filtered (non-cached) : 
[17/10 13:59:02] [info] Isanfuealo | fetched user quests : 
[17/10 14:01:27] [info] Isanfuealo | disposing user quests data : 
- must dispose quests
[17/10 14:01:27] [info] Isanfuealo | disposed user data
[17/10 14:01:27] [info] Isanfuealo | disconnected
[17/10 14:01:31] [info] Isanfuealo | connected
[17/10 14:01:31] [info] Isanfuealo | fetched user data : active quests 
[17/10 14:01:31] [info] Isanfuealo | fetching user quests : 
- user active quests : 
- filtered (non-cached) : 
[17/10 14:01:31] [info] Isanfuealo | fetched user quests : 
[17/10 14:02:31] [info] Isanfuealo | disposing user quests data : 
- must dispose quests
[17/10 14:02:31] [info] Isanfuealo | disposed user data
[17/10 14:02:31] [info] Isanfuealo | disconnected
[17/10 14:10:30] [info] Isanfuealo | connected
[17/10 14:10:30] [info] Isanfuealo | fetched user data : active quests 
[17/10 14:10:30] [info] Isanfuealo | fetching user quests : 
- user active quests : 
- filtered (non-cached) : 
[17/10 14:10:30] [info] Isanfuealo | fetched user quests : 
[17/10 14:14:10] [info] Isanfuealo | disposing user quests data : 
- must dispose quests
[17/10 14:14:10] [info] Isanfuealo | disposed user data
[17/10 14:14:10] [info] Isanfuealo | disconnected
[17/10 14:26:17] [info] Isanfuealo | connected
[17/10 14:26:17] [info] Isanfuealo | fetched user data : active quests 
[17/10 14:26:17] [info] Isanfuealo | fetching user quests : 
- user active quests : 
- filtered (non-cached) : 
[17/10 14:26:17] [info] Isanfuealo | fetched user quests : 
[17/10 14:29:40] [info] Isanfuealo | disposing user quests data : 
- must dispose quests
[17/10 14:29:40] [info] Isanfuealo | disposed user data
[17/10 14:29:40] [info] Isanfuealo | disconnected
[17/10 14:34:10] [info] Isanfuealo | connected
[17/10 14:34:10] [info] Isanfuealo | fetched user data : active quests 
[17/10 14:34:10] [info] Isanfuealo | fetching user quests : 
- user active quests : 
- filtered (non-cached) : 
[17/10 14:34:10] [info] Isanfuealo | fetched user quests : 
[17/10 14:36:11] [info] Isanfuealo | disposing user quests data : 
- must dispose quests
[17/10 14:36:11] [info] Isanfuealo | disposed user data
[17/10 14:36:11] [info] Isanfuealo | disconnected
[17/10 14:37:27] [info] Isanfuealo | connected
[17/10 14:37:27] [info] Isanfuealo | fetched user data : active quests 
[17/10 14:37:27] [info] Isanfuealo | fetching user quests : 
- user active quests : 
- filtered (non-cached) : 
[17/10 14:37:27] [info] Isanfuealo | fetched user quests : 
[17/10 14:40:27] [info] Isanfuealo | disposing user quests data : 
- must dispose quests
[17/10 14:40:27] [info] Isanfuealo | disposed user data
[17/10 14:40:27] [info] Isanfuealo | disconnected
[17/10 14:55:23] [info] Isanfuealo | connected
[17/10 14:55:23] [info] Isanfuealo | fetched user data : active quests 
[17/10 14:55:23] [info] Isanfuealo | fetching user quests : 
- user active quests : 
- filtered (non-cached) : 
[17/10 14:55:23] [info] Isanfuealo | fetched user quests : 
[17/10 16:11:23] [info] Isanfuealo | disposing user quests data : 
- must dispose quests
[17/10 16:11:23] [info] Isanfuealo | disposed user data
[17/10 16:11:23] [info] Isanfuealo | disconnected
[17/10 16:12:15] [info] Isanfuealo | connected
[17/10 16:12:15] [info] Isanfuealo | fetched user data : active quests 
[17/10 16:12:15] [info] Isanfuealo | fetching user quests : 
- user active quests : 
- filtered (non-cached) : 
[17/10 16:12:15] [info] Isanfuealo | fetched user quests : 
[17/10 16:22:08] [info] Isanfuealo | disposing user quests data : 
- must dispose quests
[17/10 16:22:08] [info] Isanfuealo | disposed user data
[17/10 16:22:08] [info] Isanfuealo | disconnected
[18/10 17:13:18] [info] Isanfuealo | connected
[18/10 17:13:18] [info] Isanfuealo | fetched user data : active quests 
[18/10 17:13:18] [info] Isanfuealo | fetching user quests : 
- user active quests : 
- filtered (non-cached) : 
[18/10 17:13:18] [info] Isanfuealo | fetched user quests : 
[18/10 17:25:10] [info] Isanfuealo | disposing user quests data : 
- must dispose quests
[18/10 17:25:10] [info] Isanfuealo | disposed user data
[18/10 17:25:10] [info] Isanfuealo | disconnected
[18/10 17:30:46] [info] Isanfuealo | connected
[18/10 17:30:46] [info] Isanfuealo | fetched user data : active quests 
[18/10 17:30:46] [info] Isanfuealo | fetching user quests : 
- user active quests : 
- filtered (non-cached) : 
[18/10 17:30:46] [info] Isanfuealo | fetched user quests : 
[18/10 17:50:00] [info] Isanfuealo | disposing user quests data : 
- must dispose quests
[18/10 17:50:00] [info] Isanfuealo | disposed user data
[18/10 17:50:00] [info] Isanfuealo | disconnected
[18/10 18:03:27] [info] Isanfuealo | connected
[18/10 18:03:27] [info] Isanfuealo | fetched user data : active quests 
[18/10 18:03:27] [info] Isanfuealo | fetching user quests : 
- user active quests : 
- filtered (non-cached) : 
[18/10 18:03:27] [info] Isanfuealo | fetched user quests : 
[18/10 18:18:01] [info] Isanfuealo | disposing user quests data : 
- must dispose quests
[18/10 18:18:01] [info] Isanfuealo | disposed user data
[18/10 18:18:01] [info] Isanfuealo | disconnected
[19/10 13:39:24] [info] Isanfuealo | connected
[19/10 13:39:24] [info] Isanfuealo | fetched user data : active quests 
[19/10 13:39:24] [info] Isanfuealo | fetching user quests : 
- user active quests : 
- filtered (non-cached) : 
[19/10 13:39:24] [info] Isanfuealo | fetched user quests : 
[19/10 13:52:42] [info] Isanfuealo | disposing user quests data : 
- must dispose quests
[19/10 13:52:42] [info] Isanfuealo | disposed user data
[19/10 13:52:42] [info] Isanfuealo | disconnected
[19/10 13:57:57] [info] Isanfuealo | connected
[19/10 13:57:57] [info] Isanfuealo | fetched user data : active quests 
[19/10 13:57:57] [info] Isanfuealo | fetching user quests : 
- user active quests : 
- filtered (non-cached) : 
[19/10 13:57:57] [info] Isanfuealo | fetched user quests : 
[19/10 15:21:06] [info] Isanfuealo | disposing user quests data : 
- must dispose quests
[19/10 15:21:06] [info] Isanfuealo | disposed user data
[19/10 15:21:06] [info] Isanfuealo | disconnected
[19/10 15:21:18] [info] Isanfuealo | connected
[19/10 15:21:18] [info] Isanfuealo | fetched user data : active quests 
[19/10 15:21:18] [info] Isanfuealo | fetching user quests : 
- user active quests : 
- filtered (non-cached) : 
[19/10 15:21:18] [info] Isanfuealo | fetched user quests : 
[19/10 17:55:54] [info] Isanfuealo | disposing user quests data : 
- must dispose quests
[19/10 17:55:54] [info] Isanfuealo | disposed user data
[19/10 17:55:54] [info] Isanfuealo | disconnected
[20/10 13:40:29] [info] Isanfuealo | connected
[20/10 13:40:29] [info] Isanfuealo | fetched user data : active quests 
[20/10 13:40:29] [info] Isanfuealo | fetching user quests : 
- user active quests : 
- filtered (non-cached) : 
[20/10 13:40:29] [info] Isanfuealo | fetched user quests : 
[20/10 14:20:29] [info] Isanfuealo | disposing user quests data : 
- must dispose quests
[20/10 14:20:29] [info] Isanfuealo | disposed user data
[20/10 14:20:29] [info] Isanfuealo | disconnected
[20/10 14:24:54] [info] Isanfuealo | connected
[20/10 14:24:54] [info] Isanfuealo | fetched user data : active quests 
[20/10 14:24:54] [info] Isanfuealo | fetching user quests : 
- user active quests : 
- filtered (non-cached) : 
[20/10 14:24:54] [info] Isanfuealo | fetched user quests : 
[20/10 14:54:07] [info] Isanfuealo | disposing user quests data : 
- must dispose quests
[20/10 14:54:07] [info] Isanfuealo | disposed user data
[20/10 14:54:07] [info] Isanfuealo | disconnected
[21/10 13:55:22] [info] Isanfuealo | connected
[21/10 13:55:22] [info] Isanfuealo | fetched user data : active quests 
[21/10 13:55:22] [info] Isanfuealo | fetching user quests : 
- user active quests : 
- filtered (non-cached) : 
[21/10 13:55:22] [info] Isanfuealo | fetched user quests : 
[21/10 14:09:02] [info] Isanfuealo | disposing user quests data : 
- must dispose quests
[21/10 14:09:02] [info] Isanfuealo | disposed user data
[21/10 14:09:02] [info] Isanfuealo | disconnected
[21/10 16:05:19] [info] Isanfuealo | connected
[21/10 16:05:19] [info] Isanfuealo | fetched user data : active quests 
[21/10 16:05:19] [info] Isanfuealo | fetching user quests : 
- user active quests : 
- filtered (non-cached) : 
[21/10 16:05:19] [info] Isanfuealo | fetched user quests : 
[21/10 16:15:51] [info] Isanfuealo | disposing user quests data : 
- must dispose quests
[21/10 16:15:51] [info] Isanfuealo | disposed user data
[21/10 16:15:51] [info] Isanfuealo | disconnected
[23/10 18:21:45] [info] Isanfuealo | connected
[23/10 18:21:45] [info] Isanfuealo | fetched user data : active quests 
[23/10 18:21:45] [info] Isanfuealo | fetching user quests : 
- user active quests : 
- filtered (non-cached) : 
[23/10 18:21:45] [info] Isanfuealo | fetched user quests : 
[23/10 19:30:10] [info] Isanfuealo | disposing user quests data : 
- must dispose quests
[23/10 19:30:10] [info] Isanfuealo | disposed user data
[23/10 19:30:10] [info] Isanfuealo | disconnected
[23/10 19:32:55] [info] Isanfuealo | connected
[23/10 19:32:55] [info] Isanfuealo | fetched user data : active quests 
[23/10 19:32:55] [info] Isanfuealo | fetching user quests : 
- user active quests : 
- filtered (non-cached) : 
[23/10 19:32:55] [info] Isanfuealo | fetched user quests : 
[23/10 19:33:28] [info] Isanfuealo | disposing user quests data : 
- must dispose quests
[23/10 19:33:28] [info] Isanfuealo | disposed user data
[23/10 19:33:28] [info] Isanfuealo | disconnected
[23/10 19:34:09] [info] Isanfuealo | connected
[23/10 19:34:09] [info] Isanfuealo | fetched user data : active quests 
[23/10 19:34:09] [info] Isanfuealo | fetching user quests : 
- user active quests : 
- filtered (non-cached) : 
[23/10 19:34:09] [info] Isanfuealo | fetched user quests : 
[23/10 19:36:19] [info] Isanfuealo | disposing user quests data : 
- must dispose quests
[23/10 19:36:19] [info] Isanfuealo | disposed user data
[23/10 19:36:19] [info] Isanfuealo | disconnected
[24/10 12:00:49] [info] Isanfuealo | connected
[24/10 12:00:49] [info] Isanfuealo | fetched user data : active quests 
[24/10 12:00:49] [info] Isanfuealo | fetching user quests : 
- user active quests : 
- filtered (non-cached) : 
[24/10 12:00:49] [info] Isanfuealo | fetched user quests : 
[24/10 12:05:53] [info] Isanfuealo | disposing user quests data : 
- must dispose quests
[24/10 12:05:53] [info] Isanfuealo | disposed user data
[24/10 12:05:53] [info] Isanfuealo | disconnected
[24/10 12:06:52] [info] Isanfuealo | connected
[24/10 12:06:52] [info] Isanfuealo | fetched user data : active quests 
[24/10 12:06:52] [info] Isanfuealo | fetching user quests : 
- user active quests : 
- filtered (non-cached) : 
[24/10 12:06:52] [info] Isanfuealo | fetched user quests : 
[24/10 12:09:20] [info] Isanfuealo | disposing user quests data : 
- must dispose quests
[24/10 12:09:20] [info] Isanfuealo | disposed user data
[24/10 12:09:20] [info] Isanfuealo | disconnected
[24/10 13:36:14] [info] Isanfuealo | connected
[24/10 13:36:14] [info] Isanfuealo | fetched user data : active quests 
[24/10 13:36:14] [info] Isanfuealo | fetching user quests : 
- user active quests : 
- filtered (non-cached) : 
[24/10 13:36:14] [info] Isanfuealo | fetched user quests : 
[24/10 14:09:18] [info] Isanfuealo | disposing user quests data : 
- must dispose quests
[24/10 14:09:18] [info] Isanfuealo | disposed user data
[24/10 14:09:18] [info] Isanfuealo | disconnected
[24/10 14:09:43] [info] Isanfuealo | connected
[24/10 14:09:43] [info] Isanfuealo | fetched user data : active quests 
[24/10 14:09:43] [info] Isanfuealo | fetching user quests : 
- user active quests : 
- filtered (non-cached) : 
[24/10 14:09:43] [info] Isanfuealo | fetched user quests : 
[24/10 14:38:48] [info] Isanfuealo | disposing user quests data : 
- must dispose quests
[24/10 14:38:48] [info] Isanfuealo | disposed user data
[24/10 14:38:48] [info] Isanfuealo | disconnected
[24/10 14:39:26] [info] Isanfuealo | connected
[24/10 14:39:27] [info] Isanfuealo | fetched user data : active quests 
[24/10 14:39:27] [info] Isanfuealo | fetching user quests : 
- user active quests : 
- filtered (non-cached) : 
[24/10 14:39:27] [info] Isanfuealo | fetched user quests : 
