[17/10 16:03:09] [info] lorbax | connected
[17/10 16:03:09] [info] lorbax | fetched user data : no value ; created it
[17/10 16:03:09] [info] lorbax | pushing user a70602a8-d019-30e3-a524-e041f99b8a93, active quests : 
[17/10 16:03:09] [info] lorbax | fetching user quests : 
- user active quests : 
- filtered (non-cached) : 
[17/10 16:03:09] [info] lorbax | fetched user quests : 
[17/10 16:05:35] [info] lorbax | disposing user quests data : 
- must dispose quests
[17/10 16:05:35] [info] lorbax | disposed user data
[17/10 16:05:35] [info] lorbax | disconnected
[18/10 17:42:26] [info] lorbax | connected
[18/10 17:42:26] [info] lorbax | fetched user data : active quests 
[18/10 17:42:26] [info] lorbax | fetching user quests : 
- user active quests : 
- filtered (non-cached) : 
[18/10 17:42:26] [info] lorbax | fetched user quests : 
[18/10 17:47:28] [info] lorbax | disposing user quests data : 
- must dispose quests
[18/10 17:47:28] [info] lorbax | disposed user data
[18/10 17:47:28] [info] lorbax | disconnected
[19/10 14:03:00] [info] lorbax | connected
[19/10 14:03:00] [info] lorbax | fetched user data : active quests 
[19/10 14:03:00] [info] lorbax | fetching user quests : 
- user active quests : 
- filtered (non-cached) : 
[19/10 14:03:00] [info] lorbax | fetched user quests : 
[19/10 14:04:57] [info] lorbax | disposing user quests data : 
- must dispose quests
[19/10 14:04:57] [info] lorbax | disposed user data
[19/10 14:04:57] [info] lorbax | disconnected
[19/10 20:06:38] [info] lorbax | connected
[19/10 20:06:38] [info] lorbax | fetched user data : active quests 
[19/10 20:06:38] [info] lorbax | fetching user quests : 
- user active quests : 
- filtered (non-cached) : 
[19/10 20:06:38] [info] lorbax | fetched user quests : 
[19/10 20:09:12] [info] lorbax | disposing user quests data : 
- must dispose quests
[19/10 20:09:12] [info] lorbax | disposed user data
[19/10 20:09:12] [info] lorbax | disconnected
[21/10 15:12:07] [info] lorbax | connected
[21/10 15:12:07] [info] lorbax | fetched user data : active quests 
[21/10 15:12:07] [info] lorbax | fetching user quests : 
- user active quests : 
- filtered (non-cached) : 
[21/10 15:12:07] [info] lorbax | fetched user quests : 
[21/10 15:14:13] [info] lorbax | disposing user quests data : 
- must dispose quests
[21/10 15:14:13] [info] lorbax | disposed user data
[21/10 15:14:13] [info] lorbax | disconnected
[21/10 15:15:05] [info] lorbax | connected
[21/10 15:15:05] [info] lorbax | fetched user data : active quests 
[21/10 15:15:05] [info] lorbax | fetching user quests : 
- user active quests : 
- filtered (non-cached) : 
[21/10 15:15:05] [info] lorbax | fetched user quests : 
[21/10 15:25:47] [info] lorbax | disposing user quests data : 
- must dispose quests
[21/10 15:25:47] [info] lorbax | disposed user data
[21/10 15:25:47] [info] lorbax | disconnected
[21/10 15:26:01] [info] lorbax | connected
[21/10 15:26:01] [info] lorbax | fetched user data : active quests 
[21/10 15:26:01] [info] lorbax | fetching user quests : 
- user active quests : 
- filtered (non-cached) : 
[21/10 15:26:01] [info] lorbax | fetched user quests : 
[21/10 15:29:28] [info] lorbax | disposing user quests data : 
- must dispose quests
[21/10 15:29:28] [info] lorbax | disposed user data
[21/10 15:29:28] [info] lorbax | disconnected
[21/10 15:29:42] [info] lorbax | connected
[21/10 15:29:42] [info] lorbax | fetched user data : active quests 
[21/10 15:29:42] [info] lorbax | fetching user quests : 
- user active quests : 
- filtered (non-cached) : 
[21/10 15:29:42] [info] lorbax | fetched user quests : 
[21/10 15:30:05] [info] lorbax | disposing user quests data : 
- must dispose quests
[21/10 15:30:05] [info] lorbax | disposed user data
[21/10 15:30:05] [info] lorbax | disconnected
[21/10 15:31:53] [info] lorbax | connected
[21/10 15:31:53] [info] lorbax | fetched user data : active quests 
[21/10 15:31:53] [info] lorbax | fetching user quests : 
- user active quests : 
- filtered (non-cached) : 
[21/10 15:31:53] [info] lorbax | fetched user quests : 
[21/10 15:32:25] [info] lorbax | disposing user quests data : 
- must dispose quests
[21/10 15:32:25] [info] lorbax | disposed user data
[21/10 15:32:25] [info] lorbax | disconnected
