[16/10 16:31:32] [info] elpetasoff | connected
[16/10 16:31:32] [info] elpetasoff | fetched user data : no value ; created it
[16/10 16:31:32] [info] elpetasoff | pushing user a8340d5b-27d9-348a-949d-1421f11600dc, active quests : 
[16/10 16:31:32] [info] elpetasoff | fetching user quests : 
- user active quests : 
- filtered (non-cached) : 
[16/10 16:31:32] [info] elpetasoff | fetched user quests : 
[16/10 17:48:10] [info] elpetasoff | disposing user quests data : 
- must dispose quests
[16/10 17:48:10] [info] elpetasoff | disposed user data
[16/10 17:48:10] [info] elpetasoff | disconnected
[21/10 20:24:05] [info] elpetasoff | connected
[21/10 20:24:05] [info] elpetasoff | fetched user data : active quests 
[21/10 20:24:05] [info] elpetasoff | fetching user quests : 
- user active quests : 
- filtered (non-cached) : 
[21/10 20:24:05] [info] elpetasoff | fetched user quests : 
[21/10 20:56:58] [info] elpetasoff | disposing user quests data : 
- must dispose quests
[21/10 20:56:58] [info] elpetasoff | disposed user data
[21/10 20:56:58] [info] elpetasoff | disconnected
[21/10 22:00:50] [info] elpetasoff | connected
[21/10 22:00:50] [info] elpetasoff | fetched user data : active quests 
[21/10 22:00:50] [info] elpetasoff | fetching user quests : 
- user active quests : 
- filtered (non-cached) : 
[21/10 22:00:50] [info] elpetasoff | fetched user quests : 
[21/10 22:38:49] [info] elpetasoff | disposing user quests data : 
- must dispose quests
[21/10 22:38:49] [info] elpetasoff | disposed user data
[21/10 22:38:49] [info] elpetasoff | disconnected
[22/10 09:06:58] [info] elpetasoff | connected
[22/10 09:06:58] [info] elpetasoff | fetched user data : active quests 
[22/10 09:06:58] [info] elpetasoff | fetching user quests : 
- user active quests : 
- filtered (non-cached) : 
[22/10 09:06:58] [info] elpetasoff | fetched user quests : 
[22/10 10:20:34] [info] elpetasoff | disposing user quests data : 
- must dispose quests
[22/10 10:20:34] [info] elpetasoff | disposed user data
[22/10 10:20:34] [info] elpetasoff | disconnected
[22/10 12:51:51] [info] elpetasoff | connected
[22/10 12:51:51] [info] elpetasoff | fetched user data : active quests 
[22/10 12:51:51] [info] elpetasoff | fetching user quests : 
- user active quests : 
- filtered (non-cached) : 
[22/10 12:51:51] [info] elpetasoff | fetched user quests : 
[22/10 13:48:21] [info] elpetasoff | disposing user quests data : 
- must dispose quests
[22/10 13:48:21] [info] elpetasoff | disposed user data
[22/10 13:48:21] [info] elpetasoff | disconnected
[22/10 14:09:52] [info] elpetasoff | connected
[22/10 14:09:52] [info] elpetasoff | fetched user data : active quests 
[22/10 14:09:52] [info] elpetasoff | fetching user quests : 
- user active quests : 
- filtered (non-cached) : 
[22/10 14:09:52] [info] elpetasoff | fetched user quests : 
[22/10 15:23:15] [info] elpetasoff | disposing user quests data : 
- must dispose quests
[22/10 15:23:15] [info] elpetasoff | disposed user data
[22/10 15:23:15] [info] elpetasoff | disconnected
[23/10 13:02:58] [info] elpetasoff | connected
[23/10 13:02:58] [info] elpetasoff | fetched user data : active quests 
[23/10 13:02:58] [info] elpetasoff | fetching user quests : 
- user active quests : 
- filtered (non-cached) : 
[23/10 13:02:58] [info] elpetasoff | fetched user quests : 
[23/10 15:30:59] [info] elpetasoff | disposing user quests data : 
- must dispose quests
[23/10 15:30:59] [info] elpetasoff | disposed user data
[23/10 15:30:59] [info] elpetasoff | disconnected
[23/10 15:31:27] [info] elpetasoff | connected
[23/10 15:31:27] [info] elpetasoff | fetched user data : active quests 
[23/10 15:31:27] [info] elpetasoff | fetching user quests : 
- user active quests : 
- filtered (non-cached) : 
[23/10 15:31:27] [info] elpetasoff | fetched user quests : 
[23/10 15:45:22] [info] elpetasoff | disposing user quests data : 
- must dispose quests
[23/10 15:45:22] [info] elpetasoff | disposed user data
[23/10 15:45:22] [info] elpetasoff | disconnected
[23/10 15:48:48] [info] elpetasoff | connected
[23/10 15:48:48] [info] elpetasoff | fetched user data : active quests 
[23/10 15:48:48] [info] elpetasoff | fetching user quests : 
- user active quests : 
- filtered (non-cached) : 
[23/10 15:48:48] [info] elpetasoff | fetched user quests : 
[23/10 16:36:40] [info] elpetasoff | disposing user quests data : 
- must dispose quests
[23/10 16:36:40] [info] elpetasoff | disposed user data
[23/10 16:36:40] [info] elpetasoff | disconnected
[23/10 16:52:46] [info] elpetasoff | connected
[23/10 16:52:47] [info] elpetasoff | fetched user data : active quests 
[23/10 16:52:47] [info] elpetasoff | fetching user quests : 
- user active quests : 
- filtered (non-cached) : 
[23/10 16:52:47] [info] elpetasoff | fetched user quests : 
[23/10 18:46:19] [info] elpetasoff | disposing user quests data : 
- must dispose quests
[23/10 18:46:19] [info] elpetasoff | disposed user data
[23/10 18:46:19] [info] elpetasoff | disconnected
[23/10 18:50:31] [info] elpetasoff | connected
[23/10 18:50:31] [info] elpetasoff | fetched user data : active quests 
[23/10 18:50:31] [info] elpetasoff | fetching user quests : 
- user active quests : 
- filtered (non-cached) : 
[23/10 18:50:31] [info] elpetasoff | fetched user quests : 
[23/10 18:52:37] [info] elpetasoff | disposing user quests data : 
- must dispose quests
[23/10 18:52:37] [info] elpetasoff | disposed user data
[23/10 18:52:37] [info] elpetasoff | disconnected
[23/10 18:55:11] [info] elpetasoff | connected
[23/10 18:55:11] [info] elpetasoff | fetched user data : active quests 
[23/10 18:55:11] [info] elpetasoff | fetching user quests : 
- user active quests : 
- filtered (non-cached) : 
[23/10 18:55:11] [info] elpetasoff | fetched user quests : 
[23/10 18:57:34] [info] elpetasoff | disposing user quests data : 
- must dispose quests
[23/10 18:57:34] [info] elpetasoff | disposed user data
[23/10 18:57:34] [info] elpetasoff | disconnected
