[23/10 16:55:34] [info] mili1122 | connected
[23/10 16:55:35] [info] mili1122 | fetched user data : no value ; created it
[23/10 16:55:35] [info] mili1122 | pushing user bca26ff7-1e25-3499-8c8a-47668d43e32f, active quests : 
[23/10 16:55:35] [info] mili1122 | fetching user quests : 
- user active quests : 
- filtered (non-cached) : 
[23/10 16:55:35] [info] mili1122 | fetched user quests : 
[23/10 16:56:03] [info] mili1122 | disposing user quests data : 
- must dispose quests
[23/10 16:56:03] [info] mili1122 | disposed user data
[23/10 16:56:03] [info] mili1122 | disconnected
[23/10 16:56:33] [info] mili1122 | connected
[23/10 16:56:33] [info] mili1122 | fetched user data : active quests 
[23/10 16:56:33] [info] mili1122 | fetching user quests : 
- user active quests : 
- filtered (non-cached) : 
[23/10 16:56:33] [info] mili1122 | fetched user quests : 
[23/10 17:25:52] [info] mili1122 | disposing user quests data : 
- must dispose quests
[23/10 17:25:52] [info] mili1122 | disposed user data
[23/10 17:25:52] [info] mili1122 | disconnected
