[16/10 11:09:17] [info] lospro77 | connected
[16/10 11:09:17] [info] lospro77 | fetched user data : no value ; created it
[16/10 11:09:17] [info] lospro77 | pushing user be62ea79-9bac-3d48-b1c6-715107d12fb0, active quests : 
[16/10 11:09:17] [info] lospro77 | fetching user quests : 
- user active quests : 
- filtered (non-cached) : 
[16/10 11:09:17] [info] lospro77 | fetched user quests : 
[16/10 11:09:45] [info] lospro77 | fetched user data : active quests 
[16/10 11:09:45] [info] lospro77 | fetching user quests : 
- user active quests : 
- filtered (non-cached) : 
[16/10 11:09:45] [info] lospro77 | fetched user quests : 
[16/10 11:10:05] [info] lospro77 | fetched user data : active quests 
[16/10 11:10:05] [info] lospro77 | fetching user quests : 
- user active quests : 
- filtered (non-cached) : 
[16/10 11:10:05] [info] lospro77 | fetched user quests : 
[16/10 11:10:10] [info] lospro77 | fetched user data : active quests 
[16/10 11:10:10] [info] lospro77 | fetching user quests : 
- user active quests : 
- filtered (non-cached) : 
[16/10 11:10:10] [info] lospro77 | fetched user quests : 
[16/10 11:10:56] [info] lospro77 | fetched user data : active quests 
[16/10 11:10:56] [info] lospro77 | fetching user quests : 
- user active quests : 
- filtered (non-cached) : 
[16/10 11:10:56] [info] lospro77 | fetched user quests : 
[16/10 11:40:50] [info] lospro77 | disposing user quests data : 
- must dispose quests
[16/10 11:40:50] [info] lospro77 | disposed user data
[16/10 11:40:50] [info] lospro77 | disconnected
[16/10 12:21:49] [info] lospro77 | connected
[16/10 12:21:49] [info] lospro77 | fetched user data : active quests 
[16/10 12:21:49] [info] lospro77 | fetching user quests : 
- user active quests : 
- filtered (non-cached) : 
[16/10 12:21:49] [info] lospro77 | fetched user quests : 
[16/10 13:23:49] [info] lospro77 | disposing user quests data : 
- must dispose quests
[16/10 13:23:49] [info] lospro77 | disposed user data
[16/10 13:23:49] [info] lospro77 | disconnected
[16/10 14:00:53] [info] lospro77 | connected
[16/10 14:00:53] [info] lospro77 | fetched user data : active quests 
[16/10 14:00:53] [info] lospro77 | fetching user quests : 
- user active quests : 
- filtered (non-cached) : 
[16/10 14:00:53] [info] lospro77 | fetched user quests : 
[16/10 16:44:22] [info] lospro77 | disposing user quests data : 
- must dispose quests
[16/10 16:44:22] [info] lospro77 | disposed user data
[16/10 16:44:22] [info] lospro77 | disconnected
[16/10 16:49:23] [info] lospro77 | connected
[16/10 16:49:23] [info] lospro77 | fetched user data : active quests 
[16/10 16:49:23] [info] lospro77 | fetching user quests : 
- user active quests : 
- filtered (non-cached) : 
[16/10 16:49:23] [info] lospro77 | fetched user quests : 
[16/10 17:04:00] [info] lospro77 | disposing user quests data : 
- must dispose quests
[16/10 17:04:00] [info] lospro77 | disposed user data
[16/10 17:04:00] [info] lospro77 | disconnected
[16/10 17:04:11] [info] lospro77 | connected
[16/10 17:04:11] [info] lospro77 | fetched user data : active quests 
[16/10 17:04:11] [info] lospro77 | fetching user quests : 
- user active quests : 
- filtered (non-cached) : 
[16/10 17:04:11] [info] lospro77 | fetched user quests : 
[16/10 17:04:40] [info] lospro77 | disposing user quests data : 
- must dispose quests
[16/10 17:04:40] [info] lospro77 | disposed user data
[16/10 17:04:40] [info] lospro77 | disconnected
[16/10 17:10:34] [info] lospro77 | connected
[16/10 17:10:34] [info] lospro77 | fetched user data : active quests 
[16/10 17:10:34] [info] lospro77 | fetching user quests : 
- user active quests : 
- filtered (non-cached) : 
[16/10 17:10:34] [info] lospro77 | fetched user quests : 
[16/10 17:40:29] [info] lospro77 | disposing user quests data : 
- must dispose quests
[16/10 17:40:29] [info] lospro77 | disposed user data
[16/10 17:40:29] [info] lospro77 | disconnected
[16/10 19:36:05] [info] lospro77 | connected
[16/10 19:36:05] [info] lospro77 | fetched user data : active quests 
[16/10 19:36:05] [info] lospro77 | fetching user quests : 
- user active quests : 
- filtered (non-cached) : 
[16/10 19:36:05] [info] lospro77 | fetched user quests : 
[16/10 20:47:26] [info] lospro77 | disposing user quests data : 
- must dispose quests
[16/10 20:47:26] [info] lospro77 | disposed user data
[16/10 20:47:26] [info] lospro77 | disconnected
[17/10 13:14:43] [info] lospro77 | connected
[17/10 13:14:43] [info] lospro77 | fetched user data : active quests 
[17/10 13:14:43] [info] lospro77 | fetching user quests : 
- user active quests : 
- filtered (non-cached) : 
[17/10 13:14:43] [info] lospro77 | fetched user quests : 
[17/10 13:17:03] [info] lospro77 | disposing user quests data : 
- must dispose quests
[17/10 13:17:03] [info] lospro77 | disposed user data
[17/10 13:17:03] [info] lospro77 | disconnected
[18/10 16:45:54] [info] lospro77 | connected
[18/10 16:45:54] [info] lospro77 | fetched user data : active quests 
[18/10 16:45:54] [info] lospro77 | fetching user quests : 
- user active quests : 
- filtered (non-cached) : 
[18/10 16:45:54] [info] lospro77 | fetched user quests : 
[18/10 17:18:07] [info] lospro77 | disposing user quests data : 
- must dispose quests
[18/10 17:18:07] [info] lospro77 | disposed user data
[18/10 17:18:07] [info] lospro77 | disconnected
[19/10 14:13:41] [info] lospro77 | connected
[19/10 14:13:41] [info] lospro77 | fetched user data : active quests 
[19/10 14:13:41] [info] lospro77 | fetching user quests : 
- user active quests : 
- filtered (non-cached) : 
[19/10 14:13:41] [info] lospro77 | fetched user quests : 
[19/10 15:45:36] [info] lospro77 | disposing user quests data : 
- must dispose quests
[19/10 15:45:36] [info] lospro77 | disposed user data
[19/10 15:45:36] [info] lospro77 | disconnected
[19/10 19:12:08] [info] lospro77 | connected
[19/10 19:12:08] [info] lospro77 | fetched user data : active quests 
[19/10 19:12:08] [info] lospro77 | fetching user quests : 
- user active quests : 
- filtered (non-cached) : 
[19/10 19:12:08] [info] lospro77 | fetched user quests : 
[19/10 20:46:08] [info] lospro77 | disposing user quests data : 
- must dispose quests
[19/10 20:46:08] [info] lospro77 | disposed user data
[19/10 20:46:08] [info] lospro77 | disconnected
[19/10 20:49:01] [info] lospro77 | connected
[19/10 20:49:01] [info] lospro77 | fetched user data : active quests 
[19/10 20:49:01] [info] lospro77 | fetching user quests : 
- user active quests : 
- filtered (non-cached) : 
[19/10 20:49:01] [info] lospro77 | fetched user quests : 
[19/10 21:08:59] [info] lospro77 | disposing user quests data : 
- must dispose quests
[19/10 21:08:59] [info] lospro77 | disposed user data
[19/10 21:08:59] [info] lospro77 | disconnected
[21/10 13:27:27] [info] lospro77 | connected
[21/10 13:27:27] [info] lospro77 | fetched user data : active quests 
[21/10 13:27:27] [info] lospro77 | fetching user quests : 
- user active quests : 
- filtered (non-cached) : 
[21/10 13:27:27] [info] lospro77 | fetched user quests : 
[21/10 14:10:51] [info] lospro77 | disposing user quests data : 
- must dispose quests
[21/10 14:10:51] [info] lospro77 | disposed user data
[21/10 14:10:51] [info] lospro77 | disconnected
[21/10 14:18:16] [info] lospro77 | connected
[21/10 14:18:16] [info] lospro77 | fetched user data : active quests 
[21/10 14:18:16] [info] lospro77 | fetching user quests : 
- user active quests : 
- filtered (non-cached) : 
[21/10 14:18:16] [info] lospro77 | fetched user quests : 
[21/10 14:18:40] [info] lospro77 | disposing user quests data : 
- must dispose quests
[21/10 14:18:40] [info] lospro77 | disposed user data
[21/10 14:18:40] [info] lospro77 | disconnected
[21/10 19:41:50] [info] lospro77 | connected
[21/10 19:41:50] [info] lospro77 | fetched user data : active quests 
[21/10 19:41:50] [info] lospro77 | fetching user quests : 
- user active quests : 
- filtered (non-cached) : 
[21/10 19:41:50] [info] lospro77 | fetched user quests : 
[21/10 20:00:27] [info] lospro77 | disposing user quests data : 
- must dispose quests
[21/10 20:00:27] [info] lospro77 | disposed user data
[21/10 20:00:27] [info] lospro77 | disconnected
[23/10 14:22:29] [info] lospro77 | connected
[23/10 14:22:29] [info] lospro77 | fetched user data : active quests 
[23/10 14:22:29] [info] lospro77 | fetching user quests : 
- user active quests : 
- filtered (non-cached) : 
[23/10 14:22:29] [info] lospro77 | fetched user quests : 
[23/10 15:08:03] [info] lospro77 | disposing user quests data : 
- must dispose quests
[23/10 15:08:03] [info] lospro77 | disposed user data
[23/10 15:08:03] [info] lospro77 | disconnected
[23/10 15:11:29] [info] lospro77 | connected
[23/10 15:11:29] [info] lospro77 | fetched user data : active quests 
[23/10 15:11:29] [info] lospro77 | fetching user quests : 
- user active quests : 
- filtered (non-cached) : 
[23/10 15:11:29] [info] lospro77 | fetched user quests : 
[23/10 15:37:38] [info] lospro77 | disposing user quests data : 
- must dispose quests
[23/10 15:37:38] [info] lospro77 | disposed user data
[23/10 15:37:38] [info] lospro77 | disconnected
[23/10 15:43:44] [info] lospro77 | connected
[23/10 15:43:44] [info] lospro77 | fetched user data : active quests 
[23/10 15:43:44] [info] lospro77 | fetching user quests : 
- user active quests : 
- filtered (non-cached) : 
[23/10 15:43:44] [info] lospro77 | fetched user quests : 
[23/10 15:54:16] [info] lospro77 | connected
[23/10 15:54:16] [info] lospro77 | fetched user data : active quests 
[23/10 15:54:16] [info] lospro77 | fetching user quests : 
- user active quests : 
- filtered (non-cached) : 
[23/10 15:54:16] [info] lospro77 | fetched user quests : 
[23/10 16:01:09] [info] lospro77 | disposing user quests data : 
- must dispose quests
[23/10 16:01:09] [info] lospro77 | disposed user data
[23/10 16:01:09] [info] lospro77 | disconnected
[23/10 16:11:08] [info] lospro77 | connected
[23/10 16:11:08] [info] lospro77 | fetched user data : active quests 
[23/10 16:11:08] [info] lospro77 | fetching user quests : 
- user active quests : 
- filtered (non-cached) : 
[23/10 16:11:08] [info] lospro77 | fetched user quests : 
[23/10 16:14:27] [info] lospro77 | disposing user quests data : 
- must dispose quests
[23/10 16:14:27] [info] lospro77 | disposed user data
[23/10 16:14:27] [info] lospro77 | disconnected
[23/10 16:14:30] [info] lospro77 | connected
[23/10 16:14:30] [info] lospro77 | fetched user data : active quests 
[23/10 16:14:30] [info] lospro77 | fetching user quests : 
- user active quests : 
- filtered (non-cached) : 
[23/10 16:14:30] [info] lospro77 | fetched user quests : 
[23/10 16:14:58] [info] lospro77 | disposing user quests data : 
- must dispose quests
[23/10 16:14:58] [info] lospro77 | disposed user data
[23/10 16:14:58] [info] lospro77 | disconnected
