[19/10 23:05:45] [info] bentrix23 | connected
[19/10 23:05:45] [info] bentrix23 | fetched user data : no value ; created it
[19/10 23:05:45] [info] bentrix23 | pushing user cc164152-6958-3059-b919-8ecef855502b, active quests : 
[19/10 23:05:45] [info] bentrix23 | fetching user quests : 
- user active quests : 
- filtered (non-cached) : 
[19/10 23:05:45] [info] bentrix23 | fetched user quests : 
[19/10 23:16:02] [info] bentrix23 | disposing user quests data : 
- must dispose quests
[19/10 23:16:02] [info] bentrix23 | disposed user data
[19/10 23:16:02] [info] bentrix23 | disconnected
[20/10 00:24:11] [info] bentrix23 | connected
[20/10 00:24:11] [info] bentrix23 | fetched user data : active quests 
[20/10 00:24:11] [info] bentrix23 | fetching user quests : 
- user active quests : 
- filtered (non-cached) : 
[20/10 00:24:11] [info] bentrix23 | fetched user quests : 
[20/10 00:24:46] [info] bentrix23 | disposing user quests data : 
- must dispose quests
[20/10 00:24:46] [info] bentrix23 | disposed user data
[20/10 00:24:46] [info] bentrix23 | disconnected
[23/10 00:15:06] [info] bentrix23 | connected
[23/10 00:15:06] [info] bentrix23 | fetched user data : active quests 
[23/10 00:15:06] [info] bentrix23 | fetching user quests : 
- user active quests : 
- filtered (non-cached) : 
[23/10 00:15:06] [info] bentrix23 | fetched user quests : 
[23/10 00:19:27] [info] bentrix23 | disposing user quests data : 
- must dispose quests
[23/10 00:19:27] [info] bentrix23 | disposed user data
[23/10 00:19:27] [info] bentrix23 | disconnected
[23/10 22:52:45] [info] bentrix23 | connected
[23/10 22:52:45] [info] bentrix23 | fetched user data : active quests 
[23/10 22:52:45] [info] bentrix23 | fetching user quests : 
- user active quests : 
- filtered (non-cached) : 
[23/10 22:52:45] [info] bentrix23 | fetched user quests : 
[23/10 23:04:48] [info] bentrix23 | disposing user quests data : 
- must dispose quests
[23/10 23:04:48] [info] bentrix23 | disposed user data
[23/10 23:04:48] [info] bentrix23 | disconnected
