[16/10 14:13:54] [info] Patata122 | connected
[16/10 14:13:54] [info] Patata122 | fetched user data : no value ; created it
[16/10 14:13:54] [info] Patata122 | pushing user cd6b4f77-852c-3279-b089-08ee7beeb745, active quests : 
[16/10 14:13:54] [info] Patata122 | fetching user quests : 
- user active quests : 
- filtered (non-cached) : 
[16/10 14:13:54] [info] Patata122 | fetched user quests : 
[16/10 16:23:29] [info] Patata122 | disposing user quests data : 
- must dispose quests
[16/10 16:23:29] [info] Patata122 | disposed user data
[16/10 16:23:29] [info] Patata122 | disconnected
[16/10 21:54:24] [info] Patata122 | connected
[16/10 21:54:24] [info] Patata122 | fetched user data : active quests 
[16/10 21:54:24] [info] Patata122 | fetching user quests : 
- user active quests : 
- filtered (non-cached) : 
[16/10 21:54:24] [info] Patata122 | fetched user quests : 
[17/10 00:03:21] [info] Patata122 | disposing user quests data : 
- must dispose quests
[17/10 00:03:21] [info] Patata122 | disposed user data
[17/10 00:03:21] [info] Patata122 | disconnected
[17/10 14:34:41] [info] Patata122 | connected
[17/10 14:34:41] [info] Patata122 | fetched user data : active quests 
[17/10 14:34:41] [info] Patata122 | fetching user quests : 
- user active quests : 
- filtered (non-cached) : 
[17/10 14:34:41] [info] Patata122 | fetched user quests : 
[17/10 16:11:27] [info] Patata122 | disposing user quests data : 
- must dispose quests
[17/10 16:11:27] [info] Patata122 | disposed user data
[17/10 16:11:27] [info] Patata122 | disconnected
[17/10 16:12:25] [info] Patata122 | connected
[17/10 16:12:25] [info] Patata122 | fetched user data : active quests 
[17/10 16:12:25] [info] Patata122 | fetching user quests : 
- user active quests : 
- filtered (non-cached) : 
[17/10 16:12:25] [info] Patata122 | fetched user quests : 
[17/10 16:31:48] [info] Patata122 | disposing user quests data : 
- must dispose quests
[17/10 16:31:48] [info] Patata122 | disposed user data
[17/10 16:31:48] [info] Patata122 | disconnected
[17/10 17:55:46] [info] Patata122 | connected
[17/10 17:55:46] [info] Patata122 | fetched user data : active quests 
[17/10 17:55:46] [info] Patata122 | fetching user quests : 
- user active quests : 
- filtered (non-cached) : 
[17/10 17:55:46] [info] Patata122 | fetched user quests : 
[17/10 17:56:06] [info] Patata122 | disposing user quests data : 
- must dispose quests
[17/10 17:56:06] [info] Patata122 | disposed user data
[17/10 17:56:06] [info] Patata122 | disconnected
[17/10 17:56:08] [info] Patata122 | connected
[17/10 17:56:08] [info] Patata122 | fetched user data : active quests 
[17/10 17:56:08] [info] Patata122 | fetching user quests : 
- user active quests : 
- filtered (non-cached) : 
[17/10 17:56:08] [info] Patata122 | fetched user quests : 
[17/10 18:43:30] [info] Patata122 | disposing user quests data : 
- must dispose quests
[17/10 18:43:30] [info] Patata122 | disposed user data
[17/10 18:43:30] [info] Patata122 | disconnected
[17/10 19:16:17] [info] Patata122 | connected
[17/10 19:16:17] [info] Patata122 | fetched user data : active quests 
[17/10 19:16:17] [info] Patata122 | fetching user quests : 
- user active quests : 
- filtered (non-cached) : 
[17/10 19:16:17] [info] Patata122 | fetched user quests : 
[17/10 20:06:40] [info] Patata122 | disposing user quests data : 
- must dispose quests
[17/10 20:06:40] [info] Patata122 | disposed user data
[17/10 20:06:40] [info] Patata122 | disconnected
[17/10 21:10:52] [info] Patata122 | connected
[17/10 21:10:52] [info] Patata122 | fetched user data : active quests 
[17/10 21:10:52] [info] Patata122 | fetching user quests : 
- user active quests : 
- filtered (non-cached) : 
[17/10 21:10:52] [info] Patata122 | fetched user quests : 
[17/10 21:18:19] [info] Patata122 | disposing user quests data : 
- must dispose quests
[17/10 21:18:19] [info] Patata122 | disposed user data
[17/10 21:18:19] [info] Patata122 | disconnected
[17/10 21:31:44] [info] Patata122 | connected
[17/10 21:31:45] [info] Patata122 | fetched user data : active quests 
[17/10 21:31:45] [info] Patata122 | fetching user quests : 
- user active quests : 
- filtered (non-cached) : 
[17/10 21:31:45] [info] Patata122 | fetched user quests : 
[17/10 23:14:04] [info] Patata122 | disposing user quests data : 
- must dispose quests
[17/10 23:14:04] [info] Patata122 | disposed user data
[17/10 23:14:04] [info] Patata122 | disconnected
[17/10 23:14:25] [info] Patata122 | connected
[17/10 23:14:25] [info] Patata122 | fetched user data : active quests 
[17/10 23:14:25] [info] Patata122 | fetching user quests : 
- user active quests : 
- filtered (non-cached) : 
[17/10 23:14:25] [info] Patata122 | fetched user quests : 
[17/10 23:52:50] [info] Patata122 | disposing user quests data : 
- must dispose quests
[17/10 23:52:50] [info] Patata122 | disposed user data
[17/10 23:52:50] [info] Patata122 | disconnected
[18/10 15:11:30] [info] Patata122 | connected
[18/10 15:11:30] [info] Patata122 | fetched user data : active quests 
[18/10 15:11:30] [info] Patata122 | fetching user quests : 
- user active quests : 
- filtered (non-cached) : 
[18/10 15:11:30] [info] Patata122 | fetched user quests : 
[18/10 18:30:36] [info] Patata122 | disposing user quests data : 
- must dispose quests
[18/10 18:30:36] [info] Patata122 | disposed user data
[18/10 18:30:36] [info] Patata122 | disconnected
[18/10 21:49:54] [info] Patata122 | connected
[18/10 21:49:54] [info] Patata122 | fetched user data : active quests 
[18/10 21:49:54] [info] Patata122 | fetching user quests : 
- user active quests : 
- filtered (non-cached) : 
[18/10 21:49:54] [info] Patata122 | fetched user quests : 
[18/10 23:15:04] [info] Patata122 | disposing user quests data : 
- must dispose quests
[18/10 23:15:04] [info] Patata122 | disposed user data
[18/10 23:15:04] [info] Patata122 | disconnected
[19/10 17:07:36] [info] Patata122 | connected
[19/10 17:07:36] [info] Patata122 | fetched user data : active quests 
[19/10 17:07:36] [info] Patata122 | fetching user quests : 
- user active quests : 
- filtered (non-cached) : 
[19/10 17:07:36] [info] Patata122 | fetched user quests : 
[19/10 18:09:37] [info] Patata122 | disposing user quests data : 
- must dispose quests
[19/10 18:09:37] [info] Patata122 | disposed user data
[19/10 18:09:37] [info] Patata122 | disconnected
[19/10 22:40:16] [info] Patata122 | connected
[19/10 22:40:16] [info] Patata122 | fetched user data : active quests 
[19/10 22:40:16] [info] Patata122 | fetching user quests : 
- user active quests : 
- filtered (non-cached) : 
[19/10 22:40:16] [info] Patata122 | fetched user quests : 
[19/10 22:40:46] [info] Patata122 | disposing user quests data : 
- must dispose quests
[19/10 22:40:46] [info] Patata122 | disposed user data
[19/10 22:40:46] [info] Patata122 | disconnected
[19/10 22:42:02] [info] Patata122 | connected
[19/10 22:42:02] [info] Patata122 | fetched user data : active quests 
[19/10 22:42:02] [info] Patata122 | fetching user quests : 
- user active quests : 
- filtered (non-cached) : 
[19/10 22:42:02] [info] Patata122 | fetched user quests : 
[19/10 23:12:56] [info] Patata122 | disposing user quests data : 
- must dispose quests
[19/10 23:12:56] [info] Patata122 | disposed user data
[19/10 23:12:56] [info] Patata122 | disconnected
[19/10 23:13:17] [info] Patata122 | connected
[19/10 23:13:17] [info] Patata122 | fetched user data : active quests 
[19/10 23:13:17] [info] Patata122 | fetching user quests : 
- user active quests : 
- filtered (non-cached) : 
[19/10 23:13:17] [info] Patata122 | fetched user quests : 
[19/10 23:14:11] [info] Patata122 | disposing user quests data : 
- must dispose quests
[19/10 23:14:11] [info] Patata122 | disposed user data
[19/10 23:14:11] [info] Patata122 | disconnected
[20/10 14:03:57] [info] Patata122 | connected
[20/10 14:03:57] [info] Patata122 | fetched user data : active quests 
[20/10 14:03:57] [info] Patata122 | fetching user quests : 
- user active quests : 
- filtered (non-cached) : 
[20/10 14:03:57] [info] Patata122 | fetched user quests : 
[20/10 14:10:48] [info] Patata122 | disposing user quests data : 
- must dispose quests
[20/10 14:10:48] [info] Patata122 | disposed user data
[20/10 14:10:48] [info] Patata122 | disconnected
[20/10 14:13:14] [info] Patata122 | connected
[20/10 14:13:14] [info] Patata122 | fetched user data : active quests 
[20/10 14:13:14] [info] Patata122 | fetching user quests : 
- user active quests : 
- filtered (non-cached) : 
[20/10 14:13:14] [info] Patata122 | fetched user quests : 
[20/10 14:15:42] [info] Patata122 | disposing user quests data : 
- must dispose quests
[20/10 14:15:42] [info] Patata122 | disposed user data
[20/10 14:15:42] [info] Patata122 | disconnected
[20/10 14:16:08] [info] Patata122 | connected
[20/10 14:16:08] [info] Patata122 | fetched user data : active quests 
[20/10 14:16:08] [info] Patata122 | fetching user quests : 
- user active quests : 
- filtered (non-cached) : 
[20/10 14:16:08] [info] Patata122 | fetched user quests : 
[20/10 15:21:40] [info] Patata122 | disposing user quests data : 
- must dispose quests
[20/10 15:21:40] [info] Patata122 | disposed user data
[20/10 15:21:40] [info] Patata122 | disconnected
[20/10 19:27:00] [info] Patata122 | connected
[20/10 19:27:00] [info] Patata122 | fetched user data : active quests 
[20/10 19:27:00] [info] Patata122 | fetching user quests : 
- user active quests : 
- filtered (non-cached) : 
[20/10 19:27:00] [info] Patata122 | fetched user quests : 
[20/10 20:34:53] [info] Patata122 | disposing user quests data : 
- must dispose quests
[20/10 20:34:53] [info] Patata122 | disposed user data
[20/10 20:34:53] [info] Patata122 | disconnected
[20/10 21:22:26] [info] Patata122 | connected
[20/10 21:22:26] [info] Patata122 | fetched user data : active quests 
[20/10 21:22:26] [info] Patata122 | fetching user quests : 
- user active quests : 
- filtered (non-cached) : 
[20/10 21:22:26] [info] Patata122 | fetched user quests : 
[20/10 22:33:04] [info] Patata122 | disposing user quests data : 
- must dispose quests
[20/10 22:33:04] [info] Patata122 | disposed user data
[20/10 22:33:04] [info] Patata122 | disconnected
[21/10 19:29:11] [info] Patata122 | connected
[21/10 19:29:11] [info] Patata122 | fetched user data : active quests 
[21/10 19:29:11] [info] Patata122 | fetching user quests : 
- user active quests : 
- filtered (non-cached) : 
[21/10 19:29:11] [info] Patata122 | fetched user quests : 
[21/10 20:07:57] [info] Patata122 | quest Patata122/halloween | pushing quest halloween = c2f842c3-e73b-40ff-a55b-bf4f3efade02
[21/10 20:07:57] [info] Patata122 | quest Patata122/halloween | started quest : cause ACTIVATOR_PHYSICAL
[21/10 20:07:57] [info] Patata122 | quest Patata122/halloween/main | started branch
[21/10 20:07:57] [info] Patata122 | pushing user cd6b4f77-852c-3279-b089-08ee7beeb745, active quests : halloween=c2f842c3-e73b-40ff-a55b-bf4f3efade02
[21/10 20:26:40] [info] Patata122 | disposing user quests data : 
- must dispose quests | halloween (c2f842c3-e73b-40ff-a55b-bf4f3efade02)
[21/10 20:26:40] [info] - | quest Patata122/halloween | paused quest
[21/10 20:26:40] [info] - | quest Patata122/halloween | pushing quest halloween = c2f842c3-e73b-40ff-a55b-bf4f3efade02
[21/10 20:26:40] [info] Patata122 | disposed user quests data
[21/10 20:26:40] [info] Patata122 | disposed user data
[21/10 20:26:40] [info] Patata122 | disconnected
[22/10 14:47:39] [info] Patata122 | connected
[22/10 14:47:39] [info] Patata122 | fetched user data : active quests halloween=c2f842c3-e73b-40ff-a55b-bf4f3efade02
[22/10 14:47:39] [info] Patata122 | fetching user quests : 
- user active quests : halloween=c2f842c3-e73b-40ff-a55b-bf4f3efade02
- filtered (non-cached) : c2f842c3-e73b-40ff-a55b-bf4f3efade02
[22/10 14:47:39] [info] Patata122 | quest Patata122/halloween | fetched quest
[22/10 14:47:39] [info] Patata122 | quest Patata122/halloween | resumed quest
[22/10 14:47:39] [info] Patata122 | fetched user quests : 
- c2f842c3-e73b-40ff-a55b-bf4f3efade02 | NOT discarded | is present, halloween
[22/10 14:47:40] [info] Patata122 | quest Patata122/halloween | pushing quest halloween = c2f842c3-e73b-40ff-a55b-bf4f3efade02
[22/10 15:04:24] [info] Patata122 | quest Patata122/halloween | goto QUEST_SUCCESS | applying goto
[22/10 15:04:24] [info] Patata122 | quest Patata122/halloween | give rewards for group, debug : group rewards processing debug |
model : halloween
groups : 
quest players : cd6b4f77-852c-3279-b089-08ee7beeb745
- preparing to process player cd6b4f77-852c-3279-b089-08ee7beeb745
-- processing player cd6b4f77-852c-3279-b089-08ee7beeb745, Patata122
--- end type : SUCCESS
--- groups here : 
[22/10 15:04:24] [info] Patata122 | quest Patata122/halloween | stopped quest : cause GOTO
[22/10 15:04:25] [info] Patata122 | pushing user cd6b4f77-852c-3279-b089-08ee7beeb745, active quests : 
[22/10 17:22:18] [info] Patata122 | disposing user quests data : 
- must dispose quests
[22/10 17:22:18] [info] Patata122 | disposed user data
[22/10 17:22:18] [info] Patata122 | disconnected
[22/10 19:46:14] [info] Patata122 | connected
[22/10 19:46:14] [info] Patata122 | fetched user data : active quests 
[22/10 19:46:14] [info] Patata122 | fetching user quests : 
- user active quests : 
- filtered (non-cached) : 
[22/10 19:46:14] [info] Patata122 | fetched user quests : 
[22/10 19:46:15] [info] Patata122 | pushing user cd6b4f77-852c-3279-b089-08ee7beeb745, active quests : 
[22/10 19:50:20] [info] Patata122 | disposing user quests data : 
- must dispose quests
[22/10 19:50:20] [info] Patata122 | disposed user data
[22/10 19:50:20] [info] Patata122 | disconnected
[22/10 23:22:16] [info] Patata122 | connected
[22/10 23:22:16] [info] Patata122 | fetched user data : active quests 
[22/10 23:22:16] [info] Patata122 | fetching user quests : 
- user active quests : 
- filtered (non-cached) : 
[22/10 23:22:16] [info] Patata122 | fetched user quests : 
[23/10 01:06:44] [info] Patata122 | disposing user quests data : 
- must dispose quests
[23/10 01:06:44] [info] Patata122 | disposed user data
[23/10 01:06:44] [info] Patata122 | disconnected
[23/10 12:54:24] [info] Patata122 | connected
[23/10 12:54:24] [info] Patata122 | fetched user data : active quests 
[23/10 12:54:24] [info] Patata122 | fetching user quests : 
- user active quests : 
- filtered (non-cached) : 
[23/10 12:54:24] [info] Patata122 | fetched user quests : 
[23/10 12:55:30] [info] Patata122 | disposing user quests data : 
- must dispose quests
[23/10 12:55:30] [info] Patata122 | disposed user data
[23/10 12:55:30] [info] Patata122 | disconnected
[23/10 13:00:23] [info] Patata122 | connected
[23/10 13:00:23] [info] Patata122 | fetched user data : active quests 
[23/10 13:00:23] [info] Patata122 | fetching user quests : 
- user active quests : 
- filtered (non-cached) : 
[23/10 13:00:23] [info] Patata122 | fetched user quests : 
[23/10 13:20:24] [info] Patata122 | disposing user quests data : 
- must dispose quests
[23/10 13:20:24] [info] Patata122 | disposed user data
[23/10 13:20:24] [info] Patata122 | disconnected
[23/10 13:48:21] [info] Patata122 | connected
[23/10 13:48:21] [info] Patata122 | fetched user data : active quests 
[23/10 13:48:21] [info] Patata122 | fetching user quests : 
- user active quests : 
- filtered (non-cached) : 
[23/10 13:48:21] [info] Patata122 | fetched user quests : 
[23/10 13:49:01] [info] Patata122 | disposing user quests data : 
- must dispose quests
[23/10 13:49:01] [info] Patata122 | disposed user data
[23/10 13:49:01] [info] Patata122 | disconnected
[23/10 13:49:22] [info] Patata122 | connected
[23/10 13:49:22] [info] Patata122 | fetched user data : active quests 
[23/10 13:49:22] [info] Patata122 | fetching user quests : 
- user active quests : 
- filtered (non-cached) : 
[23/10 13:49:22] [info] Patata122 | fetched user quests : 
[23/10 14:32:57] [info] Patata122 | disposing user quests data : 
- must dispose quests
[23/10 14:32:57] [info] Patata122 | disposed user data
[23/10 14:32:57] [info] Patata122 | disconnected
[23/10 14:37:21] [info] Patata122 | connected
[23/10 14:37:21] [info] Patata122 | fetched user data : active quests 
[23/10 14:37:21] [info] Patata122 | fetching user quests : 
- user active quests : 
- filtered (non-cached) : 
[23/10 14:37:21] [info] Patata122 | fetched user quests : 
[23/10 14:48:52] [info] Patata122 | disposing user quests data : 
- must dispose quests
[23/10 14:48:52] [info] Patata122 | disposed user data
[23/10 14:48:52] [info] Patata122 | disconnected
[23/10 14:49:40] [info] Patata122 | connected
[23/10 14:49:40] [info] Patata122 | fetched user data : active quests 
[23/10 14:49:40] [info] Patata122 | fetching user quests : 
- user active quests : 
- filtered (non-cached) : 
[23/10 14:49:40] [info] Patata122 | fetched user quests : 
[23/10 15:01:30] [info] Patata122 | disposing user quests data : 
- must dispose quests
[23/10 15:01:30] [info] Patata122 | disposed user data
[23/10 15:01:30] [info] Patata122 | disconnected
[23/10 15:01:53] [info] Patata122 | connected
[23/10 15:01:53] [info] Patata122 | fetched user data : active quests 
[23/10 15:01:53] [info] Patata122 | fetching user quests : 
- user active quests : 
- filtered (non-cached) : 
[23/10 15:01:53] [info] Patata122 | fetched user quests : 
[23/10 15:06:23] [info] Patata122 | disposing user quests data : 
- must dispose quests
[23/10 15:06:23] [info] Patata122 | disposed user data
[23/10 15:06:23] [info] Patata122 | disconnected
[23/10 15:08:17] [info] Patata122 | connected
[23/10 15:08:17] [info] Patata122 | fetched user data : active quests 
[23/10 15:08:17] [info] Patata122 | fetching user quests : 
- user active quests : 
- filtered (non-cached) : 
[23/10 15:08:17] [info] Patata122 | fetched user quests : 
[23/10 15:28:04] [info] Patata122 | disposing user quests data : 
- must dispose quests
[23/10 15:28:04] [info] Patata122 | disposed user data
[23/10 15:28:04] [info] Patata122 | disconnected
[23/10 15:29:08] [info] Patata122 | connected
[23/10 15:29:08] [info] Patata122 | fetched user data : active quests 
[23/10 15:29:08] [info] Patata122 | fetching user quests : 
- user active quests : 
- filtered (non-cached) : 
[23/10 15:29:08] [info] Patata122 | fetched user quests : 
[23/10 15:30:23] [info] Patata122 | disposing user quests data : 
- must dispose quests
[23/10 15:30:23] [info] Patata122 | disposed user data
[23/10 15:30:23] [info] Patata122 | disconnected
[23/10 15:33:59] [info] Patata122 | connected
[23/10 15:33:59] [info] Patata122 | fetched user data : active quests 
[23/10 15:33:59] [info] Patata122 | fetching user quests : 
- user active quests : 
- filtered (non-cached) : 
[23/10 15:33:59] [info] Patata122 | fetched user quests : 
[23/10 15:42:45] [info] Patata122 | disposing user quests data : 
- must dispose quests
[23/10 15:42:45] [info] Patata122 | disposed user data
[23/10 15:42:45] [info] Patata122 | disconnected
[23/10 15:43:33] [info] Patata122 | connected
[23/10 15:43:33] [info] Patata122 | fetched user data : active quests 
[23/10 15:43:33] [info] Patata122 | fetching user quests : 
- user active quests : 
- filtered (non-cached) : 
[23/10 15:43:33] [info] Patata122 | fetched user quests : 
[23/10 15:51:47] [info] Patata122 | connected
[23/10 15:51:47] [info] Patata122 | fetched user data : active quests 
[23/10 15:51:47] [info] Patata122 | fetching user quests : 
- user active quests : 
- filtered (non-cached) : 
[23/10 15:51:47] [info] Patata122 | fetched user quests : 
[23/10 16:03:42] [info] Patata122 | disposing user quests data : 
- must dispose quests
[23/10 16:03:42] [info] Patata122 | disposed user data
[23/10 16:03:42] [info] Patata122 | disconnected
[23/10 16:38:11] [info] Patata122 | connected
[23/10 16:38:11] [info] Patata122 | fetched user data : active quests 
[23/10 16:38:11] [info] Patata122 | fetching user quests : 
- user active quests : 
- filtered (non-cached) : 
[23/10 16:38:11] [info] Patata122 | fetched user quests : 
[23/10 17:51:13] [info] Patata122 | disposing user quests data : 
- must dispose quests
[23/10 17:51:13] [info] Patata122 | disposed user data
[23/10 17:51:13] [info] Patata122 | disconnected
[23/10 17:51:37] [info] Patata122 | connected
[23/10 17:51:37] [info] Patata122 | fetched user data : active quests 
[23/10 17:51:37] [info] Patata122 | fetching user quests : 
- user active quests : 
- filtered (non-cached) : 
[23/10 17:51:37] [info] Patata122 | fetched user quests : 
[23/10 18:21:04] [info] Patata122 | disposing user quests data : 
- must dispose quests
[23/10 18:21:04] [info] Patata122 | disposed user data
[23/10 18:21:04] [info] Patata122 | disconnected
[23/10 18:21:33] [info] Patata122 | connected
[23/10 18:21:33] [info] Patata122 | fetched user data : active quests 
[23/10 18:21:33] [info] Patata122 | fetching user quests : 
- user active quests : 
- filtered (non-cached) : 
[23/10 18:21:33] [info] Patata122 | fetched user quests : 
[23/10 18:21:51] [info] Patata122 | disposing user quests data : 
- must dispose quests
[23/10 18:21:51] [info] Patata122 | disposed user data
[23/10 18:21:51] [info] Patata122 | disconnected
[23/10 18:21:55] [info] Patata122 | connected
[23/10 18:21:55] [info] Patata122 | fetched user data : active quests 
[23/10 18:21:55] [info] Patata122 | fetching user quests : 
- user active quests : 
- filtered (non-cached) : 
[23/10 18:21:55] [info] Patata122 | fetched user quests : 
[23/10 18:22:40] [info] Patata122 | disposing user quests data : 
- must dispose quests
[23/10 18:22:40] [info] Patata122 | disposed user data
[23/10 18:22:40] [info] Patata122 | disconnected
[23/10 18:23:21] [info] Patata122 | connected
[23/10 18:23:21] [info] Patata122 | fetched user data : active quests 
[23/10 18:23:21] [info] Patata122 | fetching user quests : 
- user active quests : 
- filtered (non-cached) : 
[23/10 18:23:21] [info] Patata122 | fetched user quests : 
[23/10 18:23:57] [info] Patata122 | disposing user quests data : 
- must dispose quests
[23/10 18:23:57] [info] Patata122 | disposed user data
[23/10 18:23:57] [info] Patata122 | disconnected
[23/10 18:24:18] [info] Patata122 | connected
[23/10 18:24:18] [info] Patata122 | fetched user data : active quests 
[23/10 18:24:18] [info] Patata122 | fetching user quests : 
- user active quests : 
- filtered (non-cached) : 
[23/10 18:24:18] [info] Patata122 | fetched user quests : 
[23/10 18:24:48] [info] Patata122 | disposing user quests data : 
- must dispose quests
[23/10 18:24:48] [info] Patata122 | disposed user data
[23/10 18:24:48] [info] Patata122 | disconnected
[23/10 18:25:02] [info] Patata122 | connected
[23/10 18:25:02] [info] Patata122 | fetched user data : active quests 
[23/10 18:25:02] [info] Patata122 | fetching user quests : 
- user active quests : 
- filtered (non-cached) : 
[23/10 18:25:02] [info] Patata122 | fetched user quests : 
[23/10 18:26:46] [info] Patata122 | disposing user quests data : 
- must dispose quests
[23/10 18:26:46] [info] Patata122 | disposed user data
[23/10 18:26:46] [info] Patata122 | disconnected
[23/10 18:32:45] [info] Patata122 | connected
[23/10 18:32:45] [info] Patata122 | fetched user data : active quests 
[23/10 18:32:45] [info] Patata122 | fetching user quests : 
- user active quests : 
- filtered (non-cached) : 
[23/10 18:32:45] [info] Patata122 | fetched user quests : 
[23/10 18:33:30] [info] Patata122 | disposing user quests data : 
- must dispose quests
[23/10 18:33:30] [info] Patata122 | disposed user data
[23/10 18:33:30] [info] Patata122 | disconnected
[23/10 18:34:24] [info] Patata122 | connected
[23/10 18:34:24] [info] Patata122 | fetched user data : active quests 
[23/10 18:34:24] [info] Patata122 | fetching user quests : 
- user active quests : 
- filtered (non-cached) : 
[23/10 18:34:24] [info] Patata122 | fetched user quests : 
[23/10 18:35:09] [info] Patata122 | disposing user quests data : 
- must dispose quests
[23/10 18:35:09] [info] Patata122 | disposed user data
[23/10 18:35:09] [info] Patata122 | disconnected
[23/10 18:36:41] [info] Patata122 | connected
[23/10 18:36:41] [info] Patata122 | fetched user data : active quests 
[23/10 18:36:41] [info] Patata122 | fetching user quests : 
- user active quests : 
- filtered (non-cached) : 
[23/10 18:36:41] [info] Patata122 | fetched user quests : 
[23/10 18:37:26] [info] Patata122 | disposing user quests data : 
- must dispose quests
[23/10 18:37:26] [info] Patata122 | disposed user data
[23/10 18:37:26] [info] Patata122 | disconnected
[23/10 18:38:47] [info] Patata122 | connected
[23/10 18:38:47] [info] Patata122 | fetched user data : active quests 
[23/10 18:38:47] [info] Patata122 | fetching user quests : 
- user active quests : 
- filtered (non-cached) : 
[23/10 18:38:47] [info] Patata122 | fetched user quests : 
[23/10 18:39:32] [info] Patata122 | disposing user quests data : 
- must dispose quests
[23/10 18:39:32] [info] Patata122 | disposed user data
[23/10 18:39:32] [info] Patata122 | disconnected
[23/10 18:46:25] [info] Patata122 | connected
[23/10 18:46:25] [info] Patata122 | fetched user data : active quests 
[23/10 18:46:25] [info] Patata122 | fetching user quests : 
- user active quests : 
- filtered (non-cached) : 
[23/10 18:46:25] [info] Patata122 | fetched user quests : 
[23/10 19:32:19] [info] Patata122 | disposing user quests data : 
- must dispose quests
[23/10 19:32:19] [info] Patata122 | disposed user data
[23/10 19:32:19] [info] Patata122 | disconnected
[23/10 20:39:38] [info] Patata122 | connected
[23/10 20:39:38] [info] Patata122 | fetched user data : active quests 
[23/10 20:39:38] [info] Patata122 | fetching user quests : 
- user active quests : 
- filtered (non-cached) : 
[23/10 20:39:38] [info] Patata122 | fetched user quests : 
[23/10 23:31:27] [info] Patata122 | disposing user quests data : 
- must dispose quests
[23/10 23:31:27] [info] Patata122 | disposed user data
[23/10 23:31:27] [info] Patata122 | disconnected
[23/10 23:43:12] [info] Patata122 | connected
[23/10 23:43:12] [info] Patata122 | fetched user data : active quests 
[23/10 23:43:12] [info] Patata122 | fetching user quests : 
- user active quests : 
- filtered (non-cached) : 
[23/10 23:43:12] [info] Patata122 | fetched user quests : 
[23/10 23:47:14] [info] Patata122 | disposing user quests data : 
- must dispose quests
[23/10 23:47:14] [info] Patata122 | disposed user data
[23/10 23:47:14] [info] Patata122 | disconnected
[24/10 09:04:30] [info] Patata122 | connected
[24/10 09:04:30] [info] Patata122 | fetched user data : active quests 
[24/10 09:04:30] [info] Patata122 | fetching user quests : 
- user active quests : 
- filtered (non-cached) : 
[24/10 09:04:30] [info] Patata122 | fetched user quests : 
[24/10 09:09:47] [info] Patata122 | disposing user quests data : 
- must dispose quests
[24/10 09:09:47] [info] Patata122 | disposed user data
[24/10 09:09:47] [info] Patata122 | disconnected
[24/10 14:56:00] [info] Patata122 | connected
[24/10 14:56:00] [info] Patata122 | fetched user data : active quests 
[24/10 14:56:00] [info] Patata122 | fetching user quests : 
- user active quests : 
- filtered (non-cached) : 
[24/10 14:56:00] [info] Patata122 | fetched user quests : 
