[21/10 16:43:06] [info] ElCreadorr | connected
[21/10 16:43:06] [info] ElCreadorr | fetched user data : no value ; created it
[21/10 16:43:06] [info] ElCreadorr | pushing user d5133b04-186b-3b48-bce1-860866a525e9, active quests : 
[21/10 16:43:06] [info] ElCreadorr | fetching user quests : 
- user active quests : 
- filtered (non-cached) : 
[21/10 16:43:06] [info] ElCreadorr | fetched user quests : 
[21/10 16:44:36] [info] ElCreadorr | disposing user quests data : 
- must dispose quests
[21/10 16:44:36] [info] ElCreadorr | disposed user data
[21/10 16:44:36] [info] ElCreadorr | disconnected
[21/10 16:45:20] [info] ElCreadorr | connected
[21/10 16:45:20] [info] ElCreadorr | fetched user data : active quests 
[21/10 16:45:20] [info] ElCreadorr | fetching user quests : 
- user active quests : 
- filtered (non-cached) : 
[21/10 16:45:20] [info] ElCreadorr | fetched user quests : 
[21/10 17:18:23] [info] ElCreadorr | disposing user quests data : 
- must dispose quests
[21/10 17:18:23] [info] ElCreadorr | disposed user data
[21/10 17:18:23] [info] ElCreadorr | disconnected
[22/10 08:57:05] [info] ElCreadorr | connected
[22/10 08:57:05] [info] ElCreadorr | fetched user data : active quests 
[22/10 08:57:05] [info] ElCreadorr | fetching user quests : 
- user active quests : 
- filtered (non-cached) : 
[22/10 08:57:05] [info] ElCreadorr | fetched user quests : 
[22/10 09:21:09] [info] ElCreadorr | disposing user quests data : 
- must dispose quests
[22/10 09:21:09] [info] ElCreadorr | disposed user data
[22/10 09:21:09] [info] ElCreadorr | disconnected
[23/10 12:04:02] [info] ElCreadorr | connected
[23/10 12:04:02] [info] ElCreadorr | fetched user data : active quests 
[23/10 12:04:02] [info] ElCreadorr | fetching user quests : 
- user active quests : 
- filtered (non-cached) : 
[23/10 12:04:02] [info] ElCreadorr | fetched user quests : 
[23/10 12:31:28] [info] ElCreadorr | disposing user quests data : 
- must dispose quests
[23/10 12:31:28] [info] ElCreadorr | disposed user data
[23/10 12:31:28] [info] ElCreadorr | disconnected
[23/10 13:46:27] [info] ElCreadorr | connected
[23/10 13:46:27] [info] ElCreadorr | fetched user data : active quests 
[23/10 13:46:27] [info] ElCreadorr | fetching user quests : 
- user active quests : 
- filtered (non-cached) : 
[23/10 13:46:27] [info] ElCreadorr | fetched user quests : 
[23/10 14:53:35] [info] ElCreadorr | disposing user quests data : 
- must dispose quests
[23/10 14:53:35] [info] ElCreadorr | disposed user data
[23/10 14:53:35] [info] ElCreadorr | disconnected
[23/10 15:16:20] [info] ElCreadorr | connected
[23/10 15:16:20] [info] ElCreadorr | fetched user data : active quests 
[23/10 15:16:20] [info] ElCreadorr | fetching user quests : 
- user active quests : 
- filtered (non-cached) : 
[23/10 15:16:20] [info] ElCreadorr | fetched user quests : 
[23/10 15:26:22] [info] ElCreadorr | disposing user quests data : 
- must dispose quests
[23/10 15:26:22] [info] ElCreadorr | disposed user data
[23/10 15:26:22] [info] ElCreadorr | disconnected
[23/10 15:27:50] [info] ElCreadorr | connected
[23/10 15:27:50] [info] ElCreadorr | fetched user data : active quests 
[23/10 15:27:50] [info] ElCreadorr | fetching user quests : 
- user active quests : 
- filtered (non-cached) : 
[23/10 15:27:50] [info] ElCreadorr | fetched user quests : 
[23/10 15:34:53] [info] ElCreadorr | disposing user quests data : 
- must dispose quests
[23/10 15:34:53] [info] ElCreadorr | disposed user data
[23/10 15:34:53] [info] ElCreadorr | disconnected
[23/10 17:10:21] [info] ElCreadorr | connected
[23/10 17:10:21] [info] ElCreadorr | fetched user data : active quests 
[23/10 17:10:21] [info] ElCreadorr | fetching user quests : 
- user active quests : 
- filtered (non-cached) : 
[23/10 17:10:21] [info] ElCreadorr | fetched user quests : 
[23/10 17:20:50] [info] ElCreadorr | disposing user quests data : 
- must dispose quests
[23/10 17:20:50] [info] ElCreadorr | disposed user data
[23/10 17:20:50] [info] ElCreadorr | disconnected
[23/10 17:35:05] [info] ElCreadorr | connected
[23/10 17:35:05] [info] ElCreadorr | fetched user data : active quests 
[23/10 17:35:05] [info] ElCreadorr | fetching user quests : 
- user active quests : 
- filtered (non-cached) : 
[23/10 17:35:05] [info] ElCreadorr | fetched user quests : 
[23/10 17:35:52] [info] ElCreadorr | disposing user quests data : 
- must dispose quests
[23/10 17:35:52] [info] ElCreadorr | disposed user data
[23/10 17:35:52] [info] ElCreadorr | disconnected
[23/10 17:50:07] [info] ElCreadorr | connected
[23/10 17:50:07] [info] ElCreadorr | fetched user data : active quests 
[23/10 17:50:07] [info] ElCreadorr | fetching user quests : 
- user active quests : 
- filtered (non-cached) : 
[23/10 17:50:07] [info] ElCreadorr | fetched user quests : 
[23/10 17:55:24] [info] ElCreadorr | disposing user quests data : 
- must dispose quests
[23/10 17:55:24] [info] ElCreadorr | disposed user data
[23/10 17:55:24] [info] ElCreadorr | disconnected
[23/10 18:32:57] [info] ElCreadorr | connected
[23/10 18:32:57] [info] ElCreadorr | fetched user data : active quests 
[23/10 18:32:57] [info] ElCreadorr | fetching user quests : 
- user active quests : 
- filtered (non-cached) : 
[23/10 18:32:57] [info] ElCreadorr | fetched user quests : 
[23/10 18:34:16] [info] ElCreadorr | disposing user quests data : 
- must dispose quests
[23/10 18:34:16] [info] ElCreadorr | disposed user data
[23/10 18:34:16] [info] ElCreadorr | disconnected
[23/10 18:44:18] [info] ElCreadorr | connected
[23/10 18:44:18] [info] ElCreadorr | fetched user data : active quests 
[23/10 18:44:18] [info] ElCreadorr | fetching user quests : 
- user active quests : 
- filtered (non-cached) : 
[23/10 18:44:18] [info] ElCreadorr | fetched user quests : 
[23/10 18:59:23] [info] ElCreadorr | disposing user quests data : 
- must dispose quests
[23/10 18:59:23] [info] ElCreadorr | disposed user data
[23/10 18:59:23] [info] ElCreadorr | disconnected
[23/10 20:06:53] [info] ElCreadorr | connected
[23/10 20:06:53] [info] ElCreadorr | fetched user data : active quests 
[23/10 20:06:53] [info] ElCreadorr | fetching user quests : 
- user active quests : 
- filtered (non-cached) : 
[23/10 20:06:53] [info] ElCreadorr | fetched user quests : 
[23/10 20:32:31] [info] ElCreadorr | disposing user quests data : 
- must dispose quests
[23/10 20:32:31] [info] ElCreadorr | disposed user data
[23/10 20:32:31] [info] ElCreadorr | disconnected
