[16/10 10:03:40] [info] Nini4k | fetched user data : no value ; created it
[16/10 10:03:40] [info] Nini4k | pushing user d6762391-6bb6-3a78-9a54-81eb59d94c36, active quests : 
[16/10 10:03:40] [info] Nini4k | fetching user quests : 
- user active quests : 
- filtered (non-cached) : 
[16/10 10:03:40] [info] Nini4k | fetched user quests : 
[16/10 10:13:32] [info] Nini4k | fetched user data : active quests 
[16/10 10:13:32] [info] Nini4k | fetching user quests : 
- user active quests : 
- filtered (non-cached) : 
[16/10 10:13:32] [info] Nini4k | fetched user quests : 
[16/10 10:15:35] [info] Nini4k | fetched user data : active quests 
[16/10 10:15:35] [info] Nini4k | fetching user quests : 
- user active quests : 
- filtered (non-cached) : 
[16/10 10:15:35] [info] Nini4k | fetched user quests : 
[16/10 10:19:05] [info] Nini4k | fetched user data : active quests 
[16/10 10:19:05] [info] Nini4k | fetching user quests : 
- user active quests : 
- filtered (non-cached) : 
[16/10 10:19:05] [info] Nini4k | fetched user quests : 
[16/10 10:19:34] [info] Nini4k | fetched user data : active quests 
[16/10 10:19:34] [info] Nini4k | fetching user quests : 
- user active quests : 
- filtered (non-cached) : 
[16/10 10:19:34] [info] Nini4k | fetched user quests : 
[16/10 10:29:43] [info] Nini4k | fetched user data : active quests 
[16/10 10:29:43] [info] Nini4k | fetching user quests : 
- user active quests : 
- filtered (non-cached) : 
[16/10 10:29:43] [info] Nini4k | fetched user quests : 
[16/10 10:43:27] [info] Nini4k | fetched user data : active quests 
[16/10 10:43:27] [info] Nini4k | fetching user quests : 
- user active quests : 
- filtered (non-cached) : 
[16/10 10:43:27] [info] Nini4k | fetched user quests : 
[16/10 10:43:36] [info] Nini4k | fetched user data : active quests 
[16/10 10:43:36] [info] Nini4k | fetching user quests : 
- user active quests : 
- filtered (non-cached) : 
[16/10 10:43:36] [info] Nini4k | fetched user quests : 
[16/10 10:48:38] [info] Nini4k | fetched user data : active quests 
[16/10 10:48:38] [info] Nini4k | fetching user quests : 
- user active quests : 
- filtered (non-cached) : 
[16/10 10:48:38] [info] Nini4k | fetched user quests : 
[16/10 10:49:15] [info] Nini4k | fetched user data : active quests 
[16/10 10:49:15] [info] Nini4k | fetching user quests : 
- user active quests : 
- filtered (non-cached) : 
[16/10 10:49:15] [info] Nini4k | fetched user quests : 
[16/10 10:50:17] [info] Nini4k | fetched user data : active quests 
[16/10 10:50:17] [info] Nini4k | fetching user quests : 
- user active quests : 
- filtered (non-cached) : 
[16/10 10:50:17] [info] Nini4k | fetched user quests : 
[16/10 10:51:54] [info] Nini4k | fetched user data : active quests 
[16/10 10:51:54] [info] Nini4k | fetching user quests : 
- user active quests : 
- filtered (non-cached) : 
[16/10 10:51:54] [info] Nini4k | fetched user quests : 
[16/10 11:06:12] [info] Nini4k | fetched user data : active quests 
[16/10 11:06:12] [info] Nini4k | fetching user quests : 
- user active quests : 
- filtered (non-cached) : 
[16/10 11:06:12] [info] Nini4k | fetched user quests : 
[16/10 11:06:52] [info] Nini4k | fetched user data : active quests 
[16/10 11:06:52] [info] Nini4k | fetching user quests : 
- user active quests : 
- filtered (non-cached) : 
[16/10 11:06:52] [info] Nini4k | fetched user quests : 
[16/10 11:09:45] [info] Nini4k | fetched user data : active quests 
[16/10 11:09:45] [info] Nini4k | fetching user quests : 
- user active quests : 
- filtered (non-cached) : 
[16/10 11:09:45] [info] Nini4k | fetched user quests : 
[16/10 11:10:05] [info] Nini4k | fetched user data : active quests 
[16/10 11:10:05] [info] Nini4k | fetching user quests : 
- user active quests : 
- filtered (non-cached) : 
[16/10 11:10:05] [info] Nini4k | fetched user quests : 
[16/10 11:10:10] [info] Nini4k | fetched user data : active quests 
[16/10 11:10:10] [info] Nini4k | fetching user quests : 
- user active quests : 
- filtered (non-cached) : 
[16/10 11:10:10] [info] Nini4k | fetched user quests : 
[16/10 11:10:56] [info] Nini4k | fetched user data : active quests 
[16/10 11:10:56] [info] Nini4k | fetching user quests : 
- user active quests : 
- filtered (non-cached) : 
[16/10 11:10:56] [info] Nini4k | fetched user quests : 
[16/10 13:35:06] [info] Nini4k | disposing user quests data : 
- must dispose quests
[16/10 13:35:06] [info] Nini4k | disposed user data
[16/10 13:35:06] [info] Nini4k | disconnected
[16/10 13:35:24] [info] Nini4k | connected
[16/10 13:35:24] [info] Nini4k | fetched user data : active quests 
[16/10 13:35:24] [info] Nini4k | fetching user quests : 
- user active quests : 
- filtered (non-cached) : 
[16/10 13:35:24] [info] Nini4k | fetched user quests : 
[16/10 13:37:09] [info] Nini4k | disposing user quests data : 
- must dispose quests
[16/10 13:37:09] [info] Nini4k | disposed user data
[16/10 13:37:09] [info] Nini4k | disconnected
[16/10 13:37:21] [info] Nini4k | connected
[16/10 13:37:21] [info] Nini4k | fetched user data : active quests 
[16/10 13:37:21] [info] Nini4k | fetching user quests : 
- user active quests : 
- filtered (non-cached) : 
[16/10 13:37:21] [info] Nini4k | fetched user quests : 
[16/10 13:46:29] [info] Nini4k | disposing user quests data : 
- must dispose quests
[16/10 13:46:29] [info] Nini4k | disposed user data
[16/10 13:46:29] [info] Nini4k | disconnected
[16/10 13:47:58] [info] Nini4k | connected
[16/10 13:47:58] [info] Nini4k | fetched user data : active quests 
[16/10 13:47:58] [info] Nini4k | fetching user quests : 
- user active quests : 
- filtered (non-cached) : 
[16/10 13:47:58] [info] Nini4k | fetched user quests : 
[16/10 14:15:30] [info] Nini4k | disposing user quests data : 
- must dispose quests
[16/10 14:15:30] [info] Nini4k | disposed user data
[16/10 14:15:30] [info] Nini4k | disconnected
[16/10 14:16:09] [info] Nini4k | connected
[16/10 14:16:09] [info] Nini4k | fetched user data : active quests 
[16/10 14:16:09] [info] Nini4k | fetching user quests : 
- user active quests : 
- filtered (non-cached) : 
[16/10 14:16:09] [info] Nini4k | fetched user quests : 
[16/10 15:11:24] [info] Nini4k | disposing user quests data : 
- must dispose quests
[16/10 15:11:24] [info] Nini4k | disposed user data
[16/10 15:11:24] [info] Nini4k | disconnected
[16/10 15:12:03] [info] Nini4k | connected
[16/10 15:12:03] [info] Nini4k | fetched user data : active quests 
[16/10 15:12:03] [info] Nini4k | fetching user quests : 
- user active quests : 
- filtered (non-cached) : 
[16/10 15:12:03] [info] Nini4k | fetched user quests : 
[16/10 15:16:21] [info] Nini4k | disposing user quests data : 
- must dispose quests
[16/10 15:16:21] [info] Nini4k | disposed user data
[16/10 15:16:21] [info] Nini4k | disconnected
[16/10 15:16:23] [info] Nini4k | connected
[16/10 15:16:23] [info] Nini4k | fetched user data : active quests 
[16/10 15:16:23] [info] Nini4k | fetching user quests : 
- user active quests : 
- filtered (non-cached) : 
[16/10 15:16:23] [info] Nini4k | fetched user quests : 
[16/10 15:34:49] [info] Nini4k | disposing user quests data : 
- must dispose quests
[16/10 15:34:49] [info] Nini4k | disposed user data
[16/10 15:34:49] [info] Nini4k | disconnected
[16/10 15:47:10] [info] Nini4k | connected
[16/10 15:47:10] [info] Nini4k | fetched user data : active quests 
[16/10 15:47:10] [info] Nini4k | fetching user quests : 
- user active quests : 
- filtered (non-cached) : 
[16/10 15:47:10] [info] Nini4k | fetched user quests : 
[16/10 15:53:26] [info] Nini4k | disposing user quests data : 
- must dispose quests
[16/10 15:53:26] [info] Nini4k | disposed user data
[16/10 15:53:26] [info] Nini4k | disconnected
[16/10 15:53:51] [info] Nini4k | connected
[16/10 15:53:51] [info] Nini4k | fetched user data : active quests 
[16/10 15:53:51] [info] Nini4k | fetching user quests : 
- user active quests : 
- filtered (non-cached) : 
[16/10 15:53:51] [info] Nini4k | fetched user quests : 
[16/10 16:47:17] [info] Nini4k | disposing user quests data : 
- must dispose quests
[16/10 16:47:17] [info] Nini4k | disposed user data
[16/10 16:47:17] [info] Nini4k | disconnected
[16/10 16:47:19] [info] Nini4k | connected
[16/10 16:47:19] [info] Nini4k | fetched user data : active quests 
[16/10 16:47:19] [info] Nini4k | fetching user quests : 
- user active quests : 
- filtered (non-cached) : 
[16/10 16:47:19] [info] Nini4k | fetched user quests : 
[16/10 17:11:22] [info] Nini4k | disposing user quests data : 
- must dispose quests
[16/10 17:11:22] [info] Nini4k | disposed user data
[16/10 17:11:22] [info] Nini4k | disconnected
[16/10 17:12:18] [info] Nini4k | connected
[16/10 17:12:18] [info] Nini4k | fetched user data : active quests 
[16/10 17:12:18] [info] Nini4k | fetching user quests : 
- user active quests : 
- filtered (non-cached) : 
[16/10 17:12:18] [info] Nini4k | fetched user quests : 
[16/10 17:12:52] [info] Nini4k | disposing user quests data : 
- must dispose quests
[16/10 17:12:52] [info] Nini4k | disposed user data
[16/10 17:12:52] [info] Nini4k | disconnected
[16/10 17:14:52] [info] Nini4k | connected
[16/10 17:14:52] [info] Nini4k | fetched user data : active quests 
[16/10 17:14:52] [info] Nini4k | fetching user quests : 
- user active quests : 
- filtered (non-cached) : 
[16/10 17:14:52] [info] Nini4k | fetched user quests : 
[16/10 17:15:59] [info] Nini4k | disposing user quests data : 
- must dispose quests
[16/10 17:15:59] [info] Nini4k | disposed user data
[16/10 17:15:59] [info] Nini4k | disconnected
[16/10 18:32:23] [info] Nini4k | connected
[16/10 18:32:23] [info] Nini4k | fetched user data : active quests 
[16/10 18:32:23] [info] Nini4k | fetching user quests : 
- user active quests : 
- filtered (non-cached) : 
[16/10 18:32:23] [info] Nini4k | fetched user quests : 
[16/10 18:45:31] [info] Nini4k | disposing user quests data : 
- must dispose quests
[16/10 18:45:31] [info] Nini4k | disposed user data
[16/10 18:45:31] [info] Nini4k | disconnected
[17/10 15:40:17] [info] Nini4k | connected
[17/10 15:40:17] [info] Nini4k | fetched user data : active quests 
[17/10 15:40:17] [info] Nini4k | fetching user quests : 
- user active quests : 
- filtered (non-cached) : 
[17/10 15:40:17] [info] Nini4k | fetched user quests : 
[17/10 16:11:16] [info] Nini4k | disposing user quests data : 
- must dispose quests
[17/10 16:11:16] [info] Nini4k | disposed user data
[17/10 16:11:16] [info] Nini4k | disconnected
[17/10 16:12:34] [info] Nini4k | connected
[17/10 16:12:35] [info] Nini4k | fetched user data : active quests 
[17/10 16:12:35] [info] Nini4k | fetching user quests : 
- user active quests : 
- filtered (non-cached) : 
[17/10 16:12:35] [info] Nini4k | fetched user quests : 
[17/10 16:44:11] [info] Nini4k | disposing user quests data : 
- must dispose quests
[17/10 16:44:11] [info] Nini4k | disposed user data
[17/10 16:44:11] [info] Nini4k | disconnected
[18/10 13:59:22] [info] Nini4k | connected
[18/10 13:59:22] [info] Nini4k | fetched user data : active quests 
[18/10 13:59:22] [info] Nini4k | fetching user quests : 
- user active quests : 
- filtered (non-cached) : 
[18/10 13:59:22] [info] Nini4k | fetched user quests : 
[18/10 15:45:42] [info] Nini4k | disposing user quests data : 
- must dispose quests
[18/10 15:45:42] [info] Nini4k | disposed user data
[18/10 15:45:42] [info] Nini4k | disconnected
[18/10 17:39:26] [info] Nini4k | connected
[18/10 17:39:26] [info] Nini4k | fetched user data : active quests 
[18/10 17:39:26] [info] Nini4k | fetching user quests : 
- user active quests : 
- filtered (non-cached) : 
[18/10 17:39:26] [info] Nini4k | fetched user quests : 
[18/10 18:44:41] [info] Nini4k | disposing user quests data : 
- must dispose quests
[18/10 18:44:41] [info] Nini4k | disposed user data
[18/10 18:44:41] [info] Nini4k | disconnected
[18/10 18:44:53] [info] Nini4k | connected
[18/10 18:44:53] [info] Nini4k | fetched user data : active quests 
[18/10 18:44:53] [info] Nini4k | fetching user quests : 
- user active quests : 
- filtered (non-cached) : 
[18/10 18:44:53] [info] Nini4k | fetched user quests : 
[18/10 20:31:42] [info] Nini4k | disposing user quests data : 
- must dispose quests
[18/10 20:31:42] [info] Nini4k | disposed user data
[18/10 20:31:42] [info] Nini4k | disconnected
[20/10 19:19:47] [info] Nini4k | connected
[20/10 19:19:47] [info] Nini4k | fetched user data : active quests 
[20/10 19:19:47] [info] Nini4k | fetching user quests : 
- user active quests : 
- filtered (non-cached) : 
[20/10 19:19:47] [info] Nini4k | fetched user quests : 
[20/10 20:00:02] [info] Nini4k | disposing user quests data : 
- must dispose quests
[20/10 20:00:02] [info] Nini4k | disposed user data
[20/10 20:00:02] [info] Nini4k | disconnected
[21/10 15:16:26] [info] Nini4k | connected
[21/10 15:16:26] [info] Nini4k | fetched user data : active quests 
[21/10 15:16:26] [info] Nini4k | fetching user quests : 
- user active quests : 
- filtered (non-cached) : 
[21/10 15:16:26] [info] Nini4k | fetched user quests : 
[21/10 15:33:55] [info] Nini4k | disposing user quests data : 
- must dispose quests
[21/10 15:33:55] [info] Nini4k | disposed user data
[21/10 15:33:55] [info] Nini4k | disconnected
[21/10 17:48:05] [info] Nini4k | connected
[21/10 17:48:05] [info] Nini4k | fetched user data : active quests 
[21/10 17:48:05] [info] Nini4k | fetching user quests : 
- user active quests : 
- filtered (non-cached) : 
[21/10 17:48:05] [info] Nini4k | fetched user quests : 
[21/10 18:00:29] [info] Nini4k | disposing user quests data : 
- must dispose quests
[21/10 18:00:29] [info] Nini4k | disposed user data
[21/10 18:00:29] [info] Nini4k | disconnected
[21/10 18:39:57] [info] Nini4k | connected
[21/10 18:39:57] [info] Nini4k | fetched user data : active quests 
[21/10 18:39:57] [info] Nini4k | fetching user quests : 
- user active quests : 
- filtered (non-cached) : 
[21/10 18:39:57] [info] Nini4k | fetched user quests : 
[21/10 19:04:23] [info] Nini4k | quest Nini4k/halloween | pushing quest halloween = 4364a2e8-7808-4dcb-a51a-67c811241eaf
[21/10 19:04:23] [info] Nini4k | quest Nini4k/halloween | started quest : cause ACTIVATOR_PHYSICAL
[21/10 19:04:23] [info] Nini4k | quest Nini4k/halloween/main | started branch
[21/10 19:04:23] [info] Nini4k | pushing user d6762391-6bb6-3a78-9a54-81eb59d94c36, active quests : halloween=4364a2e8-7808-4dcb-a51a-67c811241eaf
[21/10 19:46:39] [info] Nini4k | quest Nini4k/halloween | goto QUEST_SUCCESS | applying goto
[21/10 19:46:39] [info] Nini4k | quest Nini4k/halloween | give rewards for group, debug : group rewards processing debug |
model : halloween
groups : 
quest players : d6762391-6bb6-3a78-9a54-81eb59d94c36
- preparing to process player d6762391-6bb6-3a78-9a54-81eb59d94c36
-- processing player d6762391-6bb6-3a78-9a54-81eb59d94c36, Nini4k
--- end type : SUCCESS
--- groups here : 
[21/10 19:46:39] [info] Nini4k | quest Nini4k/halloween | stopped quest : cause GOTO
[21/10 19:46:39] [info] Nini4k | pushing user d6762391-6bb6-3a78-9a54-81eb59d94c36, active quests : 
[21/10 21:08:22] [info] Nini4k | disposing user quests data : 
- must dispose quests
[21/10 21:08:22] [info] Nini4k | disposed user data
[21/10 21:08:22] [info] Nini4k | disconnected
[22/10 07:29:25] [info] Nini4k | connected
[22/10 07:29:26] [info] Nini4k | fetched user data : active quests 
[22/10 07:29:26] [info] Nini4k | fetching user quests : 
- user active quests : 
- filtered (non-cached) : 
[22/10 07:29:26] [info] Nini4k | fetched user quests : 
[22/10 07:29:26] [info] Nini4k | pushing user d6762391-6bb6-3a78-9a54-81eb59d94c36, active quests : 
[22/10 08:04:15] [info] Nini4k | quest Nini4k/halloween | pushing quest halloween = 9df04f6f-4d64-4953-a2a6-0f7e54528c1c
[22/10 08:04:15] [info] Nini4k | quest Nini4k/halloween | started quest : cause ACTIVATOR_PHYSICAL
[22/10 08:04:15] [info] Nini4k | quest Nini4k/halloween/main | started branch
[22/10 08:04:16] [info] Nini4k | pushing user d6762391-6bb6-3a78-9a54-81eb59d94c36, active quests : halloween=9df04f6f-4d64-4953-a2a6-0f7e54528c1c
[22/10 08:04:32] [info] Nini4k | quest Nini4k/halloween | goto QUEST_SUCCESS | applying goto
[22/10 08:04:32] [info] Nini4k | quest Nini4k/halloween | give rewards for group, debug : group rewards processing debug |
model : halloween
groups : 
quest players : d6762391-6bb6-3a78-9a54-81eb59d94c36
- preparing to process player d6762391-6bb6-3a78-9a54-81eb59d94c36
-- processing player d6762391-6bb6-3a78-9a54-81eb59d94c36, Nini4k
--- end type : SUCCESS
--- groups here : 
[22/10 08:04:32] [info] Nini4k | quest Nini4k/halloween | stopped quest : cause GOTO
[22/10 08:04:33] [info] Nini4k | pushing user d6762391-6bb6-3a78-9a54-81eb59d94c36, active quests : 
[22/10 08:59:17] [info] Nini4k | disposing user quests data : 
- must dispose quests
[22/10 08:59:17] [info] Nini4k | disposed user data
[22/10 08:59:17] [info] Nini4k | disconnected
[22/10 08:59:28] [info] Nini4k | connected
[22/10 08:59:28] [info] Nini4k | fetched user data : active quests 
[22/10 08:59:28] [info] Nini4k | fetching user quests : 
- user active quests : 
- filtered (non-cached) : 
[22/10 08:59:28] [info] Nini4k | fetched user quests : 
[22/10 08:59:29] [info] Nini4k | pushing user d6762391-6bb6-3a78-9a54-81eb59d94c36, active quests : 
[22/10 08:59:52] [info] Nini4k | disposing user quests data : 
- must dispose quests
[22/10 08:59:52] [info] Nini4k | disposed user data
[22/10 08:59:52] [info] Nini4k | disconnected
[22/10 09:00:09] [info] Nini4k | connected
[22/10 09:00:09] [info] Nini4k | fetched user data : active quests 
[22/10 09:00:09] [info] Nini4k | fetching user quests : 
- user active quests : 
- filtered (non-cached) : 
[22/10 09:00:09] [info] Nini4k | fetched user quests : 
[22/10 09:00:53] [info] Nini4k | disposing user quests data : 
- must dispose quests
[22/10 09:00:53] [info] Nini4k | disposed user data
[22/10 09:00:53] [info] Nini4k | disconnected
[22/10 11:23:47] [info] Nini4k | connected
[22/10 11:23:47] [info] Nini4k | fetched user data : active quests 
[22/10 11:23:47] [info] Nini4k | fetching user quests : 
- user active quests : 
- filtered (non-cached) : 
[22/10 11:23:47] [info] Nini4k | fetched user quests : 
[22/10 11:30:44] [info] Nini4k | disposing user quests data : 
- must dispose quests
[22/10 11:30:44] [info] Nini4k | disposed user data
[22/10 11:30:44] [info] Nini4k | disconnected
[22/10 11:30:52] [info] Nini4k | connected
[22/10 11:30:52] [info] Nini4k | fetched user data : active quests 
[22/10 11:30:52] [info] Nini4k | fetching user quests : 
- user active quests : 
- filtered (non-cached) : 
[22/10 11:30:52] [info] Nini4k | fetched user quests : 
[22/10 11:31:04] [info] Nini4k | disposing user quests data : 
- must dispose quests
[22/10 11:31:04] [info] Nini4k | disposed user data
[22/10 11:31:04] [info] Nini4k | disconnected
[22/10 12:32:18] [info] Nini4k | connected
[22/10 12:32:18] [info] Nini4k | fetched user data : active quests 
[22/10 12:32:18] [info] Nini4k | fetching user quests : 
- user active quests : 
- filtered (non-cached) : 
[22/10 12:32:18] [info] Nini4k | fetched user quests : 
[22/10 17:31:52] [info] Nini4k | disposing user quests data : 
- must dispose quests
[22/10 17:31:52] [info] Nini4k | disposed user data
[22/10 17:31:52] [info] Nini4k | disconnected
[23/10 08:46:29] [info] Nini4k | connected
[23/10 08:46:29] [info] Nini4k | fetched user data : active quests 
[23/10 08:46:29] [info] Nini4k | fetching user quests : 
- user active quests : 
- filtered (non-cached) : 
[23/10 08:46:29] [info] Nini4k | fetched user quests : 
[23/10 08:48:53] [info] Nini4k | disposing user quests data : 
- must dispose quests
[23/10 08:48:53] [info] Nini4k | disposed user data
[23/10 08:48:53] [info] Nini4k | disconnected
[23/10 08:49:02] [info] Nini4k | connected
[23/10 08:49:02] [info] Nini4k | fetched user data : active quests 
[23/10 08:49:02] [info] Nini4k | fetching user quests : 
- user active quests : 
- filtered (non-cached) : 
[23/10 08:49:02] [info] Nini4k | fetched user quests : 
[23/10 09:19:52] [info] Nini4k | disposing user quests data : 
- must dispose quests
[23/10 09:19:52] [info] Nini4k | disposed user data
[23/10 09:19:52] [info] Nini4k | disconnected
[24/10 14:14:56] [info] Nini4k | connected
[24/10 14:14:56] [info] Nini4k | fetched user data : active quests 
[24/10 14:14:56] [info] Nini4k | fetching user quests : 
- user active quests : 
- filtered (non-cached) : 
[24/10 14:14:56] [info] Nini4k | fetched user quests : 
[24/10 14:38:37] [info] Nini4k | disposing user quests data : 
- must dispose quests
[24/10 14:38:37] [info] Nini4k | disposed user data
[24/10 14:38:37] [info] Nini4k | disconnected
[24/10 14:39:38] [info] Nini4k | connected
[24/10 14:39:38] [info] Nini4k | fetched user data : active quests 
[24/10 14:39:38] [info] Nini4k | fetching user quests : 
- user active quests : 
- filtered (non-cached) : 
[24/10 14:39:38] [info] Nini4k | fetched user quests : 
[24/10 14:43:15] [info] Nini4k | disposing user quests data : 
- must dispose quests
[24/10 14:43:15] [info] Nini4k | disposed user data
[24/10 14:43:15] [info] Nini4k | disconnected
[24/10 14:43:21] [info] Nini4k | connected
[24/10 14:43:22] [info] Nini4k | fetched user data : active quests 
[24/10 14:43:22] [info] Nini4k | fetching user quests : 
- user active quests : 
- filtered (non-cached) : 
[24/10 14:43:22] [info] Nini4k | fetched user quests : 
