[17/10 18:58:32] [info] SXDrogosALV | connected
[17/10 18:58:33] [info] SXDrogosALV | fetched user data : no value ; created it
[17/10 18:58:33] [info] SXDrogosALV | pushing user dbc8924f-765b-3252-a7b6-035dd3ce0974, active quests : 
[17/10 18:58:33] [info] SXDrogosALV | fetching user quests : 
- user active quests : 
- filtered (non-cached) : 
[17/10 18:58:33] [info] SXDrogosALV | fetched user quests : 
[17/10 18:59:38] [info] SXDrogosALV | disposing user quests data : 
- must dispose quests
[17/10 18:59:38] [info] SXDrogosALV | disposed user data
[17/10 18:59:38] [info] SXDrogosALV | disconnected
[17/10 19:04:55] [info] SXDrogosALV | connected
[17/10 19:04:55] [info] SXDrogosALV | fetched user data : active quests 
[17/10 19:04:55] [info] SXDrogosALV | fetching user quests : 
- user active quests : 
- filtered (non-cached) : 
[17/10 19:04:55] [info] SXDrogosALV | fetched user quests : 
[17/10 19:40:50] [info] SXDrogosALV | disposing user quests data : 
- must dispose quests
[17/10 19:40:50] [info] SXDrogosALV | disposed user data
[17/10 19:40:50] [info] SXDrogosALV | disconnected
[21/10 14:49:50] [info] SXDrogosALV | connected
[21/10 14:49:50] [info] SXDrogosALV | fetched user data : active quests 
[21/10 14:49:50] [info] SXDrogosALV | fetching user quests : 
- user active quests : 
- filtered (non-cached) : 
[21/10 14:49:50] [info] SXDrogosALV | fetched user quests : 
[21/10 15:24:42] [info] SXDrogosALV | disposing user quests data : 
- must dispose quests
[21/10 15:24:42] [info] SXDrogosALV | disposed user data
[21/10 15:24:42] [info] SXDrogosALV | disconnected
[22/10 12:18:59] [info] SXDrogosALV | connected
[22/10 12:18:59] [info] SXDrogosALV | fetched user data : active quests 
[22/10 12:18:59] [info] SXDrogosALV | fetching user quests : 
- user active quests : 
- filtered (non-cached) : 
[22/10 12:18:59] [info] SXDrogosALV | fetched user quests : 
[22/10 12:28:04] [info] SXDrogosALV | disposing user quests data : 
- must dispose quests
[22/10 12:28:04] [info] SXDrogosALV | disposed user data
[22/10 12:28:04] [info] SXDrogosALV | disconnected
[22/10 19:10:09] [info] SXDrogosALV | connected
[22/10 19:10:09] [info] SXDrogosALV | fetched user data : active quests 
[22/10 19:10:09] [info] SXDrogosALV | fetching user quests : 
- user active quests : 
- filtered (non-cached) : 
[22/10 19:10:09] [info] SXDrogosALV | fetched user quests : 
[22/10 19:49:52] [info] SXDrogosALV | disposing user quests data : 
- must dispose quests
[22/10 19:49:52] [info] SXDrogosALV | disposed user data
[22/10 19:49:52] [info] SXDrogosALV | disconnected
[23/10 12:59:09] [info] SXDrogosALV | connected
[23/10 12:59:09] [info] SXDrogosALV | fetched user data : active quests 
[23/10 12:59:09] [info] SXDrogosALV | fetching user quests : 
- user active quests : 
- filtered (non-cached) : 
[23/10 12:59:09] [info] SXDrogosALV | fetched user quests : 
[23/10 13:32:31] [info] SXDrogosALV | disposing user quests data : 
- must dispose quests
[23/10 13:32:31] [info] SXDrogosALV | disposed user data
[23/10 13:32:31] [info] SXDrogosALV | disconnected
[23/10 13:33:42] [info] SXDrogosALV | connected
[23/10 13:33:42] [info] SXDrogosALV | fetched user data : active quests 
[23/10 13:33:42] [info] SXDrogosALV | fetching user quests : 
- user active quests : 
- filtered (non-cached) : 
[23/10 13:33:42] [info] SXDrogosALV | fetched user quests : 
[23/10 13:51:40] [info] SXDrogosALV | disposing user quests data : 
- must dispose quests
[23/10 13:51:40] [info] SXDrogosALV | disposed user data
[23/10 13:51:40] [info] SXDrogosALV | disconnected
