[23/10 17:14:59] [info] ElAntiguo | connected
[23/10 17:14:59] [info] ElAntiguo | fetched user data : no value ; created it
[23/10 17:14:59] [info] ElAntiguo | pushing user f5aae862-0b64-3279-b39e-551da55ffa02, active quests : 
[23/10 17:14:59] [info] ElAntiguo | fetching user quests : 
- user active quests : 
- filtered (non-cached) : 
[23/10 17:14:59] [info] ElAntiguo | fetched user quests : 
[23/10 17:18:53] [info] ElAntiguo | disposing user quests data : 
- must dispose quests
[23/10 17:18:53] [info] ElAntiguo | disposed user data
[23/10 17:18:53] [info] ElAntiguo | disconnected
[23/10 17:19:02] [info] ElAntiguo | connected
[23/10 17:19:02] [info] ElAntiguo | fetched user data : active quests 
[23/10 17:19:02] [info] ElAntiguo | fetching user quests : 
- user active quests : 
- filtered (non-cached) : 
[23/10 17:19:02] [info] ElAntiguo | fetched user quests : 
[23/10 17:23:10] [info] ElAntiguo | disposing user quests data : 
- must dispose quests
[23/10 17:23:10] [info] ElAntiguo | disposed user data
[23/10 17:23:10] [info] ElAntiguo | disconnected
[23/10 19:10:24] [info] ElAntiguo | connected
[23/10 19:10:24] [info] ElAntiguo | fetched user data : active quests 
[23/10 19:10:24] [info] ElAntiguo | fetching user quests : 
- user active quests : 
- filtered (non-cached) : 
[23/10 19:10:24] [info] ElAntiguo | fetched user quests : 
[23/10 19:49:23] [info] ElAntiguo | disposing user quests data : 
- must dispose quests
[23/10 19:49:23] [info] ElAntiguo | disposed user data
[23/10 19:49:23] [info] ElAntiguo | disconnected
