[16/10 19:10:43] [info] JordirojoYT31 | connected
[16/10 19:10:43] [info] JordirojoYT31 | fetched user data : no value ; created it
[16/10 19:10:43] [info] JordirojoYT31 | pushing user f5ba4d2d-d0c9-370b-9ffb-f48a751278ee, active quests : 
[16/10 19:10:43] [info] JordirojoYT31 | fetching user quests : 
- user active quests : 
- filtered (non-cached) : 
[16/10 19:10:43] [info] JordirojoYT31 | fetched user quests : 
[16/10 19:11:13] [info] JordirojoYT31 | disposing user quests data : 
- must dispose quests
[16/10 19:11:13] [info] JordirojoYT31 | disposed user data
[16/10 19:11:13] [info] JordirojoYT31 | disconnected
[16/10 19:12:08] [info] JordirojoYT31 | connected
[16/10 19:12:09] [info] JordirojoYT31 | fetched user data : active quests 
[16/10 19:12:09] [info] JordirojoYT31 | fetching user quests : 
- user active quests : 
- filtered (non-cached) : 
[16/10 19:12:09] [info] JordirojoYT31 | fetched user quests : 
[16/10 19:24:01] [info] JordirojoYT31 | disposing user quests data : 
- must dispose quests
[16/10 19:24:01] [info] JordirojoYT31 | disposed user data
[16/10 19:24:01] [info] JordirojoYT31 | disconnected
[16/10 19:24:38] [info] JordirojoYT31 | connected
[16/10 19:24:39] [info] JordirojoYT31 | fetched user data : active quests 
[16/10 19:24:39] [info] JordirojoYT31 | fetching user quests : 
- user active quests : 
- filtered (non-cached) : 
[16/10 19:24:39] [info] JordirojoYT31 | fetched user quests : 
[16/10 20:42:14] [info] JordirojoYT31 | disposing user quests data : 
- must dispose quests
[16/10 20:42:14] [info] JordirojoYT31 | disposed user data
[16/10 20:42:14] [info] JordirojoYT31 | disconnected
[17/10 15:18:11] [info] JordirojoYT31 | connected
[17/10 15:18:11] [info] JordirojoYT31 | fetched user data : active quests 
[17/10 15:18:11] [info] JordirojoYT31 | fetching user quests : 
- user active quests : 
- filtered (non-cached) : 
[17/10 15:18:11] [info] JordirojoYT31 | fetched user quests : 
[17/10 15:21:51] [info] JordirojoYT31 | disposing user quests data : 
- must dispose quests
[17/10 15:21:51] [info] JordirojoYT31 | disposed user data
[17/10 15:21:51] [info] JordirojoYT31 | disconnected
[17/10 15:25:27] [info] JordirojoYT31 | connected
[17/10 15:25:27] [info] JordirojoYT31 | fetched user data : active quests 
[17/10 15:25:27] [info] JordirojoYT31 | fetching user quests : 
- user active quests : 
- filtered (non-cached) : 
[17/10 15:25:27] [info] JordirojoYT31 | fetched user quests : 
[17/10 15:46:59] [info] JordirojoYT31 | disposing user quests data : 
- must dispose quests
[17/10 15:46:59] [info] JordirojoYT31 | disposed user data
[17/10 15:46:59] [info] JordirojoYT31 | disconnected
[17/10 15:53:33] [info] JordirojoYT31 | connected
[17/10 15:53:33] [info] JordirojoYT31 | fetched user data : active quests 
[17/10 15:53:33] [info] JordirojoYT31 | fetching user quests : 
- user active quests : 
- filtered (non-cached) : 
[17/10 15:53:33] [info] JordirojoYT31 | fetched user quests : 
[17/10 16:11:23] [info] JordirojoYT31 | disposing user quests data : 
- must dispose quests
[17/10 16:11:23] [info] JordirojoYT31 | disposed user data
[17/10 16:11:23] [info] JordirojoYT31 | disconnected
[17/10 16:12:26] [info] JordirojoYT31 | connected
[17/10 16:12:26] [info] JordirojoYT31 | fetched user data : active quests 
[17/10 16:12:26] [info] JordirojoYT31 | fetching user quests : 
- user active quests : 
- filtered (non-cached) : 
[17/10 16:12:26] [info] JordirojoYT31 | fetched user quests : 
[17/10 16:23:11] [info] JordirojoYT31 | disposing user quests data : 
- must dispose quests
[17/10 16:23:11] [info] JordirojoYT31 | disposed user data
[17/10 16:23:11] [info] JordirojoYT31 | disconnected
[17/10 16:23:49] [info] JordirojoYT31 | connected
[17/10 16:23:49] [info] JordirojoYT31 | fetched user data : active quests 
[17/10 16:23:49] [info] JordirojoYT31 | fetching user quests : 
- user active quests : 
- filtered (non-cached) : 
[17/10 16:23:49] [info] JordirojoYT31 | fetched user quests : 
[17/10 16:41:13] [info] JordirojoYT31 | disposing user quests data : 
- must dispose quests
[17/10 16:41:13] [info] JordirojoYT31 | disposed user data
[17/10 16:41:13] [info] JordirojoYT31 | disconnected
[19/10 15:53:02] [info] JordirojoYT31 | connected
[19/10 15:53:03] [info] JordirojoYT31 | fetched user data : active quests 
[19/10 15:53:03] [info] JordirojoYT31 | fetching user quests : 
- user active quests : 
- filtered (non-cached) : 
[19/10 15:53:03] [info] JordirojoYT31 | fetched user quests : 
[19/10 16:28:24] [info] JordirojoYT31 | disposing user quests data : 
- must dispose quests
[19/10 16:28:24] [info] JordirojoYT31 | disposed user data
[19/10 16:28:24] [info] JordirojoYT31 | disconnected
[19/10 19:36:57] [info] JordirojoYT31 | connected
[19/10 19:36:57] [info] JordirojoYT31 | fetched user data : active quests 
[19/10 19:36:57] [info] JordirojoYT31 | fetching user quests : 
- user active quests : 
- filtered (non-cached) : 
[19/10 19:36:57] [info] JordirojoYT31 | fetched user quests : 
[19/10 20:18:13] [info] JordirojoYT31 | disposing user quests data : 
- must dispose quests
[19/10 20:18:13] [info] JordirojoYT31 | disposed user data
[19/10 20:18:13] [info] JordirojoYT31 | disconnected
[21/10 20:20:44] [info] JordirojoYT31 | connected
[21/10 20:20:44] [info] JordirojoYT31 | fetched user data : active quests 
[21/10 20:20:44] [info] JordirojoYT31 | fetching user quests : 
- user active quests : 
- filtered (non-cached) : 
[21/10 20:20:44] [info] JordirojoYT31 | fetched user quests : 
[21/10 20:23:54] [info] JordirojoYT31 | disposing user quests data : 
- must dispose quests
[21/10 20:23:54] [info] JordirojoYT31 | disposed user data
[21/10 20:23:54] [info] JordirojoYT31 | disconnected
[21/10 20:47:43] [info] JordirojoYT31 | connected
[21/10 20:47:43] [info] JordirojoYT31 | fetched user data : active quests 
[21/10 20:47:43] [info] JordirojoYT31 | fetching user quests : 
- user active quests : 
- filtered (non-cached) : 
[21/10 20:47:43] [info] JordirojoYT31 | fetched user quests : 
[21/10 21:18:41] [info] JordirojoYT31 | disposing user quests data : 
- must dispose quests
[21/10 21:18:41] [info] JordirojoYT31 | disposed user data
[21/10 21:18:41] [info] JordirojoYT31 | disconnected
[22/10 11:52:21] [info] JordirojoYT31 | connected
[22/10 11:52:21] [info] JordirojoYT31 | fetched user data : active quests 
[22/10 11:52:21] [info] JordirojoYT31 | fetching user quests : 
- user active quests : 
- filtered (non-cached) : 
[22/10 11:52:21] [info] JordirojoYT31 | fetched user quests : 
[22/10 12:10:10] [info] JordirojoYT31 | disposing user quests data : 
- must dispose quests
[22/10 12:10:10] [info] JordirojoYT31 | disposed user data
[22/10 12:10:10] [info] JordirojoYT31 | disconnected
[22/10 17:28:57] [info] JordirojoYT31 | connected
[22/10 17:28:57] [info] JordirojoYT31 | fetched user data : active quests 
[22/10 17:28:57] [info] JordirojoYT31 | fetching user quests : 
- user active quests : 
- filtered (non-cached) : 
[22/10 17:28:57] [info] JordirojoYT31 | fetched user quests : 
[22/10 18:20:33] [info] JordirojoYT31 | disposing user quests data : 
- must dispose quests
[22/10 18:20:33] [info] JordirojoYT31 | disposed user data
[22/10 18:20:33] [info] JordirojoYT31 | disconnected
[23/10 16:07:02] [info] JordirojoYT31 | connected
[23/10 16:07:02] [info] JordirojoYT31 | fetched user data : active quests 
[23/10 16:07:02] [info] JordirojoYT31 | fetching user quests : 
- user active quests : 
- filtered (non-cached) : 
[23/10 16:07:02] [info] JordirojoYT31 | fetched user quests : 
[23/10 16:07:34] [info] JordirojoYT31 | disposing user quests data : 
- must dispose quests
[23/10 16:07:34] [info] JordirojoYT31 | disposed user data
[23/10 16:07:34] [info] JordirojoYT31 | disconnected
[23/10 16:09:29] [info] JordirojoYT31 | connected
[23/10 16:09:29] [info] JordirojoYT31 | fetched user data : active quests 
[23/10 16:09:29] [info] JordirojoYT31 | fetching user quests : 
- user active quests : 
- filtered (non-cached) : 
[23/10 16:09:29] [info] JordirojoYT31 | fetched user quests : 
[23/10 16:10:33] [info] JordirojoYT31 | disposing user quests data : 
- must dispose quests
[23/10 16:10:33] [info] JordirojoYT31 | disposed user data
[23/10 16:10:33] [info] JordirojoYT31 | disconnected
[23/10 17:43:13] [info] JordirojoYT31 | connected
[23/10 17:43:13] [info] JordirojoYT31 | fetched user data : active quests 
[23/10 17:43:13] [info] JordirojoYT31 | fetching user quests : 
- user active quests : 
- filtered (non-cached) : 
[23/10 17:43:13] [info] JordirojoYT31 | fetched user quests : 
[23/10 17:46:49] [info] JordirojoYT31 | disposing user quests data : 
- must dispose quests
[23/10 17:46:49] [info] JordirojoYT31 | disposed user data
[23/10 17:46:49] [info] JordirojoYT31 | disconnected
[23/10 18:01:14] [info] JordirojoYT31 | connected
[23/10 18:01:14] [info] JordirojoYT31 | fetched user data : active quests 
[23/10 18:01:14] [info] JordirojoYT31 | fetching user quests : 
- user active quests : 
- filtered (non-cached) : 
[23/10 18:01:14] [info] JordirojoYT31 | fetched user quests : 
[23/10 18:16:34] [info] JordirojoYT31 | disposing user quests data : 
- must dispose quests
[23/10 18:16:34] [info] JordirojoYT31 | disposed user data
[23/10 18:16:34] [info] JordirojoYT31 | disconnected
[23/10 18:17:04] [info] JordirojoYT31 | connected
[23/10 18:17:04] [info] JordirojoYT31 | fetched user data : active quests 
[23/10 18:17:04] [info] JordirojoYT31 | fetching user quests : 
- user active quests : 
- filtered (non-cached) : 
[23/10 18:17:04] [info] JordirojoYT31 | fetched user quests : 
[23/10 19:04:06] [info] JordirojoYT31 | disposing user quests data : 
- must dispose quests
[23/10 19:04:06] [info] JordirojoYT31 | disposed user data
[23/10 19:04:06] [info] JordirojoYT31 | disconnected
[23/10 19:04:41] [info] JordirojoYT31 | connected
[23/10 19:04:41] [info] JordirojoYT31 | fetched user data : active quests 
[23/10 19:04:41] [info] JordirojoYT31 | fetching user quests : 
- user active quests : 
- filtered (non-cached) : 
[23/10 19:04:41] [info] JordirojoYT31 | fetched user quests : 
[23/10 19:06:25] [info] JordirojoYT31 | disposing user quests data : 
- must dispose quests
[23/10 19:06:25] [info] JordirojoYT31 | disposed user data
[23/10 19:06:25] [info] JordirojoYT31 | disconnected
