[16/10 10:03:40] [info] Ale76767 | fetched user data : no value ; created it
[16/10 10:03:40] [info] Ale76767 | pushing user facb42aa-94d1-358f-b91c-f3bee78d9918, active quests : 
[16/10 10:03:40] [info] Ale76767 | fetching user quests : 
- user active quests : 
- filtered (non-cached) : 
[16/10 10:03:40] [info] Ale76767 | fetched user quests : 
[16/10 10:13:32] [info] Ale76767 | fetched user data : active quests 
[16/10 10:13:32] [info] Ale76767 | fetching user quests : 
- user active quests : 
- filtered (non-cached) : 
[16/10 10:13:32] [info] Ale76767 | fetched user quests : 
[16/10 10:15:35] [info] Ale76767 | fetched user data : active quests 
[16/10 10:15:35] [info] Ale76767 | fetching user quests : 
- user active quests : 
- filtered (non-cached) : 
[16/10 10:15:35] [info] Ale76767 | fetched user quests : 
[16/10 10:19:05] [info] Ale76767 | fetched user data : active quests 
[16/10 10:19:05] [info] Ale76767 | fetching user quests : 
- user active quests : 
- filtered (non-cached) : 
[16/10 10:19:05] [info] Ale76767 | fetched user quests : 
[16/10 10:19:34] [info] Ale76767 | fetched user data : active quests 
[16/10 10:19:34] [info] Ale76767 | fetching user quests : 
- user active quests : 
- filtered (non-cached) : 
[16/10 10:19:34] [info] Ale76767 | fetched user quests : 
[16/10 10:24:21] [info] Ale76767 | disposing user quests data : 
- must dispose quests
[16/10 10:24:21] [info] Ale76767 | disposed user data
[16/10 10:24:21] [info] Ale76767 | disconnected
[16/10 11:32:28] [info] Ale76767 | connected
[16/10 11:32:28] [info] Ale76767 | fetched user data : active quests 
[16/10 11:32:28] [info] Ale76767 | fetching user quests : 
- user active quests : 
- filtered (non-cached) : 
[16/10 11:32:28] [info] Ale76767 | fetched user quests : 
[16/10 11:46:02] [info] Ale76767 | disposing user quests data : 
- must dispose quests
[16/10 11:46:02] [info] Ale76767 | disposed user data
[16/10 11:46:02] [info] Ale76767 | disconnected
[16/10 11:54:58] [info] Ale76767 | connected
[16/10 11:54:58] [info] Ale76767 | fetched user data : active quests 
[16/10 11:54:58] [info] Ale76767 | fetching user quests : 
- user active quests : 
- filtered (non-cached) : 
[16/10 11:54:58] [info] Ale76767 | fetched user quests : 
[16/10 12:19:28] [info] Ale76767 | disposing user quests data : 
- must dispose quests
[16/10 12:19:28] [info] Ale76767 | disposed user data
[16/10 12:19:28] [info] Ale76767 | disconnected
[16/10 12:52:02] [info] Ale76767 | connected
[16/10 12:52:02] [info] Ale76767 | fetched user data : active quests 
[16/10 12:52:02] [info] Ale76767 | fetching user quests : 
- user active quests : 
- filtered (non-cached) : 
[16/10 12:52:02] [info] Ale76767 | fetched user quests : 
[16/10 13:11:42] [info] Ale76767 | disposing user quests data : 
- must dispose quests
[16/10 13:11:42] [info] Ale76767 | disposed user data
[16/10 13:11:42] [info] Ale76767 | disconnected
[16/10 16:45:37] [info] Ale76767 | connected
[16/10 16:45:37] [info] Ale76767 | fetched user data : active quests 
[16/10 16:45:37] [info] Ale76767 | fetching user quests : 
- user active quests : 
- filtered (non-cached) : 
[16/10 16:45:37] [info] Ale76767 | fetched user quests : 
[16/10 17:14:36] [info] Ale76767 | disposing user quests data : 
- must dispose quests
[16/10 17:14:36] [info] Ale76767 | disposed user data
[16/10 17:14:36] [info] Ale76767 | disconnected
[16/10 17:25:47] [info] Ale76767 | connected
[16/10 17:25:47] [info] Ale76767 | fetched user data : active quests 
[16/10 17:25:47] [info] Ale76767 | fetching user quests : 
- user active quests : 
- filtered (non-cached) : 
[16/10 17:25:47] [info] Ale76767 | fetched user quests : 
[16/10 17:27:37] [info] Ale76767 | disposing user quests data : 
- must dispose quests
[16/10 17:27:37] [info] Ale76767 | disposed user data
[16/10 17:27:37] [info] Ale76767 | disconnected
[16/10 17:35:15] [info] Ale76767 | connected
[16/10 17:35:15] [info] Ale76767 | fetched user data : active quests 
[16/10 17:35:15] [info] Ale76767 | fetching user quests : 
- user active quests : 
- filtered (non-cached) : 
[16/10 17:35:15] [info] Ale76767 | fetched user quests : 
[16/10 17:51:36] [info] Ale76767 | disposing user quests data : 
- must dispose quests
[16/10 17:51:36] [info] Ale76767 | disposed user data
[16/10 17:51:36] [info] Ale76767 | disconnected
[16/10 18:19:02] [info] Ale76767 | connected
[16/10 18:19:02] [info] Ale76767 | fetched user data : active quests 
[16/10 18:19:02] [info] Ale76767 | fetching user quests : 
- user active quests : 
- filtered (non-cached) : 
[16/10 18:19:02] [info] Ale76767 | fetched user quests : 
[16/10 18:19:09] [info] Ale76767 | disposing user quests data : 
- must dispose quests
[16/10 18:19:09] [info] Ale76767 | disposed user data
[16/10 18:19:09] [info] Ale76767 | disconnected
[17/10 05:51:52] [info] Ale76767 | connected
[17/10 05:51:52] [info] Ale76767 | fetched user data : active quests 
[17/10 05:51:52] [info] Ale76767 | fetching user quests : 
- user active quests : 
- filtered (non-cached) : 
[17/10 05:51:52] [info] Ale76767 | fetched user quests : 
[17/10 05:51:52] [info] Ale76767 | disposing user quests data : 
- must dispose quests
[17/10 05:51:52] [info] Ale76767 | disposed user data
[17/10 05:51:52] [info] Ale76767 | disconnected
[17/10 17:32:25] [info] Ale76767 | connected
[17/10 17:32:25] [info] Ale76767 | fetched user data : active quests 
[17/10 17:32:25] [info] Ale76767 | fetching user quests : 
- user active quests : 
- filtered (non-cached) : 
[17/10 17:32:25] [info] Ale76767 | fetched user quests : 
[17/10 18:08:51] [info] Ale76767 | disposing user quests data : 
- must dispose quests
[17/10 18:08:51] [info] Ale76767 | disposed user data
[17/10 18:08:51] [info] Ale76767 | disconnected
[18/10 05:41:49] [info] Ale76767 | connected
[18/10 05:41:50] [info] Ale76767 | fetched user data : active quests 
[18/10 05:41:50] [info] Ale76767 | fetching user quests : 
- user active quests : 
- filtered (non-cached) : 
[18/10 05:41:50] [info] Ale76767 | fetched user quests : 
[18/10 05:42:09] [info] Ale76767 | disposing user quests data : 
- must dispose quests
[18/10 05:42:09] [info] Ale76767 | disposed user data
[18/10 05:42:09] [info] Ale76767 | disconnected
[18/10 17:31:50] [info] Ale76767 | connected
[18/10 17:31:50] [info] Ale76767 | fetched user data : active quests 
[18/10 17:31:50] [info] Ale76767 | fetching user quests : 
- user active quests : 
- filtered (non-cached) : 
[18/10 17:31:50] [info] Ale76767 | fetched user quests : 
[18/10 17:36:23] [info] Ale76767 | disposing user quests data : 
- must dispose quests
[18/10 17:36:23] [info] Ale76767 | disposed user data
[18/10 17:36:23] [info] Ale76767 | disconnected
[18/10 17:49:56] [info] Ale76767 | connected
[18/10 17:49:56] [info] Ale76767 | fetched user data : active quests 
[18/10 17:49:56] [info] Ale76767 | fetching user quests : 
- user active quests : 
- filtered (non-cached) : 
[18/10 17:49:56] [info] Ale76767 | fetched user quests : 
[18/10 17:55:37] [info] Ale76767 | disposing user quests data : 
- must dispose quests
[18/10 17:55:37] [info] Ale76767 | disposed user data
[18/10 17:55:37] [info] Ale76767 | disconnected
[18/10 18:45:53] [info] Ale76767 | connected
[18/10 18:45:53] [info] Ale76767 | fetched user data : active quests 
[18/10 18:45:53] [info] Ale76767 | fetching user quests : 
- user active quests : 
- filtered (non-cached) : 
[18/10 18:45:53] [info] Ale76767 | fetched user quests : 
[18/10 19:15:07] [info] Ale76767 | disposing user quests data : 
- must dispose quests
[18/10 19:15:07] [info] Ale76767 | disposed user data
[18/10 19:15:07] [info] Ale76767 | disconnected
[19/10 17:23:59] [info] Ale76767 | connected
[19/10 17:23:59] [info] Ale76767 | fetched user data : active quests 
[19/10 17:23:59] [info] Ale76767 | fetching user quests : 
- user active quests : 
- filtered (non-cached) : 
[19/10 17:23:59] [info] Ale76767 | fetched user quests : 
[19/10 18:15:13] [info] Ale76767 | disposing user quests data : 
- must dispose quests
[19/10 18:15:13] [info] Ale76767 | disposed user data
[19/10 18:15:13] [info] Ale76767 | disconnected
[20/10 15:19:59] [info] Ale76767 | connected
[20/10 15:19:59] [info] Ale76767 | fetched user data : active quests 
[20/10 15:19:59] [info] Ale76767 | fetching user quests : 
- user active quests : 
- filtered (non-cached) : 
[20/10 15:19:59] [info] Ale76767 | fetched user quests : 
[20/10 15:24:57] [info] Ale76767 | disposing user quests data : 
- must dispose quests
[20/10 15:24:57] [info] Ale76767 | disposed user data
[20/10 15:24:57] [info] Ale76767 | disconnected
[20/10 15:34:38] [info] Ale76767 | connected
[20/10 15:34:38] [info] Ale76767 | fetched user data : active quests 
[20/10 15:34:38] [info] Ale76767 | fetching user quests : 
- user active quests : 
- filtered (non-cached) : 
[20/10 15:34:38] [info] Ale76767 | fetched user quests : 
[20/10 15:35:35] [info] Ale76767 | disposing user quests data : 
- must dispose quests
[20/10 15:35:35] [info] Ale76767 | disposed user data
[20/10 15:35:35] [info] Ale76767 | disconnected
[20/10 16:42:21] [info] Ale76767 | connected
[20/10 16:42:21] [info] Ale76767 | fetched user data : active quests 
[20/10 16:42:21] [info] Ale76767 | fetching user quests : 
- user active quests : 
- filtered (non-cached) : 
[20/10 16:42:21] [info] Ale76767 | fetched user quests : 
[20/10 16:43:15] [info] Ale76767 | disposing user quests data : 
- must dispose quests
[20/10 16:43:15] [info] Ale76767 | disposed user data
[20/10 16:43:15] [info] Ale76767 | disconnected
[20/10 18:31:25] [info] Ale76767 | connected
[20/10 18:31:25] [info] Ale76767 | fetched user data : active quests 
[20/10 18:31:25] [info] Ale76767 | fetching user quests : 
- user active quests : 
- filtered (non-cached) : 
[20/10 18:31:25] [info] Ale76767 | fetched user quests : 
[20/10 18:48:31] [info] Ale76767 | disposing user quests data : 
- must dispose quests
[20/10 18:48:31] [info] Ale76767 | disposed user data
[20/10 18:48:31] [info] Ale76767 | disconnected
[21/10 13:06:15] [info] Ale76767 | connected
[21/10 13:06:15] [info] Ale76767 | fetched user data : active quests 
[21/10 13:06:15] [info] Ale76767 | fetching user quests : 
- user active quests : 
- filtered (non-cached) : 
[21/10 13:06:15] [info] Ale76767 | fetched user quests : 
[21/10 13:15:25] [info] Ale76767 | disposing user quests data : 
- must dispose quests
[21/10 13:15:25] [info] Ale76767 | disposed user data
[21/10 13:15:25] [info] Ale76767 | disconnected
[21/10 13:16:33] [info] Ale76767 | connected
[21/10 13:16:33] [info] Ale76767 | fetched user data : active quests 
[21/10 13:16:33] [info] Ale76767 | fetching user quests : 
- user active quests : 
- filtered (non-cached) : 
[21/10 13:16:33] [info] Ale76767 | fetched user quests : 
[21/10 13:27:21] [info] Ale76767 | disposing user quests data : 
- must dispose quests
[21/10 13:27:21] [info] Ale76767 | disposed user data
[21/10 13:27:21] [info] Ale76767 | disconnected
[21/10 14:03:35] [info] Ale76767 | connected
[21/10 14:03:35] [info] Ale76767 | fetched user data : active quests 
[21/10 14:03:35] [info] Ale76767 | fetching user quests : 
- user active quests : 
- filtered (non-cached) : 
[21/10 14:03:35] [info] Ale76767 | fetched user quests : 
[21/10 14:04:05] [info] Ale76767 | disposing user quests data : 
- must dispose quests
[21/10 14:04:05] [info] Ale76767 | disposed user data
[21/10 14:04:05] [info] Ale76767 | disconnected
[21/10 14:04:48] [info] Ale76767 | connected
[21/10 14:04:48] [info] Ale76767 | fetched user data : active quests 
[21/10 14:04:48] [info] Ale76767 | fetching user quests : 
- user active quests : 
- filtered (non-cached) : 
[21/10 14:04:48] [info] Ale76767 | fetched user quests : 
[21/10 14:21:12] [info] Ale76767 | disposing user quests data : 
- must dispose quests
[21/10 14:21:12] [info] Ale76767 | disposed user data
[21/10 14:21:12] [info] Ale76767 | disconnected
[21/10 17:31:59] [info] Ale76767 | connected
[21/10 17:31:59] [info] Ale76767 | fetched user data : active quests 
[21/10 17:31:59] [info] Ale76767 | fetching user quests : 
- user active quests : 
- filtered (non-cached) : 
[21/10 17:31:59] [info] Ale76767 | fetched user quests : 
[21/10 18:01:22] [info] Ale76767 | disposing user quests data : 
- must dispose quests
[21/10 18:01:22] [info] Ale76767 | disposed user data
[21/10 18:01:22] [info] Ale76767 | disconnected
[21/10 18:44:12] [info] Ale76767 | connected
[21/10 18:44:12] [info] Ale76767 | fetched user data : active quests 
[21/10 18:44:12] [info] Ale76767 | fetching user quests : 
- user active quests : 
- filtered (non-cached) : 
[21/10 18:44:12] [info] Ale76767 | fetched user quests : 
[21/10 18:44:56] [info] Ale76767 | disposing user quests data : 
- must dispose quests
[21/10 18:44:56] [info] Ale76767 | disposed user data
[21/10 18:44:56] [info] Ale76767 | disconnected
[21/10 18:45:04] [info] Ale76767 | connected
[21/10 18:45:04] [info] Ale76767 | fetched user data : active quests 
[21/10 18:45:04] [info] Ale76767 | fetching user quests : 
- user active quests : 
- filtered (non-cached) : 
[21/10 18:45:04] [info] Ale76767 | fetched user quests : 
[21/10 19:03:26] [info] Ale76767 | disposing user quests data : 
- must dispose quests
[21/10 19:03:26] [info] Ale76767 | disposed user data
[21/10 19:03:26] [info] Ale76767 | disconnected
[21/10 19:24:39] [info] Ale76767 | connected
[21/10 19:24:39] [info] Ale76767 | fetched user data : active quests 
[21/10 19:24:39] [info] Ale76767 | fetching user quests : 
- user active quests : 
- filtered (non-cached) : 
[21/10 19:24:39] [info] Ale76767 | fetched user quests : 
[21/10 20:27:57] [info] Ale76767 | disposing user quests data : 
- must dispose quests
[21/10 20:27:57] [info] Ale76767 | disposed user data
[21/10 20:27:57] [info] Ale76767 | disconnected
[22/10 05:28:29] [info] Ale76767 | connected
[22/10 05:28:29] [info] Ale76767 | fetched user data : active quests 
[22/10 05:28:29] [info] Ale76767 | fetching user quests : 
- user active quests : 
- filtered (non-cached) : 
[22/10 05:28:29] [info] Ale76767 | fetched user quests : 
[22/10 05:54:02] [info] Ale76767 | disposing user quests data : 
- must dispose quests
[22/10 05:54:02] [info] Ale76767 | disposed user data
[22/10 05:54:02] [info] Ale76767 | disconnected
[22/10 06:20:31] [info] Ale76767 | connected
[22/10 06:20:31] [info] Ale76767 | fetched user data : active quests 
[22/10 06:20:31] [info] Ale76767 | fetching user quests : 
- user active quests : 
- filtered (non-cached) : 
[22/10 06:20:31] [info] Ale76767 | fetched user quests : 
[22/10 06:20:59] [info] Ale76767 | disposing user quests data : 
- must dispose quests
[22/10 06:20:59] [info] Ale76767 | disposed user data
[22/10 06:20:59] [info] Ale76767 | disconnected
[22/10 10:15:53] [info] Ale76767 | connected
[22/10 10:15:53] [info] Ale76767 | fetched user data : active quests 
[22/10 10:15:53] [info] Ale76767 | fetching user quests : 
- user active quests : 
- filtered (non-cached) : 
[22/10 10:15:53] [info] Ale76767 | fetched user quests : 
[22/10 10:20:12] [info] Ale76767 | disposing user quests data : 
- must dispose quests
[22/10 10:20:12] [info] Ale76767 | disposed user data
[22/10 10:20:12] [info] Ale76767 | disconnected
[22/10 15:04:04] [info] Ale76767 | connected
[22/10 15:04:04] [info] Ale76767 | fetched user data : active quests 
[22/10 15:04:04] [info] Ale76767 | fetching user quests : 
- user active quests : 
- filtered (non-cached) : 
[22/10 15:04:04] [info] Ale76767 | fetched user quests : 
[22/10 15:38:22] [info] Ale76767 | disposing user quests data : 
- must dispose quests
[22/10 15:38:22] [info] Ale76767 | disposed user data
[22/10 15:38:22] [info] Ale76767 | disconnected
[22/10 18:54:46] [info] Ale76767 | connected
[22/10 18:54:46] [info] Ale76767 | fetched user data : active quests 
[22/10 18:54:46] [info] Ale76767 | fetching user quests : 
- user active quests : 
- filtered (non-cached) : 
[22/10 18:54:46] [info] Ale76767 | fetched user quests : 
[22/10 19:11:35] [info] Ale76767 | disposing user quests data : 
- must dispose quests
[22/10 19:11:35] [info] Ale76767 | disposed user data
[22/10 19:11:35] [info] Ale76767 | disconnected
[22/10 19:25:28] [info] Ale76767 | connected
[22/10 19:25:28] [info] Ale76767 | fetched user data : active quests 
[22/10 19:25:28] [info] Ale76767 | fetching user quests : 
- user active quests : 
- filtered (non-cached) : 
[22/10 19:25:28] [info] Ale76767 | fetched user quests : 
[22/10 19:31:57] [info] Ale76767 | disposing user quests data : 
- must dispose quests
[22/10 19:31:57] [info] Ale76767 | disposed user data
[22/10 19:31:57] [info] Ale76767 | disconnected
[22/10 19:36:25] [info] Ale76767 | connected
[22/10 19:36:25] [info] Ale76767 | fetched user data : active quests 
[22/10 19:36:25] [info] Ale76767 | fetching user quests : 
- user active quests : 
- filtered (non-cached) : 
[22/10 19:36:25] [info] Ale76767 | fetched user quests : 
[22/10 19:39:20] [info] Ale76767 | disposing user quests data : 
- must dispose quests
[22/10 19:39:20] [info] Ale76767 | disposed user data
[22/10 19:39:20] [info] Ale76767 | disconnected
[22/10 19:43:10] [info] Ale76767 | connected
[22/10 19:43:10] [info] Ale76767 | fetched user data : active quests 
[22/10 19:43:10] [info] Ale76767 | fetching user quests : 
- user active quests : 
- filtered (non-cached) : 
[22/10 19:43:10] [info] Ale76767 | fetched user quests : 
[22/10 20:06:30] [info] Ale76767 | disposing user quests data : 
- must dispose quests
[22/10 20:06:30] [info] Ale76767 | disposed user data
[22/10 20:06:30] [info] Ale76767 | disconnected
[23/10 04:46:37] [info] Ale76767 | connected
[23/10 04:46:37] [info] Ale76767 | fetched user data : active quests 
[23/10 04:46:37] [info] Ale76767 | fetching user quests : 
- user active quests : 
- filtered (non-cached) : 
[23/10 04:46:37] [info] Ale76767 | fetched user quests : 
[23/10 04:46:53] [info] Ale76767 | disposing user quests data : 
- must dispose quests
[23/10 04:46:53] [info] Ale76767 | disposed user data
[23/10 04:46:53] [info] Ale76767 | disconnected
[23/10 05:04:17] [info] Ale76767 | connected
[23/10 05:04:17] [info] Ale76767 | fetched user data : active quests 
[23/10 05:04:17] [info] Ale76767 | fetching user quests : 
- user active quests : 
- filtered (non-cached) : 
[23/10 05:04:17] [info] Ale76767 | fetched user quests : 
[23/10 05:05:31] [info] Ale76767 | disposing user quests data : 
- must dispose quests
[23/10 05:05:31] [info] Ale76767 | disposed user data
[23/10 05:05:31] [info] Ale76767 | disconnected
[23/10 05:41:53] [info] Ale76767 | connected
[23/10 05:41:53] [info] Ale76767 | fetched user data : active quests 
[23/10 05:41:53] [info] Ale76767 | fetching user quests : 
- user active quests : 
- filtered (non-cached) : 
[23/10 05:41:53] [info] Ale76767 | fetched user quests : 
[23/10 05:47:03] [info] Ale76767 | disposing user quests data : 
- must dispose quests
[23/10 05:47:03] [info] Ale76767 | disposed user data
[23/10 05:47:03] [info] Ale76767 | disconnected
[23/10 07:29:59] [info] Ale76767 | connected
[23/10 07:29:59] [info] Ale76767 | fetched user data : active quests 
[23/10 07:29:59] [info] Ale76767 | fetching user quests : 
- user active quests : 
- filtered (non-cached) : 
[23/10 07:29:59] [info] Ale76767 | fetched user quests : 
[23/10 07:31:39] [info] Ale76767 | disposing user quests data : 
- must dispose quests
[23/10 07:31:39] [info] Ale76767 | disposed user data
[23/10 07:31:39] [info] Ale76767 | disconnected
[23/10 14:36:43] [info] Ale76767 | connected
[23/10 14:36:43] [info] Ale76767 | fetched user data : active quests 
[23/10 14:36:43] [info] Ale76767 | fetching user quests : 
- user active quests : 
- filtered (non-cached) : 
[23/10 14:36:43] [info] Ale76767 | fetched user quests : 
[23/10 15:06:14] [info] Ale76767 | disposing user quests data : 
- must dispose quests
[23/10 15:06:14] [info] Ale76767 | disposed user data
[23/10 15:06:14] [info] Ale76767 | disconnected
[23/10 15:31:09] [info] Ale76767 | connected
[23/10 15:31:09] [info] Ale76767 | fetched user data : active quests 
[23/10 15:31:09] [info] Ale76767 | fetching user quests : 
- user active quests : 
- filtered (non-cached) : 
[23/10 15:31:09] [info] Ale76767 | fetched user quests : 
[23/10 15:34:25] [info] Ale76767 | disposing user quests data : 
- must dispose quests
[23/10 15:34:25] [info] Ale76767 | disposed user data
[23/10 15:34:25] [info] Ale76767 | disconnected
[23/10 16:09:49] [info] Ale76767 | connected
[23/10 16:09:49] [info] Ale76767 | fetched user data : active quests 
[23/10 16:09:49] [info] Ale76767 | fetching user quests : 
- user active quests : 
- filtered (non-cached) : 
[23/10 16:09:49] [info] Ale76767 | fetched user quests : 
[23/10 16:13:12] [info] Ale76767 | disposing user quests data : 
- must dispose quests
[23/10 16:13:12] [info] Ale76767 | disposed user data
[23/10 16:13:12] [info] Ale76767 | disconnected
[23/10 16:15:07] [info] Ale76767 | connected
[23/10 16:15:07] [info] Ale76767 | fetched user data : active quests 
[23/10 16:15:07] [info] Ale76767 | fetching user quests : 
- user active quests : 
- filtered (non-cached) : 
[23/10 16:15:07] [info] Ale76767 | fetched user quests : 
[23/10 16:31:53] [info] Ale76767 | disposing user quests data : 
- must dispose quests
[23/10 16:31:53] [info] Ale76767 | disposed user data
[23/10 16:31:53] [info] Ale76767 | disconnected
[23/10 16:59:21] [info] Ale76767 | connected
[23/10 16:59:21] [info] Ale76767 | fetched user data : active quests 
[23/10 16:59:21] [info] Ale76767 | fetching user quests : 
- user active quests : 
- filtered (non-cached) : 
[23/10 16:59:21] [info] Ale76767 | fetched user quests : 
[23/10 17:24:37] [info] Ale76767 | disposing user quests data : 
- must dispose quests
[23/10 17:24:37] [info] Ale76767 | disposed user data
[23/10 17:24:37] [info] Ale76767 | disconnected
[23/10 17:24:42] [info] Ale76767 | connected
[23/10 17:24:42] [info] Ale76767 | fetched user data : active quests 
[23/10 17:24:42] [info] Ale76767 | fetching user quests : 
- user active quests : 
- filtered (non-cached) : 
[23/10 17:24:42] [info] Ale76767 | fetched user quests : 
[23/10 18:29:41] [info] Ale76767 | disposing user quests data : 
- must dispose quests
[23/10 18:29:41] [info] Ale76767 | disposed user data
[23/10 18:29:41] [info] Ale76767 | disconnected
[24/10 17:44:14] [info] Ale76767 | connected
[24/10 17:44:15] [info] Ale76767 | fetched user data : active quests 
[24/10 17:44:15] [info] Ale76767 | fetching user quests : 
- user active quests : 
- filtered (non-cached) : 
[24/10 17:44:15] [info] Ale76767 | fetched user quests : 
[24/10 17:52:07] [info] Ale76767 | disposing user quests data : 
- must dispose quests
[24/10 17:52:07] [info] Ale76767 | disposed user data
[24/10 17:52:07] [info] Ale76767 | disconnected
