[22/10 07:27:57] [info] asuna2502 | connected
[22/10 07:27:57] [info] asuna2502 | fetched user data : no value ; created it
[22/10 07:27:57] [info] asuna2502 | pushing user fe32040d-6d34-360f-881f-b3c0a5154568, active quests : 
[22/10 07:27:57] [info] asuna2502 | fetching user quests : 
- user active quests : 
- filtered (non-cached) : 
[22/10 07:27:57] [info] asuna2502 | fetched user quests : 
[22/10 07:33:53] [info] asuna2502 | disposing user quests data : 
- must dispose quests
[22/10 07:33:53] [info] asuna2502 | disposed user data
[22/10 07:33:53] [info] asuna2502 | disconnected
[22/10 20:34:22] [info] asuna2502 | connected
[22/10 20:34:22] [info] asuna2502 | fetched user data : active quests 
[22/10 20:34:22] [info] asuna2502 | fetching user quests : 
- user active quests : 
- filtered (non-cached) : 
[22/10 20:34:22] [info] asuna2502 | fetched user quests : 
[22/10 20:38:20] [info] asuna2502 | disposing user quests data : 
- must dispose quests
[22/10 20:38:20] [info] asuna2502 | disposed user data
[22/10 20:38:20] [info] asuna2502 | disconnected
[23/10 07:31:22] [info] asuna2502 | connected
[23/10 07:31:22] [info] asuna2502 | fetched user data : active quests 
[23/10 07:31:22] [info] asuna2502 | fetching user quests : 
- user active quests : 
- filtered (non-cached) : 
[23/10 07:31:22] [info] asuna2502 | fetched user quests : 
[23/10 07:33:22] [info] asuna2502 | disposing user quests data : 
- must dispose quests
[23/10 07:33:22] [info] asuna2502 | disposed user data
[23/10 07:33:22] [info] asuna2502 | disconnected
[23/10 07:34:30] [info] asuna2502 | connected
[23/10 07:34:30] [info] asuna2502 | fetched user data : active quests 
[23/10 07:34:30] [info] asuna2502 | fetching user quests : 
- user active quests : 
- filtered (non-cached) : 
[23/10 07:34:30] [info] asuna2502 | fetched user quests : 
[23/10 07:36:30] [info] asuna2502 | disposing user quests data : 
- must dispose quests
[23/10 07:36:30] [info] asuna2502 | disposed user data
[23/10 07:36:30] [info] asuna2502 | disconnected
[23/10 07:43:48] [info] asuna2502 | connected
[23/10 07:43:48] [info] asuna2502 | fetched user data : active quests 
[23/10 07:43:48] [info] asuna2502 | fetching user quests : 
- user active quests : 
- filtered (non-cached) : 
[23/10 07:43:48] [info] asuna2502 | fetched user quests : 
[23/10 07:45:45] [info] asuna2502 | disposing user quests data : 
- must dispose quests
[23/10 07:45:45] [info] asuna2502 | disposed user data
[23/10 07:45:45] [info] asuna2502 | disconnected
[23/10 07:46:21] [info] asuna2502 | connected
[23/10 07:46:21] [info] asuna2502 | fetched user data : active quests 
[23/10 07:46:21] [info] asuna2502 | fetching user quests : 
- user active quests : 
- filtered (non-cached) : 
[23/10 07:46:21] [info] asuna2502 | fetched user quests : 
[23/10 07:48:23] [info] asuna2502 | disposing user quests data : 
- must dispose quests
[23/10 07:48:23] [info] asuna2502 | disposed user data
[23/10 07:48:23] [info] asuna2502 | disconnected
[23/10 07:53:24] [info] asuna2502 | connected
[23/10 07:53:25] [info] asuna2502 | fetched user data : active quests 
[23/10 07:53:25] [info] asuna2502 | fetching user quests : 
- user active quests : 
- filtered (non-cached) : 
[23/10 07:53:25] [info] asuna2502 | fetched user quests : 
[23/10 07:55:31] [info] asuna2502 | disposing user quests data : 
- must dispose quests
[23/10 07:55:31] [info] asuna2502 | disposed user data
[23/10 07:55:31] [info] asuna2502 | disconnected
[23/10 07:56:22] [info] asuna2502 | connected
[23/10 07:56:22] [info] asuna2502 | fetched user data : active quests 
[23/10 07:56:22] [info] asuna2502 | fetching user quests : 
- user active quests : 
- filtered (non-cached) : 
[23/10 07:56:22] [info] asuna2502 | fetched user quests : 
[23/10 08:00:37] [info] asuna2502 | disposing user quests data : 
- must dispose quests
[23/10 08:00:37] [info] asuna2502 | disposed user data
[23/10 08:00:37] [info] asuna2502 | disconnected
[23/10 08:01:39] [info] asuna2502 | connected
[23/10 08:01:39] [info] asuna2502 | fetched user data : active quests 
[23/10 08:01:39] [info] asuna2502 | fetching user quests : 
- user active quests : 
- filtered (non-cached) : 
[23/10 08:01:39] [info] asuna2502 | fetched user quests : 
[23/10 08:02:39] [info] asuna2502 | disposing user quests data : 
- must dispose quests
[23/10 08:02:39] [info] asuna2502 | disposed user data
[23/10 08:02:39] [info] asuna2502 | disconnected
[23/10 08:07:59] [info] asuna2502 | connected
[23/10 08:07:59] [info] asuna2502 | fetched user data : active quests 
[23/10 08:07:59] [info] asuna2502 | fetching user quests : 
- user active quests : 
- filtered (non-cached) : 
[23/10 08:07:59] [info] asuna2502 | fetched user quests : 
[23/10 08:09:14] [info] asuna2502 | disposing user quests data : 
- must dispose quests
[23/10 08:09:14] [info] asuna2502 | disposed user data
[23/10 08:09:14] [info] asuna2502 | disconnected
[23/10 08:10:28] [info] asuna2502 | connected
[23/10 08:10:28] [info] asuna2502 | fetched user data : active quests 
[23/10 08:10:28] [info] asuna2502 | fetching user quests : 
- user active quests : 
- filtered (non-cached) : 
[23/10 08:10:28] [info] asuna2502 | fetched user quests : 
[23/10 08:12:28] [info] asuna2502 | disposing user quests data : 
- must dispose quests
[23/10 08:12:28] [info] asuna2502 | disposed user data
[23/10 08:12:28] [info] asuna2502 | disconnected
[23/10 16:54:43] [info] asuna2502 | connected
[23/10 16:54:43] [info] asuna2502 | fetched user data : active quests 
[23/10 16:54:43] [info] asuna2502 | fetching user quests : 
- user active quests : 
- filtered (non-cached) : 
[23/10 16:54:43] [info] asuna2502 | fetched user quests : 
[23/10 17:07:25] [info] asuna2502 | disposing user quests data : 
- must dispose quests
[23/10 17:07:25] [info] asuna2502 | disposed user data
[23/10 17:07:25] [info] asuna2502 | disconnected
